12:03:34.124 [http-nio-8080-exec-5] INFO  c.l.manage.config.TokenInterceptor - TokenInterceptor:97452635d81043bf5e9d86610275e0d1
12:03:34.130 [http-nio-8080-exec-6] INFO  c.l.manage.config.TokenInterceptor - TokenInterceptor:97452635d81043bf5e9d86610275e0d1
12:03:34.330 [http-nio-8080-exec-5] INFO  c.l.manage.config.ServiceLogAspect - [ID30][getMerchantConsumer] web request>>:[["97452635d81043bf5e9d86610275e0d1",1]]
12:03:34.332 [http-nio-8080-exec-6] INFO  c.l.manage.config.ServiceLogAspect - [ID31][listConsumerWalletTransactionPaging] web request>>:[[1,null,null,0,10]]
12:03:36.620 [http-nio-8080-exec-6] INFO  c.l.manage.config.ServiceLogAspect - [ID31][listConsumerWalletTransactionPaging] web response>>:[{"code":0,"data":{"content":[{"addAmount":123,"afterBalance":123,"beforeBalance":0,"consumerId":1,"ctime":1561262075000,"mtime":1561262075000,"operatorCreate":"18301900685","operatorUpdate":"18301900685","walletId":1}],"first":true,"last":true,"number":0,"numberOfElements":1,"size":0,"totalElements":1,"totalPages":1},"msg":"SUCCESS"}]
12:03:37.823 [http-nio-8080-exec-5] INFO  c.l.manage.config.ServiceLogAspect - [ID30][getMerchantConsumer] web response>>:[{"code":0,"data":{"balance":123,"consumerCellphone":"18301900685","consumerEmail":"include_lihebin@163.com","consumerName":"test","consumerWechat":"18301900685","ctime":1561261055000,"id":1,"merchantId":1,"mtime":1561261055000,"walletCtime":1561261055000,"walletId":1,"walletMtime":1561262075000},"msg":"SUCCESS"}]
12:03:52.363 [http-nio-8080-exec-9] INFO  c.l.manage.config.TokenInterceptor - TokenInterceptor:97452635d81043bf5e9d86610275e0d1
12:03:52.365 [http-nio-8080-exec-10] INFO  c.l.manage.config.TokenInterceptor - TokenInterceptor:97452635d81043bf5e9d86610275e0d1
12:03:52.481 [http-nio-8080-exec-9] INFO  c.l.manage.config.ServiceLogAspect - [ID34][getMerchantConsumer] web request>>:[["97452635d81043bf5e9d86610275e0d1",1]]
12:03:52.486 [http-nio-8080-exec-10] INFO  c.l.manage.config.ServiceLogAspect - [ID35][listConsumerWalletTransactionPaging] web request>>:[[1,null,null,0,10]]
12:03:52.768 [http-nio-8080-exec-10] INFO  c.l.manage.config.ServiceLogAspect - [ID35][listConsumerWalletTransactionPaging] web response>>:[{"code":0,"data":{"content":[{"addAmount":123,"afterBalance":123,"beforeBalance":0,"consumerId":1,"ctime":1561262075000,"mtime":1561262075000,"operatorCreate":"18301900685","operatorUpdate":"18301900685","walletId":1}],"first":true,"last":true,"number":0,"numberOfElements":1,"size":0,"totalElements":1,"totalPages":1},"msg":"SUCCESS"}]
12:03:52.966 [http-nio-8080-exec-9] INFO  c.l.manage.config.ServiceLogAspect - [ID34][getMerchantConsumer] web response>>:[{"code":0,"data":{"balance":123,"consumerCellphone":"18301900685","consumerEmail":"include_lihebin@163.com","consumerName":"test","consumerWechat":"18301900685","ctime":1561261055000,"id":1,"merchantId":1,"mtime":1561261055000,"walletCtime":1561261055000,"walletId":1,"walletMtime":1561262075000},"msg":"SUCCESS"}]
12:06:06.082 [http-nio-8080-exec-6] INFO  c.l.manage.config.TokenInterceptor - TokenInterceptor:97452635d81043bf5e9d86610275e0d1
12:06:06.083 [http-nio-8080-exec-5] INFO  c.l.manage.config.TokenInterceptor - TokenInterceptor:97452635d81043bf5e9d86610275e0d1
12:06:06.281 [http-nio-8080-exec-5] INFO  c.l.manage.config.ServiceLogAspect - [ID30][listConsumerWalletTransactionPaging] web request>>:[[1,null,null,0,10]]
12:06:06.301 [http-nio-8080-exec-6] INFO  c.l.manage.config.ServiceLogAspect - [ID31][getMerchantConsumer] web request>>:[["97452635d81043bf5e9d86610275e0d1",1]]
12:06:06.644 [http-nio-8080-exec-5] INFO  c.l.manage.config.ServiceLogAspect - [ID30][listConsumerWalletTransactionPaging] web response>>:[{"code":0,"data":{"content":[{"addAmount":123,"afterBalance":123,"beforeBalance":0,"consumerId":1,"ctime":1561262075000,"mtime":1561262075000,"operatorCreate":"18301900685","operatorUpdate":"18301900685","walletId":1}],"first":true,"last":true,"number":0,"numberOfElements":1,"size":0,"totalElements":1,"totalPages":1},"msg":"SUCCESS"}]
12:06:06.794 [http-nio-8080-exec-6] INFO  c.l.manage.config.ServiceLogAspect - [ID31][getMerchantConsumer] web response>>:[{"code":0,"data":{"balance":123,"consumerCellphone":"18301900685","consumerEmail":"include_lihebin@163.com","consumerName":"test","consumerWechat":"18301900685","ctime":1561261055000,"id":1,"merchantId":1,"mtime":1561261055000,"walletCtime":1561261055000,"walletId":1,"walletMtime":1561262075000},"msg":"SUCCESS"}]
12:06:25.575 [http-nio-8080-exec-8] INFO  c.l.manage.config.TokenInterceptor - TokenInterceptor:97452635d81043bf5e9d86610275e0d1
12:06:25.713 [http-nio-8080-exec-8] INFO  c.l.manage.config.ServiceLogAspect - [ID33][rechargeMerchantConsumerBalance] web request>>:[["97452635d81043bf5e9d86610275e0d1",{"amount":23321,"consumerId":1,"remark":"test","walletId":1}]]
12:06:26.144 [http-nio-8080-exec-8] INFO  c.l.manage.config.ServiceLogAspect - [ID33][rechargeMerchantConsumerBalance] web response>>:[{"code":0,"data":{"balance":23444,"id":1},"msg":"SUCCESS"}]
12:06:26.168 [http-nio-8080-exec-9] INFO  c.l.manage.config.TokenInterceptor - TokenInterceptor:97452635d81043bf5e9d86610275e0d1
12:06:26.299 [http-nio-8080-exec-9] INFO  c.l.manage.config.ServiceLogAspect - [ID34][listConsumerWalletTransactionPaging] web request>>:[[1,null,null,0,10]]
12:06:26.580 [http-nio-8080-exec-9] INFO  c.l.manage.config.ServiceLogAspect - [ID34][listConsumerWalletTransactionPaging] web response>>:[{"code":0,"data":{"content":[{"addAmount":23321,"afterBalance":23444,"beforeBalance":123,"consumerId":1,"ctime":1561262786000,"mtime":1561262786000,"operatorCreate":"18301900685","operatorUpdate":"18301900685","walletId":1},{"addAmount":123,"afterBalance":123,"beforeBalance":0,"consumerId":1,"ctime":1561262075000,"mtime":1561262075000,"operatorCreate":"18301900685","operatorUpdate":"18301900685","walletId":1}],"first":true,"last":true,"number":0,"numberOfElements":2,"size":0,"totalElements":2,"totalPages":1},"msg":"SUCCESS"}]
12:06:33.304 [Thread-5] INFO  o.s.b.c.e.AnnotationConfigEmbeddedWebApplicationContext - Closing org.springframework.boot.context.embedded.AnnotationConfigEmbeddedWebApplicationContext@22f59fa: startup date [Sun Jun 23 11:54:11 CST 2019]; root of context hierarchy
12:06:33.305 [Thread-5] INFO  o.s.c.s.DefaultLifecycleProcessor - Stopping beans in phase 2147483647
12:06:33.305 [Thread-5] INFO  o.s.c.s.DefaultLifecycleProcessor - Stopping beans in phase 0
12:06:33.306 [Thread-5] INFO  o.s.j.e.a.AnnotationMBeanExporter - Unregistering JMX-exposed beans on shutdown
12:06:33.306 [Thread-5] INFO  o.s.j.e.a.AnnotationMBeanExporter - Unregistering JMX-exposed beans
12:06:33.309 [Thread-5] INFO  o.s.o.j.LocalContainerEntityManagerFactoryBean - Closing JPA EntityManagerFactory for persistence unit 'userPersistenceUnit'
12:06:33.310 [Thread-5] INFO  o.s.o.j.LocalContainerEntityManagerFactoryBean - Closing JPA EntityManagerFactory for persistence unit 'managePersistenceUnit'
12:06:33.313 [Thread-5] INFO  c.alibaba.druid.pool.DruidDataSource - {dataSource-1} closed
12:06:40.356 [main] INFO  com.lihebin.manage.Application - Starting Application on lihebindembp with PID 72641 (/Users/lihebin/github/merchant-manage-backend/manage-war/target/classes started by lihebin in /Users/lihebin/github/merchant-manage-backend)
12:06:40.376 [main] INFO  com.lihebin.manage.Application - The following profiles are active: test
12:06:40.534 [main] INFO  o.s.b.c.e.AnnotationConfigEmbeddedWebApplicationContext - Refreshing org.springframework.boot.context.embedded.AnnotationConfigEmbeddedWebApplicationContext@22f59fa: startup date [Sun Jun 23 12:06:40 CST 2019]; root of context hierarchy
12:06:41.346 [main] INFO  o.s.d.r.c.RepositoryConfigurationDelegate - Multiple Spring Data modules found, entering strict repository configuration mode!
12:06:41.387 [main] INFO  o.s.b.f.s.DefaultListableBeanFactory - Overriding bean definition for bean 'entityManager' with a different definition: replacing [Root bean: class [null]; scope=; abstract=false; lazyInit=false; autowireMode=3; dependencyCheck=0; autowireCandidate=true; primary=true; factoryBeanName=manageJpaConfig; factoryMethodName=entityManager; initMethodName=null; destroyMethodName=(inferred); defined in class path resource [com/lihebin/manage/config/ManageJpaConfig.class]] with [Root bean: class [null]; scope=; abstract=false; lazyInit=false; autowireMode=3; dependencyCheck=0; autowireCandidate=true; primary=false; factoryBeanName=userJpaConfig; factoryMethodName=entityManager; initMethodName=null; destroyMethodName=(inferred); defined in class path resource [com/lihebin/manage/config/UserJpaConfig.class]]
12:06:41.390 [main] INFO  o.s.d.r.c.RepositoryConfigurationDelegate - Multiple Spring Data modules found, entering strict repository configuration mode!
12:06:41.394 [main] INFO  o.s.b.f.xml.XmlBeanDefinitionReader - Loading XML bean definitions from file [/Users/lihebin/github/merchant-manage-backend/manage-war/target/classes/spring/interceptor-config.xml]
12:06:41.690 [main] INFO  o.s.d.r.c.RepositoryConfigurationDelegate - Multiple Spring Data modules found, entering strict repository configuration mode!
12:06:41.729 [main] INFO  o.s.d.r.c.RepositoryConfigurationExtensionSupport - Spring Data Redis - Could not safely identify store assignment for repository candidate interface com.lihebin.manage.dao.manage.MerchantConsumerDao.
12:06:41.731 [main] INFO  o.s.d.r.c.RepositoryConfigurationExtensionSupport - Spring Data Redis - Could not safely identify store assignment for repository candidate interface com.lihebin.manage.dao.manage.WalletAddTransactionDao.
12:06:41.732 [main] INFO  o.s.d.r.c.RepositoryConfigurationExtensionSupport - Spring Data Redis - Could not safely identify store assignment for repository candidate interface com.lihebin.manage.dao.manage.OrderDao.
12:06:41.733 [main] INFO  o.s.d.r.c.RepositoryConfigurationExtensionSupport - Spring Data Redis - Could not safely identify store assignment for repository candidate interface com.lihebin.manage.dao.manage.MerchantUserDao.
12:06:41.734 [main] INFO  o.s.d.r.c.RepositoryConfigurationExtensionSupport - Spring Data Redis - Could not safely identify store assignment for repository candidate interface com.lihebin.manage.dao.manage.MerchantDao.
12:06:41.735 [main] INFO  o.s.d.r.c.RepositoryConfigurationExtensionSupport - Spring Data Redis - Could not safely identify store assignment for repository candidate interface com.lihebin.manage.dao.manage.MerchantConsumerWalletDao.
12:06:42.241 [main] INFO  o.s.c.s.PostProcessorRegistrationDelegate$BeanPostProcessorChecker - Bean 'org.springframework.kafka.annotation.KafkaBootstrapConfiguration' of type [org.springframework.kafka.annotation.KafkaBootstrapConfiguration$$EnhancerBySpringCGLIB$$8a89b20b] is not eligible for getting processed by all BeanPostProcessors (for example: not eligible for auto-proxying)
12:06:43.387 [main] INFO  o.s.b.c.e.t.TomcatEmbeddedServletContainer - Tomcat initialized with port(s): 8080 (http)
12:06:43.406 [main] INFO  o.a.catalina.core.StandardService - Starting service [Tomcat]
12:06:43.408 [main] INFO  o.a.catalina.core.StandardEngine - Starting Servlet Engine: Apache Tomcat/8.5.23
12:06:43.572 [localhost-startStop-1] INFO  o.a.c.c.C.[Tomcat].[localhost].[/] - Initializing Spring embedded WebApplicationContext
12:06:43.572 [localhost-startStop-1] INFO  o.s.web.context.ContextLoader - Root WebApplicationContext: initialization completed in 3039 ms
12:06:43.900 [localhost-startStop-1] INFO  o.s.b.w.s.FilterRegistrationBean - Mapping filter: 'characterEncodingFilter' to: [/*]
12:06:43.901 [localhost-startStop-1] INFO  o.s.b.w.s.FilterRegistrationBean - Mapping filter: 'corsFilter' to: [/*]
12:06:43.902 [localhost-startStop-1] INFO  o.s.b.w.s.ServletRegistrationBean - Mapping servlet: 'dispatcherServlet' to [/]
12:06:47.359 [main] INFO  c.alibaba.druid.pool.DruidDataSource - {dataSource-1} inited
12:06:47.416 [main] INFO  o.s.o.j.LocalContainerEntityManagerFactoryBean - Building JPA container EntityManagerFactory for persistence unit 'managePersistenceUnit'
12:06:47.437 [main] INFO  o.h.jpa.internal.util.LogHelper - HHH000204: Processing PersistenceUnitInfo [
	name: managePersistenceUnit
	...]
12:06:47.525 [main] INFO  org.hibernate.Version - HHH000412: Hibernate Core {5.0.12.Final}
12:06:47.527 [main] INFO  org.hibernate.cfg.Environment - HHH000206: hibernate.properties not found
12:06:47.528 [main] INFO  org.hibernate.cfg.Environment - HHH000021: Bytecode provider name : javassist
12:06:47.584 [main] INFO  o.h.annotations.common.Version - HCANN000001: Hibernate Commons Annotations {5.0.1.Final}
12:06:47.771 [main] INFO  org.hibernate.dialect.Dialect - HHH000400: Using dialect: org.hibernate.dialect.MySQL5Dialect
12:06:48.087 [main] WARN  o.h.b.i.SessionFactoryBuilderImpl - Unrecognized hbm2ddl_auto value : none.  Supported values include create, create-drop, update, and validate.  Ignoring
12:06:48.608 [main] INFO  o.s.o.j.LocalContainerEntityManagerFactoryBean - Initialized JPA EntityManagerFactory for persistence unit 'managePersistenceUnit'
12:06:48.634 [main] INFO  o.s.o.j.LocalContainerEntityManagerFactoryBean - Building JPA container EntityManagerFactory for persistence unit 'userPersistenceUnit'
12:06:48.635 [main] INFO  o.h.jpa.internal.util.LogHelper - HHH000204: Processing PersistenceUnitInfo [
	name: userPersistenceUnit
	...]
12:06:48.646 [main] INFO  org.hibernate.dialect.Dialect - HHH000400: Using dialect: org.hibernate.dialect.MySQL5Dialect
12:06:48.667 [main] WARN  o.h.b.i.SessionFactoryBuilderImpl - Unrecognized hbm2ddl_auto value : none.  Supported values include create, create-drop, update, and validate.  Ignoring
12:06:48.725 [main] INFO  o.s.o.j.LocalContainerEntityManagerFactoryBean - Initialized JPA EntityManagerFactory for persistence unit 'userPersistenceUnit'
12:06:49.909 [main] INFO  o.s.w.s.m.m.a.RequestMappingHandlerMapping - Mapped "{[/api/merchant/listMerchantConsumerPaging],methods=[GET]}" onto public com.lihebin.manage.bean.Result com.lihebin.manage.web.MerchantController.listMerchantConsumerPaging(java.lang.String,java.lang.String,java.util.Date,java.util.Date,java.lang.String,int,int)
12:06:49.911 [main] INFO  o.s.w.s.m.m.a.RequestMappingHandlerMapping - Mapped "{[/api/merchant/addMerchant],methods=[POST],produces=[application/json;charset=UTF-8]}" onto public com.lihebin.manage.bean.Result com.lihebin.manage.web.MerchantController.addMerchant(com.lihebin.manage.bean.MerchantNew)
12:06:49.912 [main] INFO  o.s.w.s.m.m.a.RequestMappingHandlerMapping - Mapped "{[/api/merchant/updateMerchant],methods=[POST],produces=[application/json;charset=UTF-8]}" onto public com.lihebin.manage.bean.Result com.lihebin.manage.web.MerchantController.updateMerchant(com.lihebin.manage.bean.MerchantUpdate)
12:06:49.912 [main] INFO  o.s.w.s.m.m.a.RequestMappingHandlerMapping - Mapped "{[/api/merchant/deleteMerchantConsumer/{id:\d+}],methods=[DELETE]}" onto public com.lihebin.manage.bean.Result com.lihebin.manage.web.MerchantController.deleteMerchantConsumer(java.lang.String,long)
12:06:49.912 [main] INFO  o.s.w.s.m.m.a.RequestMappingHandlerMapping - Mapped "{[/api/merchant/getMerchantConsumer],methods=[GET]}" onto public com.lihebin.manage.bean.Result com.lihebin.manage.web.MerchantController.getMerchantConsumer(java.lang.String,java.lang.Long)
12:06:49.912 [main] INFO  o.s.w.s.m.m.a.RequestMappingHandlerMapping - Mapped "{[/api/merchant/addMerchantConsumer],methods=[POST],produces=[application/json;charset=UTF-8]}" onto public com.lihebin.manage.bean.Result com.lihebin.manage.web.MerchantController.addMerchantConsumer(java.lang.String,com.lihebin.manage.bean.MerchantConsumerAdd)
12:06:49.913 [main] INFO  o.s.w.s.m.m.a.RequestMappingHandlerMapping - Mapped "{[/api/merchant/updateMerchantConsumer],methods=[POST],produces=[application/json;charset=UTF-8]}" onto public com.lihebin.manage.bean.Result com.lihebin.manage.web.MerchantController.updateMerchantConsumer(java.lang.String,com.lihebin.manage.bean.MerchantConsumerUpdate)
12:06:49.913 [main] INFO  o.s.w.s.m.m.a.RequestMappingHandlerMapping - Mapped "{[/api/merchant/rechargeMerchantConsumerBalance],methods=[POST],produces=[application/json;charset=UTF-8]}" onto public com.lihebin.manage.bean.Result com.lihebin.manage.web.MerchantController.rechargeMerchantConsumerBalance(java.lang.String,com.lihebin.manage.bean.ConsumerBalanceReCharge)
12:06:49.914 [main] INFO  o.s.w.s.m.m.a.RequestMappingHandlerMapping - Mapped "{[/api/merchant/listConsumerWalletTransactionPaging/{consumerId:\d+}],methods=[GET]}" onto public com.lihebin.manage.bean.Result com.lihebin.manage.web.MerchantController.listConsumerWalletTransactionPaging(long,java.util.Date,java.util.Date,int,int)
12:06:49.916 [main] INFO  o.s.w.s.m.m.a.RequestMappingHandlerMapping - Mapped "{[/user/api/check],methods=[GET]}" onto public com.lihebin.manage.bean.Result com.lihebin.manage.web.MerchantUserController.checkToken()
12:06:49.917 [main] INFO  o.s.w.s.m.m.a.RequestMappingHandlerMapping - Mapped "{[/user/login],methods=[POST],produces=[application/json;charset=UTF-8]}" onto public com.lihebin.manage.bean.Result com.lihebin.manage.web.MerchantUserController.login(com.lihebin.manage.bean.Login)
12:06:49.917 [main] INFO  o.s.w.s.m.m.a.RequestMappingHandlerMapping - Mapped "{[/user/logout],methods=[GET]}" onto public com.lihebin.manage.bean.Result com.lihebin.manage.web.MerchantUserController.logout(java.lang.String)
12:06:49.925 [main] INFO  o.s.w.s.m.m.a.RequestMappingHandlerMapping - Mapped "{[/error]}" onto public org.springframework.http.ResponseEntity<java.util.Map<java.lang.String, java.lang.Object>> org.springframework.boot.autoconfigure.web.BasicErrorController.error(javax.servlet.http.HttpServletRequest)
12:06:49.926 [main] INFO  o.s.w.s.m.m.a.RequestMappingHandlerMapping - Mapped "{[/error],produces=[text/html]}" onto public org.springframework.web.servlet.ModelAndView org.springframework.boot.autoconfigure.web.BasicErrorController.errorHtml(javax.servlet.http.HttpServletRequest,javax.servlet.http.HttpServletResponse)
12:06:50.082 [main] INFO  o.s.w.s.m.m.a.RequestMappingHandlerAdapter - Looking for @ControllerAdvice: org.springframework.boot.context.embedded.AnnotationConfigEmbeddedWebApplicationContext@22f59fa: startup date [Sun Jun 23 12:06:40 CST 2019]; root of context hierarchy
12:06:50.208 [main] INFO  o.s.w.s.m.m.a.ExceptionHandlerExceptionResolver - Detected @ExceptionHandler methods in exceptionHandle
12:06:51.613 [main] INFO  o.s.j.e.a.AnnotationMBeanExporter - Registering beans for JMX exposure on startup
12:06:51.615 [main] INFO  o.s.j.e.a.AnnotationMBeanExporter - Bean with name 'userDataSource' has been autodetected for JMX exposure
12:06:51.616 [main] INFO  o.s.j.e.a.AnnotationMBeanExporter - Bean with name 'manageDataSource' has been autodetected for JMX exposure
12:06:51.623 [main] INFO  o.s.j.e.a.AnnotationMBeanExporter - Located MBean 'userDataSource': registering with JMX server as MBean [com.alibaba.druid.pool:name=userDataSource,type=DruidDataSource]
12:06:51.624 [main] INFO  o.s.j.e.a.AnnotationMBeanExporter - Located MBean 'manageDataSource': registering with JMX server as MBean [com.alibaba.druid.pool:name=manageDataSource,type=DruidDataSource]
12:06:51.629 [main] INFO  o.s.c.s.DefaultLifecycleProcessor - Starting beans in phase 2147483647
12:06:51.714 [main] INFO  o.s.b.c.e.t.TomcatEmbeddedServletContainer - Tomcat started on port(s): 8080 (http)
12:06:51.723 [main] INFO  com.lihebin.manage.Application - Started Application in 11.881 seconds (JVM running for 12.549)
12:08:24.059 [http-nio-8080-exec-2] INFO  o.a.c.c.C.[Tomcat].[localhost].[/] - Initializing Spring FrameworkServlet 'dispatcherServlet'
12:08:24.060 [http-nio-8080-exec-2] INFO  o.s.web.servlet.DispatcherServlet - FrameworkServlet 'dispatcherServlet': initialization started
12:08:24.103 [http-nio-8080-exec-2] INFO  o.s.web.servlet.DispatcherServlet - FrameworkServlet 'dispatcherServlet': initialization completed in 42 ms
12:08:24.169 [http-nio-8080-exec-4] INFO  c.l.manage.config.TokenInterceptor - TokenInterceptor:97452635d81043bf5e9d86610275e0d1
12:08:24.170 [http-nio-8080-exec-3] INFO  c.l.manage.config.TokenInterceptor - TokenInterceptor:97452635d81043bf5e9d86610275e0d1
12:08:24.551 [http-nio-8080-exec-3] INFO  c.l.manage.config.ServiceLogAspect - [ID28][listConsumerWalletTransactionPaging] web request>>:[[1,null,null,0,10]]
12:08:24.551 [http-nio-8080-exec-4] INFO  c.l.manage.config.ServiceLogAspect - [ID29][getMerchantConsumer] web request>>:[["97452635d81043bf5e9d86610275e0d1",1]]
12:08:24.727 [http-nio-8080-exec-3] INFO  o.h.h.i.QueryTranslatorFactoryInitiator - HHH000397: Using ASTQueryTranslatorFactory
12:08:25.363 [http-nio-8080-exec-4] INFO  c.l.manage.config.ServiceLogAspect - [ID29][getMerchantConsumer] web response>>:[{"code":0,"data":{"balance":23444,"consumerCellphone":"18301900685","consumerEmail":"include_lihebin@163.com","consumerName":"test","consumerWechat":"18301900685","ctime":1561261055000,"id":1,"merchantId":1,"mtime":1561261055000,"walletCtime":1561261055000,"walletId":1,"walletMtime":1561262786000},"msg":"SUCCESS"}]
12:08:25.367 [http-nio-8080-exec-3] INFO  c.l.manage.config.ServiceLogAspect - [ID28][listConsumerWalletTransactionPaging] web response>>:[{"code":0,"data":{"content":[{"addAmount":23321,"afterBalance":23444,"beforeBalance":123,"consumerId":1,"ctime":1561262786000,"mtime":1561262786000,"operatorCreate":"18301900685","operatorUpdate":"18301900685","walletId":1},{"addAmount":123,"afterBalance":123,"beforeBalance":0,"consumerId":1,"ctime":1561262075000,"mtime":1561262075000,"operatorCreate":"18301900685","operatorUpdate":"18301900685","walletId":1}],"first":true,"last":true,"number":0,"numberOfElements":2,"size":0,"totalElements":2,"totalPages":1},"msg":"SUCCESS"}]
12:08:43.396 [http-nio-8080-exec-6] INFO  c.l.manage.config.TokenInterceptor - TokenInterceptor:97452635d81043bf5e9d86610275e0d1
12:08:43.567 [http-nio-8080-exec-6] INFO  c.l.manage.config.ServiceLogAspect - [ID31][rechargeMerchantConsumerBalance] web request>>:[["97452635d81043bf5e9d86610275e0d1",{"amount":12,"consumerId":1,"remark":"test","walletId":1}]]
12:08:44.060 [http-nio-8080-exec-6] INFO  c.l.manage.config.ServiceLogAspect - [ID31][rechargeMerchantConsumerBalance] web response>>:[{"code":0,"data":{"balance":23456,"id":1},"msg":"SUCCESS"}]
12:08:44.104 [http-nio-8080-exec-8] INFO  c.l.manage.config.TokenInterceptor - TokenInterceptor:97452635d81043bf5e9d86610275e0d1
12:08:44.222 [http-nio-8080-exec-8] INFO  c.l.manage.config.ServiceLogAspect - [ID33][listConsumerWalletTransactionPaging] web request>>:[[1,null,null,0,10]]
12:08:44.505 [http-nio-8080-exec-8] INFO  c.l.manage.config.ServiceLogAspect - [ID33][listConsumerWalletTransactionPaging] web response>>:[{"code":0,"data":{"content":[{"addAmount":12,"afterBalance":23456,"beforeBalance":23444,"consumerId":1,"ctime":1561262924000,"mtime":1561262924000,"operatorCreate":"18301900685","operatorUpdate":"18301900685","remark":"test","walletId":1},{"addAmount":23321,"afterBalance":23444,"beforeBalance":123,"consumerId":1,"ctime":1561262786000,"mtime":1561262786000,"operatorCreate":"18301900685","operatorUpdate":"18301900685","walletId":1},{"addAmount":123,"afterBalance":123,"beforeBalance":0,"consumerId":1,"ctime":1561262075000,"mtime":1561262075000,"operatorCreate":"18301900685","operatorUpdate":"18301900685","walletId":1}],"first":true,"last":true,"number":0,"numberOfElements":3,"size":0,"totalElements":3,"totalPages":1},"msg":"SUCCESS"}]
12:09:52.449 [http-nio-8080-exec-4] INFO  c.l.manage.config.TokenInterceptor - TokenInterceptor:97452635d81043bf5e9d86610275e0d1
12:09:52.450 [http-nio-8080-exec-3] INFO  c.l.manage.config.TokenInterceptor - TokenInterceptor:97452635d81043bf5e9d86610275e0d1
12:09:52.568 [http-nio-8080-exec-4] INFO  c.l.manage.config.ServiceLogAspect - [ID29][getMerchantConsumer] web request>>:[["97452635d81043bf5e9d86610275e0d1",1]]
12:09:52.645 [http-nio-8080-exec-3] INFO  c.l.manage.config.ServiceLogAspect - [ID28][listConsumerWalletTransactionPaging] web request>>:[[1,null,null,0,10]]
12:09:52.963 [http-nio-8080-exec-3] INFO  c.l.manage.config.ServiceLogAspect - [ID28][listConsumerWalletTransactionPaging] web response>>:[{"code":0,"data":{"content":[{"addAmount":12,"afterBalance":23456,"beforeBalance":23444,"consumerId":1,"ctime":1561262924000,"mtime":1561262924000,"operatorCreate":"18301900685","operatorUpdate":"18301900685","remark":"test","walletId":1},{"addAmount":23321,"afterBalance":23444,"beforeBalance":123,"consumerId":1,"ctime":1561262786000,"mtime":1561262786000,"operatorCreate":"18301900685","operatorUpdate":"18301900685","walletId":1},{"addAmount":123,"afterBalance":123,"beforeBalance":0,"consumerId":1,"ctime":1561262075000,"mtime":1561262075000,"operatorCreate":"18301900685","operatorUpdate":"18301900685","walletId":1}],"first":true,"last":true,"number":0,"numberOfElements":3,"size":0,"totalElements":3,"totalPages":1},"msg":"SUCCESS"}]
12:09:53.038 [http-nio-8080-exec-4] INFO  c.l.manage.config.ServiceLogAspect - [ID29][getMerchantConsumer] web response>>:[{"code":0,"data":{"balance":23456,"consumerCellphone":"18301900685","consumerEmail":"include_lihebin@163.com","consumerName":"test","consumerWechat":"18301900685","ctime":1561261055000,"id":1,"merchantId":1,"mtime":1561261055000,"walletCtime":1561261055000,"walletId":1,"walletMtime":1561262924000},"msg":"SUCCESS"}]
12:10:12.410 [http-nio-8080-exec-6] INFO  c.l.manage.config.TokenInterceptor - TokenInterceptor:97452635d81043bf5e9d86610275e0d1
12:10:12.529 [http-nio-8080-exec-6] INFO  c.l.manage.config.ServiceLogAspect - [ID31][rechargeMerchantConsumerBalance] web request>>:[["97452635d81043bf5e9d86610275e0d1",{"amount":2132321,"consumerId":1,"remark":"22123","walletId":1}]]
12:10:12.934 [http-nio-8080-exec-6] INFO  c.l.manage.config.ServiceLogAspect - [ID31][rechargeMerchantConsumerBalance] web response>>:[{"code":0,"data":{"balance":2155777,"id":1},"msg":"SUCCESS"}]
12:10:12.962 [http-nio-8080-exec-8] INFO  c.l.manage.config.TokenInterceptor - TokenInterceptor:97452635d81043bf5e9d86610275e0d1
12:10:13.080 [http-nio-8080-exec-8] INFO  c.l.manage.config.ServiceLogAspect - [ID33][listConsumerWalletTransactionPaging] web request>>:[[1,null,null,0,10]]
12:10:13.355 [http-nio-8080-exec-8] INFO  c.l.manage.config.ServiceLogAspect - [ID33][listConsumerWalletTransactionPaging] web response>>:[{"code":0,"data":{"content":[{"addAmount":2132321,"afterBalance":2155777,"beforeBalance":23456,"consumerId":1,"ctime":1561263013000,"mtime":1561263013000,"operatorCreate":"18301900685","operatorUpdate":"18301900685","remark":"22123","walletId":1},{"addAmount":12,"afterBalance":23456,"beforeBalance":23444,"consumerId":1,"ctime":1561262924000,"mtime":1561262924000,"operatorCreate":"18301900685","operatorUpdate":"18301900685","remark":"test","walletId":1},{"addAmount":23321,"afterBalance":23444,"beforeBalance":123,"consumerId":1,"ctime":1561262786000,"mtime":1561262786000,"operatorCreate":"18301900685","operatorUpdate":"18301900685","walletId":1},{"addAmount":123,"afterBalance":123,"beforeBalance":0,"consumerId":1,"ctime":1561262075000,"mtime":1561262075000,"operatorCreate":"18301900685","operatorUpdate":"18301900685","walletId":1}],"first":true,"last":true,"number":0,"numberOfElements":4,"size":0,"totalElements":4,"totalPages":1},"msg":"SUCCESS"}]
12:10:31.683 [http-nio-8080-exec-1] INFO  c.l.manage.config.TokenInterceptor - TokenInterceptor:97452635d81043bf5e9d86610275e0d1
12:10:31.687 [http-nio-8080-exec-2] INFO  c.l.manage.config.TokenInterceptor - TokenInterceptor:97452635d81043bf5e9d86610275e0d1
12:10:31.803 [http-nio-8080-exec-1] INFO  c.l.manage.config.ServiceLogAspect - [ID26][getMerchantConsumer] web request>>:[["97452635d81043bf5e9d86610275e0d1",1]]
12:10:31.804 [http-nio-8080-exec-2] INFO  c.l.manage.config.ServiceLogAspect - [ID27][listConsumerWalletTransactionPaging] web request>>:[[1,null,null,0,10]]
12:10:32.082 [http-nio-8080-exec-2] INFO  c.l.manage.config.ServiceLogAspect - [ID27][listConsumerWalletTransactionPaging] web response>>:[{"code":0,"data":{"content":[{"addAmount":2132321,"afterBalance":2155777,"beforeBalance":23456,"consumerId":1,"ctime":1561263013000,"mtime":1561263013000,"operatorCreate":"18301900685","operatorUpdate":"18301900685","remark":"22123","walletId":1},{"addAmount":12,"afterBalance":23456,"beforeBalance":23444,"consumerId":1,"ctime":1561262924000,"mtime":1561262924000,"operatorCreate":"18301900685","operatorUpdate":"18301900685","remark":"test","walletId":1},{"addAmount":23321,"afterBalance":23444,"beforeBalance":123,"consumerId":1,"ctime":1561262786000,"mtime":1561262786000,"operatorCreate":"18301900685","operatorUpdate":"18301900685","walletId":1},{"addAmount":123,"afterBalance":123,"beforeBalance":0,"consumerId":1,"ctime":1561262075000,"mtime":1561262075000,"operatorCreate":"18301900685","operatorUpdate":"18301900685","walletId":1}],"first":true,"last":true,"number":0,"numberOfElements":4,"size":0,"totalElements":4,"totalPages":1},"msg":"SUCCESS"}]
12:10:32.243 [http-nio-8080-exec-1] INFO  c.l.manage.config.ServiceLogAspect - [ID26][getMerchantConsumer] web response>>:[{"code":0,"data":{"balance":2155777,"consumerCellphone":"18301900685","consumerEmail":"include_lihebin@163.com","consumerName":"test","consumerWechat":"18301900685","ctime":1561261055000,"id":1,"merchantId":1,"mtime":1561261055000,"walletCtime":1561261055000,"walletId":1,"walletMtime":1561263013000},"msg":"SUCCESS"}]
12:10:44.760 [http-nio-8080-exec-4] INFO  c.l.manage.config.TokenInterceptor - TokenInterceptor:97452635d81043bf5e9d86610275e0d1
12:10:44.888 [http-nio-8080-exec-4] INFO  c.l.manage.config.ServiceLogAspect - [ID29][rechargeMerchantConsumerBalance] web request>>:[["97452635d81043bf5e9d86610275e0d1",{"amount":123,"consumerId":1,"remark":"33232","walletId":1}]]
12:10:45.302 [http-nio-8080-exec-4] INFO  c.l.manage.config.ServiceLogAspect - [ID29][rechargeMerchantConsumerBalance] web response>>:[{"code":0,"data":{"balance":2155900,"id":1},"msg":"SUCCESS"}]
12:10:45.323 [http-nio-8080-exec-6] INFO  c.l.manage.config.TokenInterceptor - TokenInterceptor:97452635d81043bf5e9d86610275e0d1
12:10:45.441 [http-nio-8080-exec-6] INFO  c.l.manage.config.ServiceLogAspect - [ID31][listConsumerWalletTransactionPaging] web request>>:[[1,null,null,0,10]]
12:10:45.721 [http-nio-8080-exec-6] INFO  c.l.manage.config.ServiceLogAspect - [ID31][listConsumerWalletTransactionPaging] web response>>:[{"code":0,"data":{"content":[{"addAmount":123,"afterBalance":2155900,"beforeBalance":2155777,"consumerId":1,"ctime":1561263045000,"mtime":1561263045000,"operatorCreate":"18301900685","operatorUpdate":"18301900685","remark":"33232","walletId":1},{"addAmount":2132321,"afterBalance":2155777,"beforeBalance":23456,"consumerId":1,"ctime":1561263013000,"mtime":1561263013000,"operatorCreate":"18301900685","operatorUpdate":"18301900685","remark":"22123","walletId":1},{"addAmount":12,"afterBalance":23456,"beforeBalance":23444,"consumerId":1,"ctime":1561262924000,"mtime":1561262924000,"operatorCreate":"18301900685","operatorUpdate":"18301900685","remark":"test","walletId":1},{"addAmount":23321,"afterBalance":23444,"beforeBalance":123,"consumerId":1,"ctime":1561262786000,"mtime":1561262786000,"operatorCreate":"18301900685","operatorUpdate":"18301900685","walletId":1},{"addAmount":123,"afterBalance":123,"beforeBalance":0,"consumerId":1,"ctime":1561262075000,"mtime":1561262075000,"operatorCreate":"18301900685","operatorUpdate":"18301900685","walletId":1}],"first":true,"last":true,"number":0,"numberOfElements":5,"size":0,"totalElements":5,"totalPages":1},"msg":"SUCCESS"}]
12:14:27.136 [http-nio-8080-exec-1] INFO  c.l.manage.config.TokenInterceptor - TokenInterceptor:97452635d81043bf5e9d86610275e0d1
12:14:27.136 [http-nio-8080-exec-2] INFO  c.l.manage.config.TokenInterceptor - TokenInterceptor:97452635d81043bf5e9d86610275e0d1
12:14:27.337 [http-nio-8080-exec-2] INFO  c.l.manage.config.ServiceLogAspect - [ID27][listConsumerWalletTransactionPaging] web request>>:[[1,null,null,0,10]]
12:14:27.360 [http-nio-8080-exec-1] INFO  c.l.manage.config.ServiceLogAspect - [ID26][getMerchantConsumer] web request>>:[["97452635d81043bf5e9d86610275e0d1",1]]
12:14:27.659 [http-nio-8080-exec-2] INFO  c.l.manage.config.ServiceLogAspect - [ID27][listConsumerWalletTransactionPaging] web response>>:[{"code":0,"data":{"content":[{"addAmount":123,"afterBalance":2155900,"beforeBalance":2155777,"consumerId":1,"ctime":1561263045000,"mtime":1561263045000,"operatorCreate":"18301900685","operatorUpdate":"18301900685","remark":"33232","walletId":1},{"addAmount":2132321,"afterBalance":2155777,"beforeBalance":23456,"consumerId":1,"ctime":1561263013000,"mtime":1561263013000,"operatorCreate":"18301900685","operatorUpdate":"18301900685","remark":"22123","walletId":1},{"addAmount":12,"afterBalance":23456,"beforeBalance":23444,"consumerId":1,"ctime":1561262924000,"mtime":1561262924000,"operatorCreate":"18301900685","operatorUpdate":"18301900685","remark":"test","walletId":1},{"addAmount":23321,"afterBalance":23444,"beforeBalance":123,"consumerId":1,"ctime":1561262786000,"mtime":1561262786000,"operatorCreate":"18301900685","operatorUpdate":"18301900685","walletId":1},{"addAmount":123,"afterBalance":123,"beforeBalance":0,"consumerId":1,"ctime":1561262075000,"mtime":1561262075000,"operatorCreate":"18301900685","operatorUpdate":"18301900685","walletId":1}],"first":true,"last":true,"number":0,"numberOfElements":5,"size":0,"totalElements":5,"totalPages":1},"msg":"SUCCESS"}]
12:14:27.848 [http-nio-8080-exec-1] INFO  c.l.manage.config.ServiceLogAspect - [ID26][getMerchantConsumer] web response>>:[{"code":0,"data":{"balance":2155900,"consumerCellphone":"18301900685","consumerEmail":"include_lihebin@163.com","consumerName":"test","consumerWechat":"18301900685","ctime":1561261055000,"id":1,"merchantId":1,"mtime":1561261055000,"walletCtime":1561261055000,"walletId":1,"walletMtime":1561263045000},"msg":"SUCCESS"}]
12:14:50.415 [http-nio-8080-exec-4] INFO  c.l.manage.config.TokenInterceptor - TokenInterceptor:97452635d81043bf5e9d86610275e0d1
12:14:50.563 [http-nio-8080-exec-4] ERROR c.l.manage.exception.ExceptionHandle - 【系统异常】
org.springframework.http.converter.HttpMessageNotReadableException: JSON parse error: Can not construct instance of java.lang.Long from String value ("2adsasddas"): not a valid Long value; nested exception is com.fasterxml.jackson.databind.exc.InvalidFormatException: Can not construct instance of java.lang.Long from String value ("2adsasddas"): not a valid Long value
 at [Source: java.io.PushbackInputStream@7771d165; line: 1, column: 39] (through reference chain: com.lihebin.manage.bean.ConsumerBalanceReCharge["amount"])
	at org.springframework.http.converter.json.AbstractJackson2HttpMessageConverter.readJavaType(AbstractJackson2HttpMessageConverter.java:238)
	at org.springframework.http.converter.json.AbstractJackson2HttpMessageConverter.read(AbstractJackson2HttpMessageConverter.java:223)
	at org.springframework.web.servlet.mvc.method.annotation.AbstractMessageConverterMethodArgumentResolver.readWithMessageConverters(AbstractMessageConverterMethodArgumentResolver.java:201)
	at org.springframework.web.servlet.mvc.method.annotation.RequestResponseBodyMethodProcessor.readWithMessageConverters(RequestResponseBodyMethodProcessor.java:150)
	at org.springframework.web.servlet.mvc.method.annotation.RequestResponseBodyMethodProcessor.resolveArgument(RequestResponseBodyMethodProcessor.java:128)
	at org.springframework.web.method.support.HandlerMethodArgumentResolverComposite.resolveArgument(HandlerMethodArgumentResolverComposite.java:121)
	at org.springframework.web.method.support.InvocableHandlerMethod.getMethodArgumentValues(InvocableHandlerMethod.java:158)
	at org.springframework.web.method.support.InvocableHandlerMethod.invokeForRequest(InvocableHandlerMethod.java:128)
	at org.springframework.web.servlet.mvc.method.annotation.ServletInvocableHandlerMethod.invokeAndHandle(ServletInvocableHandlerMethod.java:97)
	at org.springframework.web.servlet.mvc.method.annotation.RequestMappingHandlerAdapter.invokeHandlerMethod(RequestMappingHandlerAdapter.java:827)
	at org.springframework.web.servlet.mvc.method.annotation.RequestMappingHandlerAdapter.handleInternal(RequestMappingHandlerAdapter.java:738)
	at org.springframework.web.servlet.mvc.method.AbstractHandlerMethodAdapter.handle(AbstractHandlerMethodAdapter.java:85)
	at org.springframework.web.servlet.DispatcherServlet.doDispatch(DispatcherServlet.java:967)
	at org.springframework.web.servlet.DispatcherServlet.doService(DispatcherServlet.java:901)
	at org.springframework.web.servlet.FrameworkServlet.processRequest(FrameworkServlet.java:970)
	at org.springframework.web.servlet.FrameworkServlet.doPost(FrameworkServlet.java:872)
	at javax.servlet.http.HttpServlet.service(HttpServlet.java:661)
	at org.springframework.web.servlet.FrameworkServlet.service(FrameworkServlet.java:846)
	at javax.servlet.http.HttpServlet.service(HttpServlet.java:742)
	at org.apache.catalina.core.ApplicationFilterChain.internalDoFilter(ApplicationFilterChain.java:231)
	at org.apache.catalina.core.ApplicationFilterChain.doFilter(ApplicationFilterChain.java:166)
	at org.apache.tomcat.websocket.server.WsFilter.doFilter(WsFilter.java:52)
	at org.apache.catalina.core.ApplicationFilterChain.internalDoFilter(ApplicationFilterChain.java:193)
	at org.apache.catalina.core.ApplicationFilterChain.doFilter(ApplicationFilterChain.java:166)
	at org.springframework.web.filter.CorsFilter.doFilterInternal(CorsFilter.java:96)
	at org.springframework.web.filter.OncePerRequestFilter.doFilter(OncePerRequestFilter.java:107)
	at org.apache.catalina.core.ApplicationFilterChain.internalDoFilter(ApplicationFilterChain.java:193)
	at org.apache.catalina.core.ApplicationFilterChain.doFilter(ApplicationFilterChain.java:166)
	at org.springframework.web.filter.CharacterEncodingFilter.doFilterInternal(CharacterEncodingFilter.java:197)
	at org.springframework.web.filter.OncePerRequestFilter.doFilter(OncePerRequestFilter.java:107)
	at org.apache.catalina.core.ApplicationFilterChain.internalDoFilter(ApplicationFilterChain.java:193)
	at org.apache.catalina.core.ApplicationFilterChain.doFilter(ApplicationFilterChain.java:166)
	at org.apache.catalina.core.StandardWrapperValve.invoke(StandardWrapperValve.java:199)
	at org.apache.catalina.core.StandardContextValve.invoke(StandardContextValve.java:96)
	at org.apache.catalina.authenticator.AuthenticatorBase.invoke(AuthenticatorBase.java:478)
	at org.apache.catalina.core.StandardHostValve.invoke(StandardHostValve.java:140)
	at org.apache.catalina.valves.ErrorReportValve.invoke(ErrorReportValve.java:81)
	at org.apache.catalina.core.StandardEngineValve.invoke(StandardEngineValve.java:87)
	at org.apache.catalina.connector.CoyoteAdapter.service(CoyoteAdapter.java:342)
	at org.apache.coyote.http11.Http11Processor.service(Http11Processor.java:803)
	at org.apache.coyote.AbstractProcessorLight.process(AbstractProcessorLight.java:66)
	at org.apache.coyote.AbstractProtocol$ConnectionHandler.process(AbstractProtocol.java:868)
	at org.apache.tomcat.util.net.NioEndpoint$SocketProcessor.doRun(NioEndpoint.java:1459)
	at org.apache.tomcat.util.net.SocketProcessorBase.run(SocketProcessorBase.java:49)
	at java.util.concurrent.ThreadPoolExecutor.runWorker(ThreadPoolExecutor.java:1142)
	at java.util.concurrent.ThreadPoolExecutor$Worker.run(ThreadPoolExecutor.java:617)
	at org.apache.tomcat.util.threads.TaskThread$WrappingRunnable.run(TaskThread.java:61)
	at java.lang.Thread.run(Thread.java:745)
Caused by: com.fasterxml.jackson.databind.exc.InvalidFormatException: Can not construct instance of java.lang.Long from String value ("2adsasddas"): not a valid Long value
 at [Source: java.io.PushbackInputStream@7771d165; line: 1, column: 39] (through reference chain: com.lihebin.manage.bean.ConsumerBalanceReCharge["amount"])
	at com.fasterxml.jackson.databind.exc.InvalidFormatException.from(InvalidFormatException.java:74)
	at com.fasterxml.jackson.databind.DeserializationContext.weirdStringException(DeserializationContext.java:923)
	at com.fasterxml.jackson.databind.deser.std.StdDeserializer._parseLong(StdDeserializer.java:488)
	at com.fasterxml.jackson.databind.deser.std.NumberDeserializers$LongDeserializer.deserialize(NumberDeserializers.java:347)
	at com.fasterxml.jackson.databind.deser.std.NumberDeserializers$LongDeserializer.deserialize(NumberDeserializers.java:325)
	at com.fasterxml.jackson.databind.deser.SettableBeanProperty.deserialize(SettableBeanProperty.java:490)
	at com.fasterxml.jackson.databind.deser.impl.MethodProperty.deserializeAndSet(MethodProperty.java:95)
	at com.fasterxml.jackson.databind.deser.BeanDeserializer.deserializeFromObject(BeanDeserializer.java:341)
	at com.fasterxml.jackson.databind.deser.BeanDeserializer.deserialize(BeanDeserializer.java:133)
	at com.fasterxml.jackson.databind.ObjectMapper._readMapAndClose(ObjectMapper.java:3788)
	at com.fasterxml.jackson.databind.ObjectMapper.readValue(ObjectMapper.java:2863)
	at org.springframework.http.converter.json.AbstractJackson2HttpMessageConverter.readJavaType(AbstractJackson2HttpMessageConverter.java:235)
	... 47 common frames omitted
12:15:39.638 [http-nio-8080-exec-8] INFO  c.l.manage.config.TokenInterceptor - TokenInterceptor:97452635d81043bf5e9d86610275e0d1
12:15:39.640 [http-nio-8080-exec-10] INFO  c.l.manage.config.TokenInterceptor - TokenInterceptor:97452635d81043bf5e9d86610275e0d1
12:15:39.759 [http-nio-8080-exec-10] INFO  c.l.manage.config.ServiceLogAspect - [ID35][listConsumerWalletTransactionPaging] web request>>:[[1,null,null,0,10]]
12:15:39.773 [http-nio-8080-exec-8] INFO  c.l.manage.config.ServiceLogAspect - [ID33][getMerchantConsumer] web request>>:[["97452635d81043bf5e9d86610275e0d1",1]]
12:15:40.072 [http-nio-8080-exec-10] INFO  c.l.manage.config.ServiceLogAspect - [ID35][listConsumerWalletTransactionPaging] web response>>:[{"code":0,"data":{"content":[{"addAmount":123,"afterBalance":2155900,"beforeBalance":2155777,"consumerId":1,"ctime":1561263045000,"mtime":1561263045000,"operatorCreate":"18301900685","operatorUpdate":"18301900685","remark":"33232","walletId":1},{"addAmount":2132321,"afterBalance":2155777,"beforeBalance":23456,"consumerId":1,"ctime":1561263013000,"mtime":1561263013000,"operatorCreate":"18301900685","operatorUpdate":"18301900685","remark":"22123","walletId":1},{"addAmount":12,"afterBalance":23456,"beforeBalance":23444,"consumerId":1,"ctime":1561262924000,"mtime":1561262924000,"operatorCreate":"18301900685","operatorUpdate":"18301900685","remark":"test","walletId":1},{"addAmount":23321,"afterBalance":23444,"beforeBalance":123,"consumerId":1,"ctime":1561262786000,"mtime":1561262786000,"operatorCreate":"18301900685","operatorUpdate":"18301900685","walletId":1},{"addAmount":123,"afterBalance":123,"beforeBalance":0,"consumerId":1,"ctime":1561262075000,"mtime":1561262075000,"operatorCreate":"18301900685","operatorUpdate":"18301900685","walletId":1}],"first":true,"last":true,"number":0,"numberOfElements":5,"size":0,"totalElements":5,"totalPages":1},"msg":"SUCCESS"}]
12:15:40.265 [http-nio-8080-exec-8] INFO  c.l.manage.config.ServiceLogAspect - [ID33][getMerchantConsumer] web response>>:[{"code":0,"data":{"balance":2155900,"consumerCellphone":"18301900685","consumerEmail":"include_lihebin@163.com","consumerName":"test","consumerWechat":"18301900685","ctime":1561261055000,"id":1,"merchantId":1,"mtime":1561261055000,"walletCtime":1561261055000,"walletId":1,"walletMtime":1561263045000},"msg":"SUCCESS"}]
12:17:17.001 [http-nio-8080-exec-4] INFO  c.l.manage.config.TokenInterceptor - TokenInterceptor:97452635d81043bf5e9d86610275e0d1
12:17:17.001 [http-nio-8080-exec-5] INFO  c.l.manage.config.TokenInterceptor - TokenInterceptor:97452635d81043bf5e9d86610275e0d1
12:17:17.204 [http-nio-8080-exec-5] INFO  c.l.manage.config.ServiceLogAspect - [ID30][listConsumerWalletTransactionPaging] web request>>:[[1,null,null,0,10]]
12:17:17.226 [http-nio-8080-exec-4] INFO  c.l.manage.config.ServiceLogAspect - [ID29][getMerchantConsumer] web request>>:[["97452635d81043bf5e9d86610275e0d1",1]]
12:17:17.522 [http-nio-8080-exec-5] INFO  c.l.manage.config.ServiceLogAspect - [ID30][listConsumerWalletTransactionPaging] web response>>:[{"code":0,"data":{"content":[{"addAmount":123,"afterBalance":2155900,"beforeBalance":2155777,"consumerId":1,"ctime":1561263045000,"mtime":1561263045000,"operatorCreate":"18301900685","operatorUpdate":"18301900685","remark":"33232","walletId":1},{"addAmount":2132321,"afterBalance":2155777,"beforeBalance":23456,"consumerId":1,"ctime":1561263013000,"mtime":1561263013000,"operatorCreate":"18301900685","operatorUpdate":"18301900685","remark":"22123","walletId":1},{"addAmount":12,"afterBalance":23456,"beforeBalance":23444,"consumerId":1,"ctime":1561262924000,"mtime":1561262924000,"operatorCreate":"18301900685","operatorUpdate":"18301900685","remark":"test","walletId":1},{"addAmount":23321,"afterBalance":23444,"beforeBalance":123,"consumerId":1,"ctime":1561262786000,"mtime":1561262786000,"operatorCreate":"18301900685","operatorUpdate":"18301900685","walletId":1},{"addAmount":123,"afterBalance":123,"beforeBalance":0,"consumerId":1,"ctime":1561262075000,"mtime":1561262075000,"operatorCreate":"18301900685","operatorUpdate":"18301900685","walletId":1}],"first":true,"last":true,"number":0,"numberOfElements":5,"size":0,"totalElements":5,"totalPages":1},"msg":"SUCCESS"}]
12:17:17.714 [http-nio-8080-exec-4] INFO  c.l.manage.config.ServiceLogAspect - [ID29][getMerchantConsumer] web response>>:[{"code":0,"data":{"balance":2155900,"consumerCellphone":"18301900685","consumerEmail":"include_lihebin@163.com","consumerName":"test","consumerWechat":"18301900685","ctime":1561261055000,"id":1,"merchantId":1,"mtime":1561261055000,"walletCtime":1561261055000,"walletId":1,"walletMtime":1561263045000},"msg":"SUCCESS"}]
12:30:11.731 [http-nio-8080-exec-9] INFO  c.l.manage.config.TokenInterceptor - TokenInterceptor:97452635d81043bf5e9d86610275e0d1
12:30:11.733 [http-nio-8080-exec-2] INFO  c.l.manage.config.TokenInterceptor - TokenInterceptor:97452635d81043bf5e9d86610275e0d1
12:30:11.935 [http-nio-8080-exec-9] INFO  c.l.manage.config.ServiceLogAspect - [ID34][getMerchantConsumer] web request>>:[["97452635d81043bf5e9d86610275e0d1",1]]
12:30:11.936 [http-nio-8080-exec-2] INFO  c.l.manage.config.ServiceLogAspect - [ID27][listConsumerWalletTransactionPaging] web request>>:[[1,null,null,0,10]]
12:30:14.253 [http-nio-8080-exec-2] INFO  c.l.manage.config.ServiceLogAspect - [ID27][listConsumerWalletTransactionPaging] web response>>:[{"code":0,"data":{"content":[{"addAmount":123,"afterBalance":2155900,"beforeBalance":2155777,"consumerId":1,"ctime":1561263045000,"mtime":1561263045000,"operatorCreate":"18301900685","operatorUpdate":"18301900685","remark":"33232","walletId":1},{"addAmount":2132321,"afterBalance":2155777,"beforeBalance":23456,"consumerId":1,"ctime":1561263013000,"mtime":1561263013000,"operatorCreate":"18301900685","operatorUpdate":"18301900685","remark":"22123","walletId":1},{"addAmount":12,"afterBalance":23456,"beforeBalance":23444,"consumerId":1,"ctime":1561262924000,"mtime":1561262924000,"operatorCreate":"18301900685","operatorUpdate":"18301900685","remark":"test","walletId":1},{"addAmount":23321,"afterBalance":23444,"beforeBalance":123,"consumerId":1,"ctime":1561262786000,"mtime":1561262786000,"operatorCreate":"18301900685","operatorUpdate":"18301900685","walletId":1},{"addAmount":123,"afterBalance":123,"beforeBalance":0,"consumerId":1,"ctime":1561262075000,"mtime":1561262075000,"operatorCreate":"18301900685","operatorUpdate":"18301900685","walletId":1}],"first":true,"last":true,"number":0,"numberOfElements":5,"size":0,"totalElements":5,"totalPages":1},"msg":"SUCCESS"}]
12:30:15.429 [http-nio-8080-exec-9] INFO  c.l.manage.config.ServiceLogAspect - [ID34][getMerchantConsumer] web response>>:[{"code":0,"data":{"balance":2155900,"consumerCellphone":"18301900685","consumerEmail":"include_lihebin@163.com","consumerName":"test","consumerWechat":"18301900685","ctime":1561261055000,"id":1,"merchantId":1,"mtime":1561261055000,"walletCtime":1561261055000,"walletId":1,"walletMtime":1561263045000},"msg":"SUCCESS"}]
12:30:24.777 [http-nio-8080-exec-3] INFO  c.l.manage.config.TokenInterceptor - TokenInterceptor:97452635d81043bf5e9d86610275e0d1
12:30:24.898 [http-nio-8080-exec-3] INFO  c.l.manage.config.ServiceLogAspect - [ID28][rechargeMerchantConsumerBalance] web request>>:[["97452635d81043bf5e9d86610275e0d1",{"amount":22122,"consumerId":1,"remark":"1223213","walletId":1}]]
12:30:25.305 [http-nio-8080-exec-3] INFO  c.l.manage.config.ServiceLogAspect - [ID28][rechargeMerchantConsumerBalance] web response>>:[{"code":0,"data":{"balance":2178022,"id":1},"msg":"SUCCESS"}]
12:30:25.334 [http-nio-8080-exec-4] INFO  c.l.manage.config.TokenInterceptor - TokenInterceptor:97452635d81043bf5e9d86610275e0d1
12:30:25.453 [http-nio-8080-exec-4] INFO  c.l.manage.config.ServiceLogAspect - [ID29][listConsumerWalletTransactionPaging] web request>>:[[1,null,null,0,10]]
12:30:25.732 [http-nio-8080-exec-4] INFO  c.l.manage.config.ServiceLogAspect - [ID29][listConsumerWalletTransactionPaging] web response>>:[{"code":0,"data":{"content":[{"addAmount":22122,"afterBalance":2178022,"beforeBalance":2155900,"consumerId":1,"ctime":1561264225000,"mtime":1561264225000,"operatorCreate":"18301900685","operatorUpdate":"18301900685","remark":"1223213","walletId":1},{"addAmount":123,"afterBalance":2155900,"beforeBalance":2155777,"consumerId":1,"ctime":1561263045000,"mtime":1561263045000,"operatorCreate":"18301900685","operatorUpdate":"18301900685","remark":"33232","walletId":1},{"addAmount":2132321,"afterBalance":2155777,"beforeBalance":23456,"consumerId":1,"ctime":1561263013000,"mtime":1561263013000,"operatorCreate":"18301900685","operatorUpdate":"18301900685","remark":"22123","walletId":1},{"addAmount":12,"afterBalance":23456,"beforeBalance":23444,"consumerId":1,"ctime":1561262924000,"mtime":1561262924000,"operatorCreate":"18301900685","operatorUpdate":"18301900685","remark":"test","walletId":1},{"addAmount":23321,"afterBalance":23444,"beforeBalance":123,"consumerId":1,"ctime":1561262786000,"mtime":1561262786000,"operatorCreate":"18301900685","operatorUpdate":"18301900685","walletId":1},{"addAmount":123,"afterBalance":123,"beforeBalance":0,"consumerId":1,"ctime":1561262075000,"mtime":1561262075000,"operatorCreate":"18301900685","operatorUpdate":"18301900685","walletId":1}],"first":true,"last":true,"number":0,"numberOfElements":6,"size":0,"totalElements":6,"totalPages":1},"msg":"SUCCESS"}]
12:30:55.996 [http-nio-8080-exec-8] INFO  c.l.manage.config.TokenInterceptor - TokenInterceptor:97452635d81043bf5e9d86610275e0d1
12:30:55.996 [http-nio-8080-exec-10] INFO  c.l.manage.config.TokenInterceptor - TokenInterceptor:97452635d81043bf5e9d86610275e0d1
12:30:56.117 [http-nio-8080-exec-10] INFO  c.l.manage.config.ServiceLogAspect - [ID35][listConsumerWalletTransactionPaging] web request>>:[[1,null,null,0,10]]
12:30:56.117 [http-nio-8080-exec-8] INFO  c.l.manage.config.ServiceLogAspect - [ID33][getMerchantConsumer] web request>>:[["97452635d81043bf5e9d86610275e0d1",1]]
12:30:56.395 [http-nio-8080-exec-10] INFO  c.l.manage.config.ServiceLogAspect - [ID35][listConsumerWalletTransactionPaging] web response>>:[{"code":0,"data":{"content":[{"addAmount":22122,"afterBalance":2178022,"beforeBalance":2155900,"consumerId":1,"ctime":1561264225000,"mtime":1561264225000,"operatorCreate":"18301900685","operatorUpdate":"18301900685","remark":"1223213","walletId":1},{"addAmount":123,"afterBalance":2155900,"beforeBalance":2155777,"consumerId":1,"ctime":1561263045000,"mtime":1561263045000,"operatorCreate":"18301900685","operatorUpdate":"18301900685","remark":"33232","walletId":1},{"addAmount":2132321,"afterBalance":2155777,"beforeBalance":23456,"consumerId":1,"ctime":1561263013000,"mtime":1561263013000,"operatorCreate":"18301900685","operatorUpdate":"18301900685","remark":"22123","walletId":1},{"addAmount":12,"afterBalance":23456,"beforeBalance":23444,"consumerId":1,"ctime":1561262924000,"mtime":1561262924000,"operatorCreate":"18301900685","operatorUpdate":"18301900685","remark":"test","walletId":1},{"addAmount":23321,"afterBalance":23444,"beforeBalance":123,"consumerId":1,"ctime":1561262786000,"mtime":1561262786000,"operatorCreate":"18301900685","operatorUpdate":"18301900685","walletId":1},{"addAmount":123,"afterBalance":123,"beforeBalance":0,"consumerId":1,"ctime":1561262075000,"mtime":1561262075000,"operatorCreate":"18301900685","operatorUpdate":"18301900685","walletId":1}],"first":true,"last":true,"number":0,"numberOfElements":6,"size":0,"totalElements":6,"totalPages":1},"msg":"SUCCESS"}]
12:30:56.591 [http-nio-8080-exec-8] INFO  c.l.manage.config.ServiceLogAspect - [ID33][getMerchantConsumer] web response>>:[{"code":0,"data":{"balance":2178022,"consumerCellphone":"18301900685","consumerEmail":"include_lihebin@163.com","consumerName":"test","consumerWechat":"18301900685","ctime":1561261055000,"id":1,"merchantId":1,"mtime":1561261055000,"walletCtime":1561261055000,"walletId":1,"walletMtime":1561264225000},"msg":"SUCCESS"}]
12:31:50.109 [http-nio-8080-exec-9] INFO  c.l.manage.config.TokenInterceptor - TokenInterceptor:97452635d81043bf5e9d86610275e0d1
12:31:50.235 [http-nio-8080-exec-9] INFO  c.l.manage.config.ServiceLogAspect - [ID34][checkToken] web request>>:[[]]
12:31:50.245 [http-nio-8080-exec-9] INFO  c.l.manage.config.ServiceLogAspect - [ID34][checkToken] web response>>:[{"code":0,"msg":"SUCCESS"}]
12:31:50.547 [http-nio-8080-exec-5] INFO  c.l.manage.config.TokenInterceptor - TokenInterceptor:97452635d81043bf5e9d86610275e0d1
12:31:50.547 [http-nio-8080-exec-4] INFO  c.l.manage.config.TokenInterceptor - TokenInterceptor:97452635d81043bf5e9d86610275e0d1
12:31:50.666 [http-nio-8080-exec-4] INFO  c.l.manage.config.ServiceLogAspect - [ID29][listConsumerWalletTransactionPaging] web request>>:[[1,null,null,0,10]]
12:31:50.667 [http-nio-8080-exec-5] INFO  c.l.manage.config.ServiceLogAspect - [ID30][getMerchantConsumer] web request>>:[["97452635d81043bf5e9d86610275e0d1",1]]
12:31:50.976 [http-nio-8080-exec-4] INFO  c.l.manage.config.ServiceLogAspect - [ID29][listConsumerWalletTransactionPaging] web response>>:[{"code":0,"data":{"content":[{"addAmount":22122,"afterBalance":2178022,"beforeBalance":2155900,"consumerId":1,"ctime":1561264225000,"mtime":1561264225000,"operatorCreate":"18301900685","operatorUpdate":"18301900685","remark":"1223213","walletId":1},{"addAmount":123,"afterBalance":2155900,"beforeBalance":2155777,"consumerId":1,"ctime":1561263045000,"mtime":1561263045000,"operatorCreate":"18301900685","operatorUpdate":"18301900685","remark":"33232","walletId":1},{"addAmount":2132321,"afterBalance":2155777,"beforeBalance":23456,"consumerId":1,"ctime":1561263013000,"mtime":1561263013000,"operatorCreate":"18301900685","operatorUpdate":"18301900685","remark":"22123","walletId":1},{"addAmount":12,"afterBalance":23456,"beforeBalance":23444,"consumerId":1,"ctime":1561262924000,"mtime":1561262924000,"operatorCreate":"18301900685","operatorUpdate":"18301900685","remark":"test","walletId":1},{"addAmount":23321,"afterBalance":23444,"beforeBalance":123,"consumerId":1,"ctime":1561262786000,"mtime":1561262786000,"operatorCreate":"18301900685","operatorUpdate":"18301900685","walletId":1},{"addAmount":123,"afterBalance":123,"beforeBalance":0,"consumerId":1,"ctime":1561262075000,"mtime":1561262075000,"operatorCreate":"18301900685","operatorUpdate":"18301900685","walletId":1}],"first":true,"last":true,"number":0,"numberOfElements":6,"size":0,"totalElements":6,"totalPages":1},"msg":"SUCCESS"}]
12:31:51.098 [http-nio-8080-exec-5] INFO  c.l.manage.config.ServiceLogAspect - [ID30][getMerchantConsumer] web response>>:[{"code":0,"data":{"balance":2178022,"consumerCellphone":"18301900685","consumerEmail":"include_lihebin@163.com","consumerName":"test","consumerWechat":"18301900685","ctime":1561261055000,"id":1,"merchantId":1,"mtime":1561261055000,"walletCtime":1561261055000,"walletId":1,"walletMtime":1561264225000},"msg":"SUCCESS"}]
12:32:27.281 [http-nio-8080-exec-7] INFO  c.l.manage.config.TokenInterceptor - TokenInterceptor:97452635d81043bf5e9d86610275e0d1
12:32:27.406 [http-nio-8080-exec-7] INFO  c.l.manage.config.ServiceLogAspect - [ID32][checkToken] web request>>:[[]]
12:32:27.406 [http-nio-8080-exec-7] INFO  c.l.manage.config.ServiceLogAspect - [ID32][checkToken] web response>>:[{"code":0,"msg":"SUCCESS"}]
12:32:27.830 [http-nio-8080-exec-8] INFO  c.l.manage.config.TokenInterceptor - TokenInterceptor:97452635d81043bf5e9d86610275e0d1
12:32:27.952 [http-nio-8080-exec-8] INFO  c.l.manage.config.ServiceLogAspect - [ID33][listMerchantConsumerPaging] web request>>:[["97452635d81043bf5e9d86610275e0d1",null,null,null,null,0,10]]
12:32:28.353 [http-nio-8080-exec-8] INFO  c.l.manage.config.ServiceLogAspect - [ID33][listMerchantConsumerPaging] web response>>:[{"code":0,"data":{"content":[{"consumerCellphone":"18301900685","consumerEmail":"include_lihebin@163.com","consumerName":"test","consumerWechat":"18301900685","ctime":1561261055000,"id":1,"merchantId":1,"mtime":1561261055000}],"first":true,"last":true,"number":0,"numberOfElements":1,"size":0,"totalElements":1,"totalPages":1},"msg":"SUCCESS"}]
12:41:29.230 [Thread-5] INFO  o.s.b.c.e.AnnotationConfigEmbeddedWebApplicationContext - Closing org.springframework.boot.context.embedded.AnnotationConfigEmbeddedWebApplicationContext@22f59fa: startup date [Sun Jun 23 12:06:40 CST 2019]; root of context hierarchy
12:41:29.236 [Thread-5] INFO  o.s.c.s.DefaultLifecycleProcessor - Stopping beans in phase 2147483647
12:41:29.237 [Thread-5] INFO  o.s.c.s.DefaultLifecycleProcessor - Stopping beans in phase 0
12:41:29.237 [Thread-5] INFO  o.s.j.e.a.AnnotationMBeanExporter - Unregistering JMX-exposed beans on shutdown
12:41:29.238 [Thread-5] INFO  o.s.j.e.a.AnnotationMBeanExporter - Unregistering JMX-exposed beans
12:41:29.242 [Thread-5] INFO  o.s.o.j.LocalContainerEntityManagerFactoryBean - Closing JPA EntityManagerFactory for persistence unit 'userPersistenceUnit'
12:41:29.243 [Thread-5] INFO  o.s.o.j.LocalContainerEntityManagerFactoryBean - Closing JPA EntityManagerFactory for persistence unit 'managePersistenceUnit'
12:41:29.246 [Thread-5] INFO  c.alibaba.druid.pool.DruidDataSource - {dataSource-1} closed
