14:42:07.324 [Thread-5] INFO  o.s.b.c.e.AnnotationConfigEmbeddedWebApplicationContext - Closing org.springframework.boot.context.embedded.AnnotationConfigEmbeddedWebApplicationContext@7ac296f6: startup date [Sun Jun 09 12:51:33 CST 2019]; root of context hierarchy
14:42:07.328 [Thread-5] INFO  o.s.c.s.DefaultLifecycleProcessor - Stopping beans in phase 2147483647
14:42:07.329 [Thread-5] INFO  o.s.c.s.DefaultLifecycleProcessor - Stopping beans in phase 0
14:42:07.330 [Thread-5] INFO  o.s.j.e.a.AnnotationMBeanExporter - Unregistering JMX-exposed beans on shutdown
14:42:07.330 [Thread-5] INFO  o.s.j.e.a.AnnotationMBeanExporter - Unregistering JMX-exposed beans
14:42:07.332 [Thread-5] INFO  o.s.o.j.LocalContainerEntityManagerFactoryBean - Closing JPA EntityManagerFactory for persistence unit 'userPersistenceUnit'
14:42:07.333 [Thread-5] INFO  o.s.o.j.LocalContainerEntityManagerFactoryBean - Closing JPA EntityManagerFactory for persistence unit 'managePersistenceUnit'
14:42:07.342 [Thread-5] INFO  c.alibaba.druid.pool.DruidDataSource - {dataSource-1} closed
14:42:14.179 [main] INFO  com.lihebin.manage.Application - Starting Application on lihebindembp with PID 1856 (/Users/lihebin/github/merchant-manage-backend/manage-war/target/classes started by lihebin in /Users/lihebin/github/merchant-manage-backend)
14:42:14.183 [main] INFO  com.lihebin.manage.Application - The following profiles are active: test
14:42:14.321 [main] INFO  o.s.b.c.e.AnnotationConfigEmbeddedWebApplicationContext - Refreshing org.springframework.boot.context.embedded.AnnotationConfigEmbeddedWebApplicationContext@7ac296f6: startup date [Sun Jun 09 14:42:14 CST 2019]; root of context hierarchy
14:42:15.208 [main] INFO  o.s.d.r.c.RepositoryConfigurationDelegate - Multiple Spring Data modules found, entering strict repository configuration mode!
14:42:15.309 [main] INFO  o.s.b.f.s.DefaultListableBeanFactory - Overriding bean definition for bean 'entityManager' with a different definition: replacing [Root bean: class [null]; scope=; abstract=false; lazyInit=false; autowireMode=3; dependencyCheck=0; autowireCandidate=true; primary=true; factoryBeanName=manageJpaConfig; factoryMethodName=entityManager; initMethodName=null; destroyMethodName=(inferred); defined in class path resource [com/lihebin/manage/config/ManageJpaConfig.class]] with [Root bean: class [null]; scope=; abstract=false; lazyInit=false; autowireMode=3; dependencyCheck=0; autowireCandidate=true; primary=false; factoryBeanName=userJpaConfig; factoryMethodName=entityManager; initMethodName=null; destroyMethodName=(inferred); defined in class path resource [com/lihebin/manage/config/UserJpaConfig.class]]
14:42:15.312 [main] INFO  o.s.d.r.c.RepositoryConfigurationDelegate - Multiple Spring Data modules found, entering strict repository configuration mode!
14:42:15.317 [main] INFO  o.s.b.f.xml.XmlBeanDefinitionReader - Loading XML bean definitions from file [/Users/lihebin/github/merchant-manage-backend/manage-war/target/classes/spring/interceptor-config.xml]
14:42:15.655 [main] INFO  o.s.d.r.c.RepositoryConfigurationDelegate - Multiple Spring Data modules found, entering strict repository configuration mode!
14:42:15.704 [main] INFO  o.s.d.r.c.RepositoryConfigurationExtensionSupport - Spring Data Redis - Could not safely identify store assignment for repository candidate interface com.lihebin.manage.dao.manage.MerchantConsumerDao.
14:42:15.706 [main] INFO  o.s.d.r.c.RepositoryConfigurationExtensionSupport - Spring Data Redis - Could not safely identify store assignment for repository candidate interface com.lihebin.manage.dao.manage.ConsumerDao.
14:42:15.707 [main] INFO  o.s.d.r.c.RepositoryConfigurationExtensionSupport - Spring Data Redis - Could not safely identify store assignment for repository candidate interface com.lihebin.manage.dao.manage.OrderDao.
14:42:15.707 [main] INFO  o.s.d.r.c.RepositoryConfigurationExtensionSupport - Spring Data Redis - Could not safely identify store assignment for repository candidate interface com.lihebin.manage.dao.manage.MerchantUserDao.
14:42:15.708 [main] INFO  o.s.d.r.c.RepositoryConfigurationExtensionSupport - Spring Data Redis - Could not safely identify store assignment for repository candidate interface com.lihebin.manage.dao.manage.MerchantDao.
14:42:15.708 [main] INFO  o.s.d.r.c.RepositoryConfigurationExtensionSupport - Spring Data Redis - Could not safely identify store assignment for repository candidate interface com.lihebin.manage.dao.manage.MerchantConsumerWalletDao.
14:42:16.236 [main] INFO  o.s.c.s.PostProcessorRegistrationDelegate$BeanPostProcessorChecker - Bean 'org.springframework.kafka.annotation.KafkaBootstrapConfiguration' of type [org.springframework.kafka.annotation.KafkaBootstrapConfiguration$$EnhancerBySpringCGLIB$$a3dc9880] is not eligible for getting processed by all BeanPostProcessors (for example: not eligible for auto-proxying)
14:42:17.281 [main] INFO  o.s.b.c.e.t.TomcatEmbeddedServletContainer - Tomcat initialized with port(s): 8080 (http)
14:42:17.299 [main] INFO  o.a.catalina.core.StandardService - Starting service [Tomcat]
14:42:17.301 [main] INFO  o.a.catalina.core.StandardEngine - Starting Servlet Engine: Apache Tomcat/8.5.23
14:42:17.464 [localhost-startStop-1] INFO  o.a.c.c.C.[Tomcat].[localhost].[/] - Initializing Spring embedded WebApplicationContext
14:42:17.464 [localhost-startStop-1] INFO  o.s.web.context.ContextLoader - Root WebApplicationContext: initialization completed in 3143 ms
14:42:17.749 [localhost-startStop-1] INFO  o.s.b.w.s.FilterRegistrationBean - Mapping filter: 'characterEncodingFilter' to: [/*]
14:42:17.750 [localhost-startStop-1] INFO  o.s.b.w.s.FilterRegistrationBean - Mapping filter: 'corsFilter' to: [/*]
14:42:17.750 [localhost-startStop-1] INFO  o.s.b.w.s.ServletRegistrationBean - Mapping servlet: 'dispatcherServlet' to [/]
14:42:18.723 [main] INFO  c.alibaba.druid.pool.DruidDataSource - {dataSource-1} inited
14:42:18.776 [main] INFO  o.s.o.j.LocalContainerEntityManagerFactoryBean - Building JPA container EntityManagerFactory for persistence unit 'managePersistenceUnit'
14:42:18.797 [main] INFO  o.h.jpa.internal.util.LogHelper - HHH000204: Processing PersistenceUnitInfo [
	name: managePersistenceUnit
	...]
14:42:18.897 [main] INFO  org.hibernate.Version - HHH000412: Hibernate Core {5.0.12.Final}
14:42:18.898 [main] INFO  org.hibernate.cfg.Environment - HHH000206: hibernate.properties not found
14:42:18.900 [main] INFO  org.hibernate.cfg.Environment - HHH000021: Bytecode provider name : javassist
14:42:18.951 [main] INFO  o.h.annotations.common.Version - HCANN000001: Hibernate Commons Annotations {5.0.1.Final}
14:42:19.110 [main] INFO  org.hibernate.dialect.Dialect - HHH000400: Using dialect: org.hibernate.dialect.MySQL5Dialect
14:42:19.389 [main] WARN  o.h.b.i.SessionFactoryBuilderImpl - Unrecognized hbm2ddl_auto value : none.  Supported values include create, create-drop, update, and validate.  Ignoring
14:42:19.808 [main] INFO  o.s.o.j.LocalContainerEntityManagerFactoryBean - Initialized JPA EntityManagerFactory for persistence unit 'managePersistenceUnit'
14:42:19.839 [main] INFO  o.s.o.j.LocalContainerEntityManagerFactoryBean - Building JPA container EntityManagerFactory for persistence unit 'userPersistenceUnit'
14:42:19.839 [main] INFO  o.h.jpa.internal.util.LogHelper - HHH000204: Processing PersistenceUnitInfo [
	name: userPersistenceUnit
	...]
14:42:19.852 [main] INFO  org.hibernate.dialect.Dialect - HHH000400: Using dialect: org.hibernate.dialect.MySQL5Dialect
14:42:19.876 [main] WARN  o.h.b.i.SessionFactoryBuilderImpl - Unrecognized hbm2ddl_auto value : none.  Supported values include create, create-drop, update, and validate.  Ignoring
14:42:19.944 [main] INFO  o.s.o.j.LocalContainerEntityManagerFactoryBean - Initialized JPA EntityManagerFactory for persistence unit 'userPersistenceUnit'
14:42:20.709 [main] INFO  o.s.w.s.m.m.a.RequestMappingHandlerMapping - Mapped "{[/merchant/listMerchantCustomerPaging],methods=[GET]}" onto public org.springframework.data.domain.Page<com.lihebin.manage.bean.MerchantConsumerRes> com.lihebin.manage.web.MerchantController.listMerchantCustomerPaging(java.lang.String,int,int)
14:42:20.711 [main] INFO  o.s.w.s.m.m.a.RequestMappingHandlerMapping - Mapped "{[/merchant/addMerchant],methods=[POST],produces=[application/json;charset=UTF-8]}" onto public com.lihebin.manage.bean.MerchantRes com.lihebin.manage.web.MerchantController.addMerchant(com.lihebin.manage.bean.MerchantNew)
14:42:20.712 [main] INFO  o.s.w.s.m.m.a.RequestMappingHandlerMapping - Mapped "{[/user/login],methods=[POST],produces=[application/json;charset=UTF-8]}" onto public com.lihebin.manage.bean.LoginRes com.lihebin.manage.web.MerchantUserController.login(com.lihebin.manage.bean.Login)
14:42:20.712 [main] INFO  o.s.w.s.m.m.a.RequestMappingHandlerMapping - Mapped "{[/user/logout],methods=[GET]}" onto public void com.lihebin.manage.web.MerchantUserController.logout(java.lang.String)
14:42:20.717 [main] INFO  o.s.w.s.m.m.a.RequestMappingHandlerMapping - Mapped "{[/error]}" onto public org.springframework.http.ResponseEntity<java.util.Map<java.lang.String, java.lang.Object>> org.springframework.boot.autoconfigure.web.BasicErrorController.error(javax.servlet.http.HttpServletRequest)
14:42:20.718 [main] INFO  o.s.w.s.m.m.a.RequestMappingHandlerMapping - Mapped "{[/error],produces=[text/html]}" onto public org.springframework.web.servlet.ModelAndView org.springframework.boot.autoconfigure.web.BasicErrorController.errorHtml(javax.servlet.http.HttpServletRequest,javax.servlet.http.HttpServletResponse)
14:42:20.840 [main] INFO  o.s.w.s.m.m.a.RequestMappingHandlerAdapter - Looking for @ControllerAdvice: org.springframework.boot.context.embedded.AnnotationConfigEmbeddedWebApplicationContext@7ac296f6: startup date [Sun Jun 09 14:42:14 CST 2019]; root of context hierarchy
14:42:20.939 [main] INFO  o.s.w.s.m.m.a.ExceptionHandlerExceptionResolver - Detected @ExceptionHandler methods in exceptionHandle
14:42:22.178 [main] INFO  o.s.j.e.a.AnnotationMBeanExporter - Registering beans for JMX exposure on startup
14:42:22.179 [main] INFO  o.s.j.e.a.AnnotationMBeanExporter - Bean with name 'userDataSource' has been autodetected for JMX exposure
14:42:22.179 [main] INFO  o.s.j.e.a.AnnotationMBeanExporter - Bean with name 'manageDataSource' has been autodetected for JMX exposure
14:42:22.186 [main] INFO  o.s.j.e.a.AnnotationMBeanExporter - Located MBean 'userDataSource': registering with JMX server as MBean [com.alibaba.druid.pool:name=userDataSource,type=DruidDataSource]
14:42:22.188 [main] INFO  o.s.j.e.a.AnnotationMBeanExporter - Located MBean 'manageDataSource': registering with JMX server as MBean [com.alibaba.druid.pool:name=manageDataSource,type=DruidDataSource]
14:42:22.192 [main] INFO  o.s.c.s.DefaultLifecycleProcessor - Starting beans in phase 2147483647
14:42:22.269 [main] INFO  o.s.b.c.e.t.TomcatEmbeddedServletContainer - Tomcat started on port(s): 8080 (http)
14:42:22.275 [main] INFO  com.lihebin.manage.Application - Started Application in 8.553 seconds (JVM running for 9.24)
14:43:20.597 [http-nio-8080-exec-1] INFO  o.a.c.c.C.[Tomcat].[localhost].[/] - Initializing Spring FrameworkServlet 'dispatcherServlet'
14:43:20.598 [http-nio-8080-exec-1] INFO  o.s.web.servlet.DispatcherServlet - FrameworkServlet 'dispatcherServlet': initialization started
14:43:20.626 [http-nio-8080-exec-1] INFO  o.s.web.servlet.DispatcherServlet - FrameworkServlet 'dispatcherServlet': initialization completed in 28 ms
14:43:20.800 [http-nio-8080-exec-1] INFO  c.l.manage.config.ServiceLogAspect - [ID26][addMerchant] web request>>[com.lihebin.manage.bean.MerchantNew@2740c59b]
14:43:20.835 [http-nio-8080-exec-1] INFO  o.h.h.i.QueryTranslatorFactoryInitiator - HHH000397: Using ASTQueryTranslatorFactory
14:43:21.061 [http-nio-8080-exec-1] INFO  o.s.b.f.xml.XmlBeanDefinitionReader - Loading XML bean definitions from class path resource [org/springframework/jdbc/support/sql-error-codes.xml]
14:43:21.103 [http-nio-8080-exec-1] INFO  o.s.j.support.SQLErrorCodesFactory - SQLErrorCodes loaded: [DB2, Derby, H2, HSQL, Informix, MS-SQL, MySQL, Oracle, PostgreSQL, Sybase, Hana]
14:45:36.834 [http-nio-8080-exec-5] INFO  c.l.manage.config.ServiceLogAspect - [ID30][addMerchant] web request>>[com.lihebin.manage.bean.MerchantNew@7dd35b2]
14:46:59.533 [Thread-5] INFO  o.s.b.c.e.AnnotationConfigEmbeddedWebApplicationContext - Closing org.springframework.boot.context.embedded.AnnotationConfigEmbeddedWebApplicationContext@7ac296f6: startup date [Sun Jun 09 14:42:14 CST 2019]; root of context hierarchy
14:46:59.535 [Thread-5] INFO  o.s.c.s.DefaultLifecycleProcessor - Stopping beans in phase 2147483647
14:46:59.536 [Thread-5] INFO  o.s.c.s.DefaultLifecycleProcessor - Stopping beans in phase 0
14:46:59.536 [Thread-5] INFO  o.s.j.e.a.AnnotationMBeanExporter - Unregistering JMX-exposed beans on shutdown
14:46:59.537 [Thread-5] INFO  o.s.j.e.a.AnnotationMBeanExporter - Unregistering JMX-exposed beans
14:46:59.540 [Thread-5] INFO  o.s.o.j.LocalContainerEntityManagerFactoryBean - Closing JPA EntityManagerFactory for persistence unit 'userPersistenceUnit'
14:46:59.541 [Thread-5] INFO  o.s.o.j.LocalContainerEntityManagerFactoryBean - Closing JPA EntityManagerFactory for persistence unit 'managePersistenceUnit'
14:46:59.548 [Thread-5] INFO  c.alibaba.druid.pool.DruidDataSource - {dataSource-1} closed
14:47:06.207 [main] INFO  com.lihebin.manage.Application - Starting Application on lihebindembp with PID 1899 (/Users/lihebin/github/merchant-manage-backend/manage-war/target/classes started by lihebin in /Users/lihebin/github/merchant-manage-backend)
14:47:06.211 [main] INFO  com.lihebin.manage.Application - The following profiles are active: test
14:47:06.344 [main] INFO  o.s.b.c.e.AnnotationConfigEmbeddedWebApplicationContext - Refreshing org.springframework.boot.context.embedded.AnnotationConfigEmbeddedWebApplicationContext@7ac296f6: startup date [Sun Jun 09 14:47:06 CST 2019]; root of context hierarchy
14:47:07.147 [main] INFO  o.s.d.r.c.RepositoryConfigurationDelegate - Multiple Spring Data modules found, entering strict repository configuration mode!
14:47:07.235 [main] INFO  o.s.b.f.s.DefaultListableBeanFactory - Overriding bean definition for bean 'entityManager' with a different definition: replacing [Root bean: class [null]; scope=; abstract=false; lazyInit=false; autowireMode=3; dependencyCheck=0; autowireCandidate=true; primary=true; factoryBeanName=manageJpaConfig; factoryMethodName=entityManager; initMethodName=null; destroyMethodName=(inferred); defined in class path resource [com/lihebin/manage/config/ManageJpaConfig.class]] with [Root bean: class [null]; scope=; abstract=false; lazyInit=false; autowireMode=3; dependencyCheck=0; autowireCandidate=true; primary=false; factoryBeanName=userJpaConfig; factoryMethodName=entityManager; initMethodName=null; destroyMethodName=(inferred); defined in class path resource [com/lihebin/manage/config/UserJpaConfig.class]]
14:47:07.238 [main] INFO  o.s.d.r.c.RepositoryConfigurationDelegate - Multiple Spring Data modules found, entering strict repository configuration mode!
14:47:07.242 [main] INFO  o.s.b.f.xml.XmlBeanDefinitionReader - Loading XML bean definitions from file [/Users/lihebin/github/merchant-manage-backend/manage-war/target/classes/spring/interceptor-config.xml]
14:47:07.551 [main] INFO  o.s.d.r.c.RepositoryConfigurationDelegate - Multiple Spring Data modules found, entering strict repository configuration mode!
14:47:07.594 [main] INFO  o.s.d.r.c.RepositoryConfigurationExtensionSupport - Spring Data Redis - Could not safely identify store assignment for repository candidate interface com.lihebin.manage.dao.manage.MerchantConsumerDao.
14:47:07.597 [main] INFO  o.s.d.r.c.RepositoryConfigurationExtensionSupport - Spring Data Redis - Could not safely identify store assignment for repository candidate interface com.lihebin.manage.dao.manage.ConsumerDao.
14:47:07.598 [main] INFO  o.s.d.r.c.RepositoryConfigurationExtensionSupport - Spring Data Redis - Could not safely identify store assignment for repository candidate interface com.lihebin.manage.dao.manage.OrderDao.
14:47:07.599 [main] INFO  o.s.d.r.c.RepositoryConfigurationExtensionSupport - Spring Data Redis - Could not safely identify store assignment for repository candidate interface com.lihebin.manage.dao.manage.MerchantUserDao.
14:47:07.600 [main] INFO  o.s.d.r.c.RepositoryConfigurationExtensionSupport - Spring Data Redis - Could not safely identify store assignment for repository candidate interface com.lihebin.manage.dao.manage.MerchantDao.
14:47:07.600 [main] INFO  o.s.d.r.c.RepositoryConfigurationExtensionSupport - Spring Data Redis - Could not safely identify store assignment for repository candidate interface com.lihebin.manage.dao.manage.MerchantConsumerWalletDao.
14:47:08.120 [main] INFO  o.s.c.s.PostProcessorRegistrationDelegate$BeanPostProcessorChecker - Bean 'org.springframework.kafka.annotation.KafkaBootstrapConfiguration' of type [org.springframework.kafka.annotation.KafkaBootstrapConfiguration$$EnhancerBySpringCGLIB$$89796fa3] is not eligible for getting processed by all BeanPostProcessors (for example: not eligible for auto-proxying)
14:47:09.173 [main] INFO  o.s.b.c.e.t.TomcatEmbeddedServletContainer - Tomcat initialized with port(s): 8080 (http)
14:47:09.193 [main] INFO  o.a.catalina.core.StandardService - Starting service [Tomcat]
14:47:09.194 [main] INFO  o.a.catalina.core.StandardEngine - Starting Servlet Engine: Apache Tomcat/8.5.23
14:47:09.343 [localhost-startStop-1] INFO  o.a.c.c.C.[Tomcat].[localhost].[/] - Initializing Spring embedded WebApplicationContext
14:47:09.344 [localhost-startStop-1] INFO  o.s.web.context.ContextLoader - Root WebApplicationContext: initialization completed in 3000 ms
14:47:09.653 [localhost-startStop-1] INFO  o.s.b.w.s.FilterRegistrationBean - Mapping filter: 'characterEncodingFilter' to: [/*]
14:47:09.654 [localhost-startStop-1] INFO  o.s.b.w.s.FilterRegistrationBean - Mapping filter: 'corsFilter' to: [/*]
14:47:09.655 [localhost-startStop-1] INFO  o.s.b.w.s.ServletRegistrationBean - Mapping servlet: 'dispatcherServlet' to [/]
14:47:10.585 [main] INFO  c.alibaba.druid.pool.DruidDataSource - {dataSource-1} inited
14:47:10.641 [main] INFO  o.s.o.j.LocalContainerEntityManagerFactoryBean - Building JPA container EntityManagerFactory for persistence unit 'managePersistenceUnit'
14:47:10.665 [main] INFO  o.h.jpa.internal.util.LogHelper - HHH000204: Processing PersistenceUnitInfo [
	name: managePersistenceUnit
	...]
14:47:10.767 [main] INFO  org.hibernate.Version - HHH000412: Hibernate Core {5.0.12.Final}
14:47:10.770 [main] INFO  org.hibernate.cfg.Environment - HHH000206: hibernate.properties not found
14:47:10.788 [main] INFO  org.hibernate.cfg.Environment - HHH000021: Bytecode provider name : javassist
14:47:10.848 [main] INFO  o.h.annotations.common.Version - HCANN000001: Hibernate Commons Annotations {5.0.1.Final}
14:47:11.017 [main] INFO  org.hibernate.dialect.Dialect - HHH000400: Using dialect: org.hibernate.dialect.MySQL5Dialect
14:47:11.327 [main] WARN  o.h.b.i.SessionFactoryBuilderImpl - Unrecognized hbm2ddl_auto value : none.  Supported values include create, create-drop, update, and validate.  Ignoring
14:47:11.779 [main] INFO  o.s.o.j.LocalContainerEntityManagerFactoryBean - Initialized JPA EntityManagerFactory for persistence unit 'managePersistenceUnit'
14:47:11.814 [main] INFO  o.s.o.j.LocalContainerEntityManagerFactoryBean - Building JPA container EntityManagerFactory for persistence unit 'userPersistenceUnit'
14:47:11.814 [main] INFO  o.h.jpa.internal.util.LogHelper - HHH000204: Processing PersistenceUnitInfo [
	name: userPersistenceUnit
	...]
14:47:11.828 [main] INFO  org.hibernate.dialect.Dialect - HHH000400: Using dialect: org.hibernate.dialect.MySQL5Dialect
14:47:11.850 [main] WARN  o.h.b.i.SessionFactoryBuilderImpl - Unrecognized hbm2ddl_auto value : none.  Supported values include create, create-drop, update, and validate.  Ignoring
14:47:11.913 [main] INFO  o.s.o.j.LocalContainerEntityManagerFactoryBean - Initialized JPA EntityManagerFactory for persistence unit 'userPersistenceUnit'
14:47:12.831 [main] INFO  o.s.w.s.m.m.a.RequestMappingHandlerMapping - Mapped "{[/merchant/listMerchantCustomerPaging],methods=[GET]}" onto public org.springframework.data.domain.Page<com.lihebin.manage.bean.MerchantConsumerRes> com.lihebin.manage.web.MerchantController.listMerchantCustomerPaging(java.lang.String,int,int)
14:47:12.832 [main] INFO  o.s.w.s.m.m.a.RequestMappingHandlerMapping - Mapped "{[/merchant/addMerchant],methods=[POST],produces=[application/json;charset=UTF-8]}" onto public com.lihebin.manage.bean.MerchantRes com.lihebin.manage.web.MerchantController.addMerchant(com.lihebin.manage.bean.MerchantNew)
14:47:12.834 [main] INFO  o.s.w.s.m.m.a.RequestMappingHandlerMapping - Mapped "{[/user/logout],methods=[GET]}" onto public void com.lihebin.manage.web.MerchantUserController.logout(java.lang.String)
14:47:12.834 [main] INFO  o.s.w.s.m.m.a.RequestMappingHandlerMapping - Mapped "{[/user/login],methods=[POST],produces=[application/json;charset=UTF-8]}" onto public com.lihebin.manage.bean.LoginRes com.lihebin.manage.web.MerchantUserController.login(com.lihebin.manage.bean.Login)
14:47:12.839 [main] INFO  o.s.w.s.m.m.a.RequestMappingHandlerMapping - Mapped "{[/error]}" onto public org.springframework.http.ResponseEntity<java.util.Map<java.lang.String, java.lang.Object>> org.springframework.boot.autoconfigure.web.BasicErrorController.error(javax.servlet.http.HttpServletRequest)
14:47:12.840 [main] INFO  o.s.w.s.m.m.a.RequestMappingHandlerMapping - Mapped "{[/error],produces=[text/html]}" onto public org.springframework.web.servlet.ModelAndView org.springframework.boot.autoconfigure.web.BasicErrorController.errorHtml(javax.servlet.http.HttpServletRequest,javax.servlet.http.HttpServletResponse)
14:47:12.975 [main] INFO  o.s.w.s.m.m.a.RequestMappingHandlerAdapter - Looking for @ControllerAdvice: org.springframework.boot.context.embedded.AnnotationConfigEmbeddedWebApplicationContext@7ac296f6: startup date [Sun Jun 09 14:47:06 CST 2019]; root of context hierarchy
14:47:13.084 [main] INFO  o.s.w.s.m.m.a.ExceptionHandlerExceptionResolver - Detected @ExceptionHandler methods in exceptionHandle
14:47:14.399 [main] INFO  o.s.j.e.a.AnnotationMBeanExporter - Registering beans for JMX exposure on startup
14:47:14.400 [main] INFO  o.s.j.e.a.AnnotationMBeanExporter - Bean with name 'userDataSource' has been autodetected for JMX exposure
14:47:14.401 [main] INFO  o.s.j.e.a.AnnotationMBeanExporter - Bean with name 'manageDataSource' has been autodetected for JMX exposure
14:47:14.408 [main] INFO  o.s.j.e.a.AnnotationMBeanExporter - Located MBean 'userDataSource': registering with JMX server as MBean [com.alibaba.druid.pool:name=userDataSource,type=DruidDataSource]
14:47:14.409 [main] INFO  o.s.j.e.a.AnnotationMBeanExporter - Located MBean 'manageDataSource': registering with JMX server as MBean [com.alibaba.druid.pool:name=manageDataSource,type=DruidDataSource]
14:47:14.413 [main] INFO  o.s.c.s.DefaultLifecycleProcessor - Starting beans in phase 2147483647
14:47:14.488 [main] INFO  o.s.b.c.e.t.TomcatEmbeddedServletContainer - Tomcat started on port(s): 8080 (http)
14:47:14.495 [main] INFO  com.lihebin.manage.Application - Started Application in 8.767 seconds (JVM running for 9.502)
14:47:35.611 [http-nio-8080-exec-1] INFO  o.a.c.c.C.[Tomcat].[localhost].[/] - Initializing Spring FrameworkServlet 'dispatcherServlet'
14:47:35.612 [http-nio-8080-exec-1] INFO  o.s.web.servlet.DispatcherServlet - FrameworkServlet 'dispatcherServlet': initialization started
14:47:35.648 [http-nio-8080-exec-1] INFO  o.s.web.servlet.DispatcherServlet - FrameworkServlet 'dispatcherServlet': initialization completed in 36 ms
14:47:35.862 [http-nio-8080-exec-1] INFO  c.l.manage.config.ServiceLogAspect - [ID26][addMerchant] web request>>[com.lihebin.manage.bean.MerchantNew@1d27efd]
14:47:35.899 [http-nio-8080-exec-1] INFO  o.h.h.i.QueryTranslatorFactoryInitiator - HHH000397: Using ASTQueryTranslatorFactory
14:47:36.122 [http-nio-8080-exec-1] INFO  o.s.b.f.xml.XmlBeanDefinitionReader - Loading XML bean definitions from class path resource [org/springframework/jdbc/support/sql-error-codes.xml]
14:47:36.160 [http-nio-8080-exec-1] INFO  o.s.j.support.SQLErrorCodesFactory - SQLErrorCodes loaded: [DB2, Derby, H2, HSQL, Informix, MS-SQL, MySQL, Oracle, PostgreSQL, Sybase, Hana]
14:57:42.871 [http-nio-8080-exec-5] INFO  c.l.manage.config.ServiceLogAspect - [ID30][addMerchant] web request>>[com.lihebin.manage.bean.MerchantNew@3be2a800]
