17:00:55.564 [http-nio-8080-exec-5] INFO  c.l.manage.config.TokenInterceptor - TokenInterceptor:undefined
17:01:08.553 [http-nio-8080-exec-7] INFO  c.l.manage.config.ServiceLogAspect - [ID32][login] web request>>[com.lihebin.manage.bean.Login@1deac87d]
17:01:09.031 [http-nio-8080-exec-7] INFO  c.l.manage.config.ServiceLogAspect - [ID32][login] web response>>com.lihebin.manage.bean.Result@36710e52
17:01:09.055 [http-nio-8080-exec-9] INFO  c.l.manage.config.TokenInterceptor - TokenInterceptor:dd32cb1270a6583de9bcbc57177a0b5c
17:02:02.900 [http-nio-8080-exec-1] INFO  c.l.manage.config.TokenInterceptor - TokenInterceptor:dd32cb1270a6583de9bcbc57177a0b5c
17:02:16.134 [http-nio-8080-exec-3] INFO  c.l.manage.config.ServiceLogAspect - [ID28][login] web request>>[com.lihebin.manage.bean.Login@30194807]
17:02:16.610 [http-nio-8080-exec-3] INFO  c.l.manage.config.ServiceLogAspect - [ID28][login] web response>>com.lihebin.manage.bean.Result@5594669f
17:02:16.635 [http-nio-8080-exec-5] INFO  c.l.manage.config.TokenInterceptor - TokenInterceptor:a4767dcda85c9b633534d4cc168d9796
17:03:33.093 [http-nio-8080-exec-8] INFO  c.l.manage.config.TokenInterceptor - TokenInterceptor:a4767dcda85c9b633534d4cc168d9796
17:04:26.140 [http-nio-8080-exec-10] INFO  c.l.manage.config.TokenInterceptor - TokenInterceptor:a4767dcda85c9b633534d4cc168d9796
17:04:38.800 [http-nio-8080-exec-2] INFO  c.l.manage.config.ServiceLogAspect - [ID27][login] web request>>[com.lihebin.manage.bean.Login@64654407]
17:04:39.234 [http-nio-8080-exec-2] INFO  c.l.manage.config.ServiceLogAspect - [ID27][login] web response>>com.lihebin.manage.bean.Result@7fceb602
17:04:39.259 [http-nio-8080-exec-4] INFO  c.l.manage.config.TokenInterceptor - TokenInterceptor:fd7d4c191cb9a74aa21f7019856e5fb3
17:05:37.106 [http-nio-8080-exec-6] INFO  c.l.manage.config.TokenInterceptor - TokenInterceptor:fd7d4c191cb9a74aa21f7019856e5fb3
17:07:24.034 [http-nio-8080-exec-9] INFO  c.l.manage.config.ServiceLogAspect - [ID34][login] web request>>[com.lihebin.manage.bean.Login@5c0a698c]
17:07:24.601 [http-nio-8080-exec-9] INFO  c.l.manage.config.ServiceLogAspect - [ID34][login] web response>>com.lihebin.manage.bean.Result@50fd891
17:08:25.551 [http-nio-8080-exec-1] INFO  c.l.manage.config.TokenInterceptor - TokenInterceptor:282ca9c01a06055bfe5e269060220a04
17:09:03.236 [http-nio-8080-exec-3] INFO  c.l.manage.config.ServiceLogAspect - [ID28][login] web request>>[com.lihebin.manage.bean.Login@5759380f]
17:09:03.808 [http-nio-8080-exec-3] INFO  c.l.manage.config.ServiceLogAspect - [ID28][login] web response>>com.lihebin.manage.bean.Result@24e34aaa
17:09:12.597 [http-nio-8080-exec-5] INFO  c.l.manage.config.TokenInterceptor - TokenInterceptor:9e0283fc1ef8024f9e764bcb241228fc
17:11:35.662 [Thread-5] INFO  o.s.b.c.e.AnnotationConfigEmbeddedWebApplicationContext - Closing org.springframework.boot.context.embedded.AnnotationConfigEmbeddedWebApplicationContext@7ac296f6: startup date [Sun Jun 16 16:56:19 CST 2019]; root of context hierarchy
17:11:35.663 [Thread-5] INFO  o.s.c.s.DefaultLifecycleProcessor - Stopping beans in phase 2147483647
17:11:35.664 [Thread-5] INFO  o.s.c.s.DefaultLifecycleProcessor - Stopping beans in phase 0
17:11:35.664 [Thread-5] INFO  o.s.j.e.a.AnnotationMBeanExporter - Unregistering JMX-exposed beans on shutdown
17:11:35.664 [Thread-5] INFO  o.s.j.e.a.AnnotationMBeanExporter - Unregistering JMX-exposed beans
17:11:35.666 [Thread-5] INFO  o.s.o.j.LocalContainerEntityManagerFactoryBean - Closing JPA EntityManagerFactory for persistence unit 'userPersistenceUnit'
17:11:35.667 [Thread-5] INFO  o.s.o.j.LocalContainerEntityManagerFactoryBean - Closing JPA EntityManagerFactory for persistence unit 'managePersistenceUnit'
17:11:35.670 [Thread-5] INFO  c.alibaba.druid.pool.DruidDataSource - {dataSource-1} closed
17:11:41.850 [main] INFO  com.lihebin.manage.Application - Starting Application on lihebindembp with PID 47028 (/Users/lihebin/github/merchant-manage-backend/manage-war/target/classes started by lihebin in /Users/lihebin/github/merchant-manage-backend)
17:11:41.854 [main] INFO  com.lihebin.manage.Application - The following profiles are active: test
17:11:41.990 [main] INFO  o.s.b.c.e.AnnotationConfigEmbeddedWebApplicationContext - Refreshing org.springframework.boot.context.embedded.AnnotationConfigEmbeddedWebApplicationContext@7ac296f6: startup date [Sun Jun 16 17:11:41 CST 2019]; root of context hierarchy
17:11:42.898 [main] INFO  o.s.d.r.c.RepositoryConfigurationDelegate - Multiple Spring Data modules found, entering strict repository configuration mode!
17:11:42.991 [main] INFO  o.s.b.f.s.DefaultListableBeanFactory - Overriding bean definition for bean 'entityManager' with a different definition: replacing [Root bean: class [null]; scope=; abstract=false; lazyInit=false; autowireMode=3; dependencyCheck=0; autowireCandidate=true; primary=true; factoryBeanName=manageJpaConfig; factoryMethodName=entityManager; initMethodName=null; destroyMethodName=(inferred); defined in class path resource [com/lihebin/manage/config/ManageJpaConfig.class]] with [Root bean: class [null]; scope=; abstract=false; lazyInit=false; autowireMode=3; dependencyCheck=0; autowireCandidate=true; primary=false; factoryBeanName=userJpaConfig; factoryMethodName=entityManager; initMethodName=null; destroyMethodName=(inferred); defined in class path resource [com/lihebin/manage/config/UserJpaConfig.class]]
17:11:42.994 [main] INFO  o.s.d.r.c.RepositoryConfigurationDelegate - Multiple Spring Data modules found, entering strict repository configuration mode!
17:11:42.998 [main] INFO  o.s.b.f.xml.XmlBeanDefinitionReader - Loading XML bean definitions from file [/Users/lihebin/github/merchant-manage-backend/manage-war/target/classes/spring/interceptor-config.xml]
17:11:43.333 [main] INFO  o.s.d.r.c.RepositoryConfigurationDelegate - Multiple Spring Data modules found, entering strict repository configuration mode!
17:11:43.378 [main] INFO  o.s.d.r.c.RepositoryConfigurationExtensionSupport - Spring Data Redis - Could not safely identify store assignment for repository candidate interface com.lihebin.manage.dao.manage.MerchantConsumerDao.
17:11:43.380 [main] INFO  o.s.d.r.c.RepositoryConfigurationExtensionSupport - Spring Data Redis - Could not safely identify store assignment for repository candidate interface com.lihebin.manage.dao.manage.ConsumerDao.
17:11:43.380 [main] INFO  o.s.d.r.c.RepositoryConfigurationExtensionSupport - Spring Data Redis - Could not safely identify store assignment for repository candidate interface com.lihebin.manage.dao.manage.OrderDao.
17:11:43.381 [main] INFO  o.s.d.r.c.RepositoryConfigurationExtensionSupport - Spring Data Redis - Could not safely identify store assignment for repository candidate interface com.lihebin.manage.dao.manage.MerchantUserDao.
17:11:43.382 [main] INFO  o.s.d.r.c.RepositoryConfigurationExtensionSupport - Spring Data Redis - Could not safely identify store assignment for repository candidate interface com.lihebin.manage.dao.manage.MerchantDao.
17:11:43.383 [main] INFO  o.s.d.r.c.RepositoryConfigurationExtensionSupport - Spring Data Redis - Could not safely identify store assignment for repository candidate interface com.lihebin.manage.dao.manage.MerchantConsumerWalletDao.
17:11:43.881 [main] INFO  o.s.c.s.PostProcessorRegistrationDelegate$BeanPostProcessorChecker - Bean 'org.springframework.kafka.annotation.KafkaBootstrapConfiguration' of type [org.springframework.kafka.annotation.KafkaBootstrapConfiguration$$EnhancerBySpringCGLIB$$f5819c0f] is not eligible for getting processed by all BeanPostProcessors (for example: not eligible for auto-proxying)
17:11:44.899 [main] INFO  o.s.b.c.e.t.TomcatEmbeddedServletContainer - Tomcat initialized with port(s): 8080 (http)
17:11:44.920 [main] INFO  o.a.catalina.core.StandardService - Starting service [Tomcat]
17:11:44.922 [main] INFO  o.a.catalina.core.StandardEngine - Starting Servlet Engine: Apache Tomcat/8.5.23
17:11:45.085 [localhost-startStop-1] INFO  o.a.c.c.C.[Tomcat].[localhost].[/] - Initializing Spring embedded WebApplicationContext
17:11:45.085 [localhost-startStop-1] INFO  o.s.web.context.ContextLoader - Root WebApplicationContext: initialization completed in 3095 ms
17:11:45.415 [localhost-startStop-1] INFO  o.s.b.w.s.FilterRegistrationBean - Mapping filter: 'characterEncodingFilter' to: [/*]
17:11:45.416 [localhost-startStop-1] INFO  o.s.b.w.s.FilterRegistrationBean - Mapping filter: 'corsFilter' to: [/*]
17:11:45.416 [localhost-startStop-1] INFO  o.s.b.w.s.ServletRegistrationBean - Mapping servlet: 'dispatcherServlet' to [/]
17:11:48.645 [main] INFO  c.alibaba.druid.pool.DruidDataSource - {dataSource-1} inited
17:11:48.691 [main] INFO  o.s.o.j.LocalContainerEntityManagerFactoryBean - Building JPA container EntityManagerFactory for persistence unit 'managePersistenceUnit'
17:11:48.711 [main] INFO  o.h.jpa.internal.util.LogHelper - HHH000204: Processing PersistenceUnitInfo [
	name: managePersistenceUnit
	...]
17:11:48.805 [main] INFO  org.hibernate.Version - HHH000412: Hibernate Core {5.0.12.Final}
17:11:48.807 [main] INFO  org.hibernate.cfg.Environment - HHH000206: hibernate.properties not found
17:11:48.808 [main] INFO  org.hibernate.cfg.Environment - HHH000021: Bytecode provider name : javassist
17:11:48.854 [main] INFO  o.h.annotations.common.Version - HCANN000001: Hibernate Commons Annotations {5.0.1.Final}
17:11:48.990 [main] INFO  org.hibernate.dialect.Dialect - HHH000400: Using dialect: org.hibernate.dialect.MySQL5Dialect
17:11:49.214 [main] WARN  o.h.b.i.SessionFactoryBuilderImpl - Unrecognized hbm2ddl_auto value : none.  Supported values include create, create-drop, update, and validate.  Ignoring
17:11:49.627 [main] INFO  o.s.o.j.LocalContainerEntityManagerFactoryBean - Initialized JPA EntityManagerFactory for persistence unit 'managePersistenceUnit'
17:11:49.656 [main] INFO  o.s.o.j.LocalContainerEntityManagerFactoryBean - Building JPA container EntityManagerFactory for persistence unit 'userPersistenceUnit'
17:11:49.657 [main] INFO  o.h.jpa.internal.util.LogHelper - HHH000204: Processing PersistenceUnitInfo [
	name: userPersistenceUnit
	...]
17:11:49.671 [main] INFO  org.hibernate.dialect.Dialect - HHH000400: Using dialect: org.hibernate.dialect.MySQL5Dialect
17:11:49.692 [main] WARN  o.h.b.i.SessionFactoryBuilderImpl - Unrecognized hbm2ddl_auto value : none.  Supported values include create, create-drop, update, and validate.  Ignoring
17:11:49.754 [main] INFO  o.s.o.j.LocalContainerEntityManagerFactoryBean - Initialized JPA EntityManagerFactory for persistence unit 'userPersistenceUnit'
17:11:50.464 [main] INFO  o.s.w.s.m.m.a.RequestMappingHandlerMapping - Mapped "{[/merchant/listMerchantCustomerPaging],methods=[GET]}" onto public com.lihebin.manage.bean.Result com.lihebin.manage.web.MerchantController.listMerchantCustomerPaging(java.lang.String,int,int)
17:11:50.466 [main] INFO  o.s.w.s.m.m.a.RequestMappingHandlerMapping - Mapped "{[/merchant/addMerchant],methods=[POST],produces=[application/json;charset=UTF-8]}" onto public com.lihebin.manage.bean.Result com.lihebin.manage.web.MerchantController.addMerchant(com.lihebin.manage.bean.MerchantNew)
17:11:50.466 [main] INFO  o.s.w.s.m.m.a.RequestMappingHandlerMapping - Mapped "{[/merchant/updateMerchant],methods=[POST],produces=[application/json;charset=UTF-8]}" onto public com.lihebin.manage.bean.Result com.lihebin.manage.web.MerchantController.updateMerchant(com.lihebin.manage.bean.MerchantUpdate)
17:11:50.467 [main] INFO  o.s.w.s.m.m.a.RequestMappingHandlerMapping - Mapped "{[/user/logout],methods=[GET]}" onto public com.lihebin.manage.bean.Result com.lihebin.manage.web.MerchantUserController.logout(java.lang.String)
17:11:50.467 [main] INFO  o.s.w.s.m.m.a.RequestMappingHandlerMapping - Mapped "{[/user/api/check],methods=[GET]}" onto public com.lihebin.manage.bean.Result com.lihebin.manage.web.MerchantUserController.checkToken()
17:11:50.468 [main] INFO  o.s.w.s.m.m.a.RequestMappingHandlerMapping - Mapped "{[/user/login],methods=[POST],produces=[application/json;charset=UTF-8]}" onto public com.lihebin.manage.bean.Result com.lihebin.manage.web.MerchantUserController.login(com.lihebin.manage.bean.Login)
17:11:50.472 [main] INFO  o.s.w.s.m.m.a.RequestMappingHandlerMapping - Mapped "{[/error]}" onto public org.springframework.http.ResponseEntity<java.util.Map<java.lang.String, java.lang.Object>> org.springframework.boot.autoconfigure.web.BasicErrorController.error(javax.servlet.http.HttpServletRequest)
17:11:50.473 [main] INFO  o.s.w.s.m.m.a.RequestMappingHandlerMapping - Mapped "{[/error],produces=[text/html]}" onto public org.springframework.web.servlet.ModelAndView org.springframework.boot.autoconfigure.web.BasicErrorController.errorHtml(javax.servlet.http.HttpServletRequest,javax.servlet.http.HttpServletResponse)
17:11:50.580 [main] INFO  o.s.w.s.m.m.a.RequestMappingHandlerAdapter - Looking for @ControllerAdvice: org.springframework.boot.context.embedded.AnnotationConfigEmbeddedWebApplicationContext@7ac296f6: startup date [Sun Jun 16 17:11:41 CST 2019]; root of context hierarchy
17:11:50.665 [main] INFO  o.s.w.s.m.m.a.ExceptionHandlerExceptionResolver - Detected @ExceptionHandler methods in exceptionHandle
17:11:51.754 [main] INFO  o.s.j.e.a.AnnotationMBeanExporter - Registering beans for JMX exposure on startup
17:11:51.755 [main] INFO  o.s.j.e.a.AnnotationMBeanExporter - Bean with name 'userDataSource' has been autodetected for JMX exposure
17:11:51.756 [main] INFO  o.s.j.e.a.AnnotationMBeanExporter - Bean with name 'manageDataSource' has been autodetected for JMX exposure
17:11:51.762 [main] INFO  o.s.j.e.a.AnnotationMBeanExporter - Located MBean 'userDataSource': registering with JMX server as MBean [com.alibaba.druid.pool:name=userDataSource,type=DruidDataSource]
17:11:51.763 [main] INFO  o.s.j.e.a.AnnotationMBeanExporter - Located MBean 'manageDataSource': registering with JMX server as MBean [com.alibaba.druid.pool:name=manageDataSource,type=DruidDataSource]
17:11:51.767 [main] INFO  o.s.c.s.DefaultLifecycleProcessor - Starting beans in phase 2147483647
17:11:51.835 [main] INFO  o.s.b.c.e.t.TomcatEmbeddedServletContainer - Tomcat started on port(s): 8080 (http)
17:11:51.840 [main] INFO  com.lihebin.manage.Application - Started Application in 10.431 seconds (JVM running for 11.091)
17:12:21.232 [http-nio-8080-exec-1] INFO  o.a.c.c.C.[Tomcat].[localhost].[/] - Initializing Spring FrameworkServlet 'dispatcherServlet'
17:12:21.233 [http-nio-8080-exec-1] INFO  o.s.web.servlet.DispatcherServlet - FrameworkServlet 'dispatcherServlet': initialization started
17:12:21.266 [http-nio-8080-exec-1] INFO  o.s.web.servlet.DispatcherServlet - FrameworkServlet 'dispatcherServlet': initialization completed in 33 ms
17:12:21.448 [http-nio-8080-exec-2] INFO  c.l.manage.config.ServiceLogAspect - [ID27][login] web request>>:[[com.lihebin.manage.bean.Login@14489045]]
17:12:21.480 [http-nio-8080-exec-2] INFO  o.h.h.i.QueryTranslatorFactoryInitiator - HHH000397: Using ASTQueryTranslatorFactory
17:12:22.286 [http-nio-8080-exec-2] INFO  c.l.manage.config.ServiceLogAspect - [ID27][login] web response>>:[com.lihebin.manage.bean.Result@33e2e959]
17:12:22.532 [http-nio-8080-exec-4] INFO  c.l.manage.config.ServiceLogAspect - [ID29][checkToken] web request>>:[[]]
17:12:22.533 [http-nio-8080-exec-4] INFO  c.l.manage.config.ServiceLogAspect - [ID29][checkToken] web response>>:[com.lihebin.manage.bean.Result@3b474f5f]
17:12:51.032 [Thread-5] INFO  o.s.b.c.e.AnnotationConfigEmbeddedWebApplicationContext - Closing org.springframework.boot.context.embedded.AnnotationConfigEmbeddedWebApplicationContext@7ac296f6: startup date [Sun Jun 16 17:11:41 CST 2019]; root of context hierarchy
17:12:51.034 [Thread-5] INFO  o.s.c.s.DefaultLifecycleProcessor - Stopping beans in phase 2147483647
17:12:51.035 [Thread-5] INFO  o.s.c.s.DefaultLifecycleProcessor - Stopping beans in phase 0
17:12:51.035 [Thread-5] INFO  o.s.j.e.a.AnnotationMBeanExporter - Unregistering JMX-exposed beans on shutdown
17:12:51.036 [Thread-5] INFO  o.s.j.e.a.AnnotationMBeanExporter - Unregistering JMX-exposed beans
17:12:51.039 [Thread-5] INFO  o.s.o.j.LocalContainerEntityManagerFactoryBean - Closing JPA EntityManagerFactory for persistence unit 'userPersistenceUnit'
17:12:51.041 [Thread-5] INFO  o.s.o.j.LocalContainerEntityManagerFactoryBean - Closing JPA EntityManagerFactory for persistence unit 'managePersistenceUnit'
17:12:51.047 [Thread-5] INFO  c.alibaba.druid.pool.DruidDataSource - {dataSource-1} closed
17:12:56.728 [main] INFO  com.lihebin.manage.Application - Starting Application on lihebindembp with PID 47032 (/Users/lihebin/github/merchant-manage-backend/manage-war/target/classes started by lihebin in /Users/lihebin/github/merchant-manage-backend)
17:12:56.732 [main] INFO  com.lihebin.manage.Application - The following profiles are active: test
17:12:56.880 [main] INFO  o.s.b.c.e.AnnotationConfigEmbeddedWebApplicationContext - Refreshing org.springframework.boot.context.embedded.AnnotationConfigEmbeddedWebApplicationContext@7ac296f6: startup date [Sun Jun 16 17:12:56 CST 2019]; root of context hierarchy
17:12:57.747 [main] INFO  o.s.d.r.c.RepositoryConfigurationDelegate - Multiple Spring Data modules found, entering strict repository configuration mode!
17:12:57.848 [main] INFO  o.s.b.f.s.DefaultListableBeanFactory - Overriding bean definition for bean 'entityManager' with a different definition: replacing [Root bean: class [null]; scope=; abstract=false; lazyInit=false; autowireMode=3; dependencyCheck=0; autowireCandidate=true; primary=true; factoryBeanName=manageJpaConfig; factoryMethodName=entityManager; initMethodName=null; destroyMethodName=(inferred); defined in class path resource [com/lihebin/manage/config/ManageJpaConfig.class]] with [Root bean: class [null]; scope=; abstract=false; lazyInit=false; autowireMode=3; dependencyCheck=0; autowireCandidate=true; primary=false; factoryBeanName=userJpaConfig; factoryMethodName=entityManager; initMethodName=null; destroyMethodName=(inferred); defined in class path resource [com/lihebin/manage/config/UserJpaConfig.class]]
17:12:57.851 [main] INFO  o.s.d.r.c.RepositoryConfigurationDelegate - Multiple Spring Data modules found, entering strict repository configuration mode!
17:12:57.855 [main] INFO  o.s.b.f.xml.XmlBeanDefinitionReader - Loading XML bean definitions from file [/Users/lihebin/github/merchant-manage-backend/manage-war/target/classes/spring/interceptor-config.xml]
17:12:58.174 [main] INFO  o.s.d.r.c.RepositoryConfigurationDelegate - Multiple Spring Data modules found, entering strict repository configuration mode!
17:12:58.215 [main] INFO  o.s.d.r.c.RepositoryConfigurationExtensionSupport - Spring Data Redis - Could not safely identify store assignment for repository candidate interface com.lihebin.manage.dao.manage.MerchantConsumerDao.
17:12:58.218 [main] INFO  o.s.d.r.c.RepositoryConfigurationExtensionSupport - Spring Data Redis - Could not safely identify store assignment for repository candidate interface com.lihebin.manage.dao.manage.ConsumerDao.
17:12:58.218 [main] INFO  o.s.d.r.c.RepositoryConfigurationExtensionSupport - Spring Data Redis - Could not safely identify store assignment for repository candidate interface com.lihebin.manage.dao.manage.OrderDao.
17:12:58.219 [main] INFO  o.s.d.r.c.RepositoryConfigurationExtensionSupport - Spring Data Redis - Could not safely identify store assignment for repository candidate interface com.lihebin.manage.dao.manage.MerchantUserDao.
17:12:58.219 [main] INFO  o.s.d.r.c.RepositoryConfigurationExtensionSupport - Spring Data Redis - Could not safely identify store assignment for repository candidate interface com.lihebin.manage.dao.manage.MerchantDao.
17:12:58.220 [main] INFO  o.s.d.r.c.RepositoryConfigurationExtensionSupport - Spring Data Redis - Could not safely identify store assignment for repository candidate interface com.lihebin.manage.dao.manage.MerchantConsumerWalletDao.
17:12:58.726 [main] INFO  o.s.c.s.PostProcessorRegistrationDelegate$BeanPostProcessorChecker - Bean 'org.springframework.kafka.annotation.KafkaBootstrapConfiguration' of type [org.springframework.kafka.annotation.KafkaBootstrapConfiguration$$EnhancerBySpringCGLIB$$3430cf46] is not eligible for getting processed by all BeanPostProcessors (for example: not eligible for auto-proxying)
17:12:59.780 [main] INFO  o.s.b.c.e.t.TomcatEmbeddedServletContainer - Tomcat initialized with port(s): 8080 (http)
17:12:59.801 [main] INFO  o.a.catalina.core.StandardService - Starting service [Tomcat]
17:12:59.804 [main] INFO  o.a.catalina.core.StandardEngine - Starting Servlet Engine: Apache Tomcat/8.5.23
17:12:59.955 [localhost-startStop-1] INFO  o.a.c.c.C.[Tomcat].[localhost].[/] - Initializing Spring embedded WebApplicationContext
17:12:59.956 [localhost-startStop-1] INFO  o.s.web.context.ContextLoader - Root WebApplicationContext: initialization completed in 3075 ms
17:13:00.233 [localhost-startStop-1] INFO  o.s.b.w.s.FilterRegistrationBean - Mapping filter: 'characterEncodingFilter' to: [/*]
17:13:00.234 [localhost-startStop-1] INFO  o.s.b.w.s.FilterRegistrationBean - Mapping filter: 'corsFilter' to: [/*]
17:13:00.234 [localhost-startStop-1] INFO  o.s.b.w.s.ServletRegistrationBean - Mapping servlet: 'dispatcherServlet' to [/]
17:13:03.457 [main] INFO  c.alibaba.druid.pool.DruidDataSource - {dataSource-1} inited
17:13:03.505 [main] INFO  o.s.o.j.LocalContainerEntityManagerFactoryBean - Building JPA container EntityManagerFactory for persistence unit 'managePersistenceUnit'
17:13:03.525 [main] INFO  o.h.jpa.internal.util.LogHelper - HHH000204: Processing PersistenceUnitInfo [
	name: managePersistenceUnit
	...]
17:13:03.620 [main] INFO  org.hibernate.Version - HHH000412: Hibernate Core {5.0.12.Final}
17:13:03.622 [main] INFO  org.hibernate.cfg.Environment - HHH000206: hibernate.properties not found
17:13:03.624 [main] INFO  org.hibernate.cfg.Environment - HHH000021: Bytecode provider name : javassist
17:13:03.671 [main] INFO  o.h.annotations.common.Version - HCANN000001: Hibernate Commons Annotations {5.0.1.Final}
17:13:03.831 [main] INFO  org.hibernate.dialect.Dialect - HHH000400: Using dialect: org.hibernate.dialect.MySQL5Dialect
17:13:04.071 [main] WARN  o.h.b.i.SessionFactoryBuilderImpl - Unrecognized hbm2ddl_auto value : none.  Supported values include create, create-drop, update, and validate.  Ignoring
17:13:04.489 [main] INFO  o.s.o.j.LocalContainerEntityManagerFactoryBean - Initialized JPA EntityManagerFactory for persistence unit 'managePersistenceUnit'
17:13:04.519 [main] INFO  o.s.o.j.LocalContainerEntityManagerFactoryBean - Building JPA container EntityManagerFactory for persistence unit 'userPersistenceUnit'
17:13:04.519 [main] INFO  o.h.jpa.internal.util.LogHelper - HHH000204: Processing PersistenceUnitInfo [
	name: userPersistenceUnit
	...]
17:13:04.529 [main] INFO  org.hibernate.dialect.Dialect - HHH000400: Using dialect: org.hibernate.dialect.MySQL5Dialect
17:13:04.549 [main] WARN  o.h.b.i.SessionFactoryBuilderImpl - Unrecognized hbm2ddl_auto value : none.  Supported values include create, create-drop, update, and validate.  Ignoring
17:13:04.612 [main] INFO  o.s.o.j.LocalContainerEntityManagerFactoryBean - Initialized JPA EntityManagerFactory for persistence unit 'userPersistenceUnit'
17:13:05.404 [main] INFO  o.s.w.s.m.m.a.RequestMappingHandlerMapping - Mapped "{[/merchant/listMerchantCustomerPaging],methods=[GET]}" onto public com.lihebin.manage.bean.Result com.lihebin.manage.web.MerchantController.listMerchantCustomerPaging(java.lang.String,int,int)
17:13:05.406 [main] INFO  o.s.w.s.m.m.a.RequestMappingHandlerMapping - Mapped "{[/merchant/addMerchant],methods=[POST],produces=[application/json;charset=UTF-8]}" onto public com.lihebin.manage.bean.Result com.lihebin.manage.web.MerchantController.addMerchant(com.lihebin.manage.bean.MerchantNew)
17:13:05.406 [main] INFO  o.s.w.s.m.m.a.RequestMappingHandlerMapping - Mapped "{[/merchant/updateMerchant],methods=[POST],produces=[application/json;charset=UTF-8]}" onto public com.lihebin.manage.bean.Result com.lihebin.manage.web.MerchantController.updateMerchant(com.lihebin.manage.bean.MerchantUpdate)
17:13:05.407 [main] INFO  o.s.w.s.m.m.a.RequestMappingHandlerMapping - Mapped "{[/user/api/check],methods=[GET]}" onto public com.lihebin.manage.bean.Result com.lihebin.manage.web.MerchantUserController.checkToken()
17:13:05.408 [main] INFO  o.s.w.s.m.m.a.RequestMappingHandlerMapping - Mapped "{[/user/logout],methods=[GET]}" onto public com.lihebin.manage.bean.Result com.lihebin.manage.web.MerchantUserController.logout(java.lang.String)
17:13:05.408 [main] INFO  o.s.w.s.m.m.a.RequestMappingHandlerMapping - Mapped "{[/user/login],methods=[POST],produces=[application/json;charset=UTF-8]}" onto public com.lihebin.manage.bean.Result com.lihebin.manage.web.MerchantUserController.login(com.lihebin.manage.bean.Login)
17:13:05.414 [main] INFO  o.s.w.s.m.m.a.RequestMappingHandlerMapping - Mapped "{[/error]}" onto public org.springframework.http.ResponseEntity<java.util.Map<java.lang.String, java.lang.Object>> org.springframework.boot.autoconfigure.web.BasicErrorController.error(javax.servlet.http.HttpServletRequest)
17:13:05.415 [main] INFO  o.s.w.s.m.m.a.RequestMappingHandlerMapping - Mapped "{[/error],produces=[text/html]}" onto public org.springframework.web.servlet.ModelAndView org.springframework.boot.autoconfigure.web.BasicErrorController.errorHtml(javax.servlet.http.HttpServletRequest,javax.servlet.http.HttpServletResponse)
17:13:05.540 [main] INFO  o.s.w.s.m.m.a.RequestMappingHandlerAdapter - Looking for @ControllerAdvice: org.springframework.boot.context.embedded.AnnotationConfigEmbeddedWebApplicationContext@7ac296f6: startup date [Sun Jun 16 17:12:56 CST 2019]; root of context hierarchy
17:13:05.633 [main] INFO  o.s.w.s.m.m.a.ExceptionHandlerExceptionResolver - Detected @ExceptionHandler methods in exceptionHandle
17:13:06.862 [main] INFO  o.s.j.e.a.AnnotationMBeanExporter - Registering beans for JMX exposure on startup
17:13:06.864 [main] INFO  o.s.j.e.a.AnnotationMBeanExporter - Bean with name 'userDataSource' has been autodetected for JMX exposure
17:13:06.864 [main] INFO  o.s.j.e.a.AnnotationMBeanExporter - Bean with name 'manageDataSource' has been autodetected for JMX exposure
17:13:06.871 [main] INFO  o.s.j.e.a.AnnotationMBeanExporter - Located MBean 'userDataSource': registering with JMX server as MBean [com.alibaba.druid.pool:name=userDataSource,type=DruidDataSource]
17:13:06.872 [main] INFO  o.s.j.e.a.AnnotationMBeanExporter - Located MBean 'manageDataSource': registering with JMX server as MBean [com.alibaba.druid.pool:name=manageDataSource,type=DruidDataSource]
17:13:06.876 [main] INFO  o.s.c.s.DefaultLifecycleProcessor - Starting beans in phase 2147483647
17:13:06.952 [main] INFO  o.s.b.c.e.t.TomcatEmbeddedServletContainer - Tomcat started on port(s): 8080 (http)
17:13:06.958 [main] INFO  com.lihebin.manage.Application - Started Application in 10.71 seconds (JVM running for 11.52)
17:13:12.008 [http-nio-8080-exec-1] INFO  o.a.c.c.C.[Tomcat].[localhost].[/] - Initializing Spring FrameworkServlet 'dispatcherServlet'
17:13:12.008 [http-nio-8080-exec-1] INFO  o.s.web.servlet.DispatcherServlet - FrameworkServlet 'dispatcherServlet': initialization started
17:13:12.049 [http-nio-8080-exec-1] INFO  o.s.web.servlet.DispatcherServlet - FrameworkServlet 'dispatcherServlet': initialization completed in 41 ms
17:13:16.903 [http-nio-8080-exec-2] INFO  c.l.manage.config.TokenInterceptor - TokenInterceptor:09039165d3b9f4b2ade18147f7f17c77
17:18:24.731 [http-nio-8080-exec-4] INFO  c.l.manage.config.ServiceLogAspect - [ID29][login] web request>>:[[com.lihebin.manage.bean.Login@1cc03168]]
17:18:24.760 [http-nio-8080-exec-4] INFO  o.h.h.i.QueryTranslatorFactoryInitiator - HHH000397: Using ASTQueryTranslatorFactory
17:18:57.370 [http-nio-8080-exec-4] INFO  c.l.manage.config.ServiceLogAspect - [ID29][login] web response>>:[com.lihebin.manage.bean.Result@5b08d2ff]
17:19:08.730 [http-nio-8080-exec-6] INFO  c.l.manage.config.ServiceLogAspect - [ID31][login] web request>>:[[com.lihebin.manage.bean.Login@3ef7fc53]]
17:32:12.609 [http-nio-8080-exec-6] INFO  c.l.manage.config.ServiceLogAspect - [ID31][login] web response>>:[com.lihebin.manage.bean.Result@e072151]
17:32:20.986 [http-nio-8080-exec-8] INFO  c.l.manage.config.ServiceLogAspect - [ID33][login] web request>>:[[com.lihebin.manage.bean.Login@5436f1fe]]
17:32:38.157 [http-nio-8080-exec-8] INFO  c.l.manage.config.ServiceLogAspect - [ID33][login] web response>>:[com.lihebin.manage.bean.Result@429af2cf]
17:32:59.098 [http-nio-8080-exec-10] INFO  c.l.manage.config.ServiceLogAspect - [ID35][login] web request>>:[[com.lihebin.manage.bean.Login@367e4799]]
17:32:59.613 [http-nio-8080-exec-10] INFO  c.l.manage.config.ServiceLogAspect - [ID35][login] web response>>:[com.lihebin.manage.bean.Result@5cf520c2]
17:33:04.466 [http-nio-8080-exec-2] INFO  c.l.manage.config.TokenInterceptor - TokenInterceptor:45f423123e881140542c494b1c64f656
17:33:07.088 [http-nio-8080-exec-2] INFO  c.l.manage.config.ServiceLogAspect - [ID27][checkToken] web request>>:[[]]
17:33:07.088 [http-nio-8080-exec-2] INFO  c.l.manage.config.ServiceLogAspect - [ID27][checkToken] web response>>:[com.lihebin.manage.bean.Result@72f78b6a]
17:39:47.821 [http-nio-8080-exec-5] INFO  c.l.manage.config.TokenInterceptor - TokenInterceptor:45f423123e881140542c494b1c64f656
17:40:09.734 [http-nio-8080-exec-7] INFO  c.l.manage.config.TokenInterceptor - TokenInterceptor:45f423123e881140542c494b1c64f656
17:40:09.929 [http-nio-8080-exec-5] INFO  c.l.manage.config.ServiceLogAspect - [ID30][checkToken] web request>>:[[]]
17:40:09.930 [http-nio-8080-exec-5] INFO  c.l.manage.config.ServiceLogAspect - [ID30][checkToken] web response>>:[com.lihebin.manage.bean.Result@25f807dc]
17:40:09.933 [http-nio-8080-exec-7] INFO  c.l.manage.config.ServiceLogAspect - [ID32][checkToken] web request>>:[[]]
17:40:09.933 [http-nio-8080-exec-7] INFO  c.l.manage.config.ServiceLogAspect - [ID32][checkToken] web response>>:[com.lihebin.manage.bean.Result@63a7e7da]
