23:25:49.881 [http-nio-8080-exec-4] INFO  c.l.manage.config.TokenInterceptor - TokenInterceptor:18997ef875ead36f941f6b97735dc1d8
23:26:02.119 [http-nio-8080-exec-6] INFO  c.l.manage.config.ServiceLogAspect - [ID31][login] web request>>:[[com.lihebin.manage.bean.Login@60de4b4f]]
23:26:04.701 [http-nio-8080-exec-6] INFO  c.l.manage.config.ServiceLogAspect - [ID31][login] web response>>:[{"code":0,"data":{"merchantId":1,"token":"bfc4901e54edde4d4a1348d8450cf04d","type":1},"msg":"SUCCESS"}]
23:26:04.729 [http-nio-8080-exec-8] INFO  c.l.manage.config.TokenInterceptor - TokenInterceptor:bfc4901e54edde4d4a1348d8450cf04d
23:26:04.859 [http-nio-8080-exec-8] INFO  c.l.manage.config.ServiceLogAspect - [ID33][checkToken] web request>>:[[]]
23:26:04.860 [http-nio-8080-exec-8] INFO  c.l.manage.config.ServiceLogAspect - [ID33][checkToken] web response>>:[{"code":0,"msg":"SUCCESS"}]
23:26:07.731 [http-nio-8080-exec-9] INFO  c.l.manage.config.TokenInterceptor - TokenInterceptor:bfc4901e54edde4d4a1348d8450cf04d
23:26:07.863 [http-nio-8080-exec-9] INFO  c.l.manage.config.ServiceLogAspect - [ID34][checkToken] web request>>:[[]]
23:26:07.864 [http-nio-8080-exec-9] INFO  c.l.manage.config.ServiceLogAspect - [ID34][checkToken] web response>>:[{"code":0,"msg":"SUCCESS"}]
23:26:08.243 [http-nio-8080-exec-1] INFO  c.l.manage.config.TokenInterceptor - TokenInterceptor:bfc4901e54edde4d4a1348d8450cf04d
23:26:08.374 [http-nio-8080-exec-1] INFO  c.l.manage.config.ServiceLogAspect - [ID26][listMerchantConsumerPaging] web request>>:[[bfc4901e54edde4d4a1348d8450cf04d, null, null, 0, 10]]
23:26:08.790 [http-nio-8080-exec-1] INFO  c.l.manage.config.ServiceLogAspect - [ID26][listMerchantConsumerPaging] web response>>:[{"code":0,"data":{"content":[{"consumerCellphone":"18301900685","consumerName":"test","ctime":1561126243000,"id":1,"merchantId":1,"mtime":1561126243000}],"first":true,"last":true,"number":0,"numberOfElements":1,"size":0,"totalElements":1,"totalPages":1},"msg":"SUCCESS"}]
23:26:42.043 [http-nio-8080-exec-3] INFO  c.l.manage.config.TokenInterceptor - TokenInterceptor:bfc4901e54edde4d4a1348d8450cf04d
23:26:42.185 [http-nio-8080-exec-3] INFO  c.l.manage.config.ServiceLogAspect - [ID28][addMerchantConsumer] web request>>:[[bfc4901e54edde4d4a1348d8450cf04d, com.lihebin.manage.bean.MerchantConsumerAdd@5b9d4f75]]
23:26:42.612 [http-nio-8080-exec-3] INFO  c.l.manage.config.ServiceLogAspect - [ID28][addMerchantConsumer] web response>>:[{"code":0,"data":{"id":2},"msg":"SUCCESS"}]
23:26:42.635 [http-nio-8080-exec-5] INFO  c.l.manage.config.TokenInterceptor - TokenInterceptor:bfc4901e54edde4d4a1348d8450cf04d
23:26:42.770 [http-nio-8080-exec-5] INFO  c.l.manage.config.ServiceLogAspect - [ID30][listMerchantConsumerPaging] web request>>:[[bfc4901e54edde4d4a1348d8450cf04d, null, null, 0, 10]]
23:26:43.183 [http-nio-8080-exec-5] INFO  c.l.manage.config.ServiceLogAspect - [ID30][listMerchantConsumerPaging] web response>>:[{"code":0,"data":{"content":[{"consumerCellphone":"18301900685","consumerName":"test","ctime":1561126243000,"id":1,"merchantId":1,"mtime":1561126243000},{"consumerCellphone":"18317713498","consumerName":"test2","ctime":1561130802000,"id":2,"merchantId":1,"mtime":1561130802000}],"first":true,"last":true,"number":0,"numberOfElements":2,"size":0,"totalElements":2,"totalPages":1},"msg":"SUCCESS"}]
23:27:02.766 [http-nio-8080-exec-7] INFO  c.l.manage.config.TokenInterceptor - TokenInterceptor:bfc4901e54edde4d4a1348d8450cf04d
23:27:02.900 [http-nio-8080-exec-7] INFO  c.l.manage.config.ServiceLogAspect - [ID32][listMerchantConsumerPaging] web request>>:[[bfc4901e54edde4d4a1348d8450cf04d, null, null, 0, 10]]
23:27:03.317 [http-nio-8080-exec-7] INFO  c.l.manage.config.ServiceLogAspect - [ID32][listMerchantConsumerPaging] web response>>:[{"code":0,"data":{"content":[{"consumerCellphone":"18301900685","consumerName":"test","ctime":1561126243000,"id":1,"merchantId":1,"mtime":1561126243000},{"consumerCellphone":"18317713498","consumerName":"test2","ctime":1561130802000,"id":2,"merchantId":1,"mtime":1561130802000}],"first":true,"last":true,"number":0,"numberOfElements":2,"size":0,"totalElements":2,"totalPages":1},"msg":"SUCCESS"}]
23:28:50.699 [http-nio-8080-exec-10] INFO  c.l.manage.config.TokenInterceptor - TokenInterceptor:bfc4901e54edde4d4a1348d8450cf04d
23:28:50.931 [http-nio-8080-exec-10] INFO  c.l.manage.config.ServiceLogAspect - [ID35][listMerchantConsumerPaging] web request>>:[[bfc4901e54edde4d4a1348d8450cf04d, null, null, 0, 10]]
23:28:51.390 [http-nio-8080-exec-10] INFO  c.l.manage.config.ServiceLogAspect - [ID35][listMerchantConsumerPaging] web response>>:[{"code":0,"data":{"content":[{"consumerCellphone":"18301900685","consumerName":"test","ctime":1561126243000,"id":1,"merchantId":1,"mtime":1561126243000},{"consumerCellphone":"18317713498","consumerName":"test2","ctime":1561130802000,"id":2,"merchantId":1,"mtime":1561130802000}],"first":true,"last":true,"number":0,"numberOfElements":2,"size":0,"totalElements":2,"totalPages":1},"msg":"SUCCESS"}]
23:28:55.884 [http-nio-8080-exec-2] INFO  c.l.manage.config.TokenInterceptor - TokenInterceptor:bfc4901e54edde4d4a1348d8450cf04d
23:28:56.022 [http-nio-8080-exec-2] INFO  c.l.manage.config.ServiceLogAspect - [ID27][listMerchantConsumerPaging] web request>>:[[bfc4901e54edde4d4a1348d8450cf04d, null, null, 0, 50]]
23:28:56.441 [http-nio-8080-exec-2] INFO  c.l.manage.config.ServiceLogAspect - [ID27][listMerchantConsumerPaging] web response>>:[{"code":0,"data":{"content":[{"consumerCellphone":"18301900685","consumerName":"test","ctime":1561126243000,"id":1,"merchantId":1,"mtime":1561126243000},{"consumerCellphone":"18317713498","consumerName":"test2","ctime":1561130802000,"id":2,"merchantId":1,"mtime":1561130802000}],"first":true,"last":true,"number":0,"numberOfElements":2,"size":0,"totalElements":2,"totalPages":1},"msg":"SUCCESS"}]
23:34:07.811 [http-nio-8080-exec-5] INFO  c.l.manage.config.TokenInterceptor - TokenInterceptor:bfc4901e54edde4d4a1348d8450cf04d
23:34:08.011 [http-nio-8080-exec-5] INFO  c.l.manage.config.ServiceLogAspect - [ID30][checkToken] web request>>:[[]]
23:34:08.011 [http-nio-8080-exec-5] INFO  c.l.manage.config.ServiceLogAspect - [ID30][checkToken] web response>>:[{"code":0,"msg":"SUCCESS"}]
23:34:08.182 [http-nio-8080-exec-7] INFO  c.l.manage.config.TokenInterceptor - TokenInterceptor:bfc4901e54edde4d4a1348d8450cf04d
23:34:08.314 [http-nio-8080-exec-7] INFO  c.l.manage.config.ServiceLogAspect - [ID32][listMerchantConsumerPaging] web request>>:[[bfc4901e54edde4d4a1348d8450cf04d, null, null, 0, 10]]
23:34:10.717 [http-nio-8080-exec-7] INFO  c.l.manage.config.ServiceLogAspect - [ID32][listMerchantConsumerPaging] web response>>:[{"code":0,"data":{"content":[{"consumerCellphone":"18301900685","consumerName":"test","ctime":1561126243000,"id":1,"merchantId":1,"mtime":1561126243000},{"consumerCellphone":"18317713498","consumerName":"test2","ctime":1561130802000,"id":2,"merchantId":1,"mtime":1561130802000}],"first":true,"last":true,"number":0,"numberOfElements":2,"size":0,"totalElements":2,"totalPages":1},"msg":"SUCCESS"}]
23:36:10.618 [http-nio-8080-exec-10] INFO  c.l.manage.config.TokenInterceptor - TokenInterceptor:bfc4901e54edde4d4a1348d8450cf04d
23:36:10.845 [http-nio-8080-exec-10] INFO  c.l.manage.config.ServiceLogAspect - [ID35][addMerchantConsumer] web request>>:[[bfc4901e54edde4d4a1348d8450cf04d, com.lihebin.manage.bean.MerchantConsumerAdd@1778b946]]
23:36:11.309 [http-nio-8080-exec-10] INFO  c.l.manage.config.ServiceLogAspect - [ID35][addMerchantConsumer] web response>>:[{"code":0,"data":{"id":3},"msg":"SUCCESS"}]
23:36:11.340 [http-nio-8080-exec-2] INFO  c.l.manage.config.TokenInterceptor - TokenInterceptor:bfc4901e54edde4d4a1348d8450cf04d
23:36:11.472 [http-nio-8080-exec-2] INFO  c.l.manage.config.ServiceLogAspect - [ID27][listMerchantConsumerPaging] web request>>:[[bfc4901e54edde4d4a1348d8450cf04d, null, null, 0, 10]]
23:36:11.878 [http-nio-8080-exec-2] INFO  c.l.manage.config.ServiceLogAspect - [ID27][listMerchantConsumerPaging] web response>>:[{"code":0,"data":{"content":[{"consumerCellphone":"18301900685","consumerName":"test","ctime":1561126243000,"id":1,"merchantId":1,"mtime":1561126243000},{"consumerCellphone":"18317713498","consumerName":"test2","ctime":1561130802000,"id":2,"merchantId":1,"mtime":1561130802000},{"consumerCellphone":"13911112222","consumerName":"test3","ctime":1561131371000,"id":3,"merchantId":1,"mtime":1561131371000}],"first":true,"last":true,"number":0,"numberOfElements":3,"size":0,"totalElements":3,"totalPages":1},"msg":"SUCCESS"}]
23:36:22.136 [http-nio-8080-exec-4] INFO  c.l.manage.config.TokenInterceptor - TokenInterceptor:bfc4901e54edde4d4a1348d8450cf04d
23:36:22.281 [http-nio-8080-exec-4] INFO  c.l.manage.config.ServiceLogAspect - [ID29][checkToken] web request>>:[[]]
23:36:22.281 [http-nio-8080-exec-4] INFO  c.l.manage.config.ServiceLogAspect - [ID29][checkToken] web response>>:[{"code":0,"msg":"SUCCESS"}]
23:36:22.472 [http-nio-8080-exec-6] INFO  c.l.manage.config.TokenInterceptor - TokenInterceptor:bfc4901e54edde4d4a1348d8450cf04d
23:36:22.603 [http-nio-8080-exec-6] INFO  c.l.manage.config.ServiceLogAspect - [ID31][listMerchantConsumerPaging] web request>>:[[bfc4901e54edde4d4a1348d8450cf04d, null, null, 0, 10]]
23:36:23.008 [http-nio-8080-exec-6] INFO  c.l.manage.config.ServiceLogAspect - [ID31][listMerchantConsumerPaging] web response>>:[{"code":0,"data":{"content":[{"consumerCellphone":"18301900685","consumerName":"test","ctime":1561126243000,"id":1,"merchantId":1,"mtime":1561126243000},{"consumerCellphone":"18317713498","consumerName":"test2","ctime":1561130802000,"id":2,"merchantId":1,"mtime":1561130802000},{"consumerCellphone":"13911112222","consumerName":"test3","ctime":1561131371000,"id":3,"merchantId":1,"mtime":1561131371000}],"first":true,"last":true,"number":0,"numberOfElements":3,"size":0,"totalElements":3,"totalPages":1},"msg":"SUCCESS"}]
23:38:09.669 [http-nio-8080-exec-9] INFO  c.l.manage.config.TokenInterceptor - TokenInterceptor:bfc4901e54edde4d4a1348d8450cf04d
23:38:09.873 [http-nio-8080-exec-9] INFO  c.l.manage.config.ServiceLogAspect - [ID34][addMerchantConsumer] web request>>:[[bfc4901e54edde4d4a1348d8450cf04d, com.lihebin.manage.bean.MerchantConsumerAdd@40036088]]
23:38:10.328 [http-nio-8080-exec-9] INFO  c.l.manage.config.ServiceLogAspect - [ID34][addMerchantConsumer] web response>>:[{"code":0,"data":{"id":4},"msg":"SUCCESS"}]
23:38:10.351 [http-nio-8080-exec-1] INFO  c.l.manage.config.TokenInterceptor - TokenInterceptor:bfc4901e54edde4d4a1348d8450cf04d
23:38:10.471 [http-nio-8080-exec-1] INFO  c.l.manage.config.ServiceLogAspect - [ID26][listMerchantConsumerPaging] web request>>:[[bfc4901e54edde4d4a1348d8450cf04d, null, null, 0, 10]]
23:38:10.868 [http-nio-8080-exec-1] INFO  c.l.manage.config.ServiceLogAspect - [ID26][listMerchantConsumerPaging] web response>>:[{"code":0,"data":{"content":[{"consumerCellphone":"18301900685","consumerName":"test","ctime":1561126243000,"id":1,"merchantId":1,"mtime":1561126243000},{"consumerCellphone":"18317713498","consumerName":"test2","ctime":1561130802000,"id":2,"merchantId":1,"mtime":1561130802000},{"consumerCellphone":"13911112222","consumerName":"test3","ctime":1561131371000,"id":3,"merchantId":1,"mtime":1561131371000},{"consumerCellphone":"18311113333","consumerName":"test4","ctime":1561131490000,"id":4,"merchantId":1,"mtime":1561131490000}],"first":true,"last":true,"number":0,"numberOfElements":4,"size":0,"totalElements":4,"totalPages":1},"msg":"SUCCESS"}]
23:38:43.662 [http-nio-8080-exec-3] INFO  c.l.manage.config.TokenInterceptor - TokenInterceptor:bfc4901e54edde4d4a1348d8450cf04d
23:38:43.781 [http-nio-8080-exec-3] INFO  c.l.manage.config.ServiceLogAspect - [ID28][checkToken] web request>>:[[]]
23:38:43.782 [http-nio-8080-exec-3] INFO  c.l.manage.config.ServiceLogAspect - [ID28][checkToken] web response>>:[{"code":0,"msg":"SUCCESS"}]
23:38:43.936 [http-nio-8080-exec-5] INFO  c.l.manage.config.TokenInterceptor - TokenInterceptor:bfc4901e54edde4d4a1348d8450cf04d
23:38:44.057 [http-nio-8080-exec-5] INFO  c.l.manage.config.ServiceLogAspect - [ID30][listMerchantConsumerPaging] web request>>:[[bfc4901e54edde4d4a1348d8450cf04d, null, null, 0, 10]]
23:38:44.452 [http-nio-8080-exec-5] INFO  c.l.manage.config.ServiceLogAspect - [ID30][listMerchantConsumerPaging] web response>>:[{"code":0,"data":{"content":[{"consumerCellphone":"18301900685","consumerName":"test","ctime":1561126243000,"id":1,"merchantId":1,"mtime":1561126243000},{"consumerCellphone":"18317713498","consumerName":"test2","ctime":1561130802000,"id":2,"merchantId":1,"mtime":1561130802000},{"consumerCellphone":"13911112222","consumerName":"test3","ctime":1561131371000,"id":3,"merchantId":1,"mtime":1561131371000},{"consumerCellphone":"18311113333","consumerName":"test4","ctime":1561131490000,"id":4,"merchantId":1,"mtime":1561131490000}],"first":true,"last":true,"number":0,"numberOfElements":4,"size":0,"totalElements":4,"totalPages":1},"msg":"SUCCESS"}]
23:38:58.829 [http-nio-8080-exec-7] INFO  c.l.manage.config.TokenInterceptor - TokenInterceptor:bfc4901e54edde4d4a1348d8450cf04d
23:38:58.948 [http-nio-8080-exec-7] INFO  c.l.manage.config.ServiceLogAspect - [ID32][addMerchantConsumer] web request>>:[[bfc4901e54edde4d4a1348d8450cf04d, com.lihebin.manage.bean.MerchantConsumerAdd@3e639e04]]
23:38:59.357 [http-nio-8080-exec-7] INFO  c.l.manage.config.ServiceLogAspect - [ID32][addMerchantConsumer] web response>>:[{"code":0,"data":{"id":5},"msg":"SUCCESS"}]
23:38:59.380 [http-nio-8080-exec-9] INFO  c.l.manage.config.TokenInterceptor - TokenInterceptor:bfc4901e54edde4d4a1348d8450cf04d
23:38:59.500 [http-nio-8080-exec-9] INFO  c.l.manage.config.ServiceLogAspect - [ID34][listMerchantConsumerPaging] web request>>:[[bfc4901e54edde4d4a1348d8450cf04d, null, null, 0, 10]]
23:38:59.897 [http-nio-8080-exec-9] INFO  c.l.manage.config.ServiceLogAspect - [ID34][listMerchantConsumerPaging] web response>>:[{"code":0,"data":{"content":[{"consumerCellphone":"18301900685","consumerName":"test","ctime":1561126243000,"id":1,"merchantId":1,"mtime":1561126243000},{"consumerCellphone":"18317713498","consumerName":"test2","ctime":1561130802000,"id":2,"merchantId":1,"mtime":1561130802000},{"consumerCellphone":"13911112222","consumerName":"test3","ctime":1561131371000,"id":3,"merchantId":1,"mtime":1561131371000},{"consumerCellphone":"18311113333","consumerName":"test4","ctime":1561131490000,"id":4,"merchantId":1,"mtime":1561131490000},{"consumerCellphone":"18311114444","consumerName":"test5","ctime":1561131539000,"id":5,"merchantId":1,"mtime":1561131539000}],"first":true,"last":true,"number":0,"numberOfElements":5,"size":0,"totalElements":5,"totalPages":1},"msg":"SUCCESS"}]
23:39:46.653 [http-nio-8080-exec-1] INFO  c.l.manage.config.TokenInterceptor - TokenInterceptor:bfc4901e54edde4d4a1348d8450cf04d
23:39:46.772 [http-nio-8080-exec-1] INFO  c.l.manage.config.ServiceLogAspect - [ID26][addMerchantConsumer] web request>>:[[bfc4901e54edde4d4a1348d8450cf04d, com.lihebin.manage.bean.MerchantConsumerAdd@2d208482]]
23:39:47.181 [http-nio-8080-exec-1] INFO  c.l.manage.config.ServiceLogAspect - [ID26][addMerchantConsumer] web response>>:[{"code":0,"data":{"id":6},"msg":"SUCCESS"}]
23:39:47.203 [http-nio-8080-exec-3] INFO  c.l.manage.config.TokenInterceptor - TokenInterceptor:bfc4901e54edde4d4a1348d8450cf04d
23:39:47.323 [http-nio-8080-exec-3] INFO  c.l.manage.config.ServiceLogAspect - [ID28][listMerchantConsumerPaging] web request>>:[[bfc4901e54edde4d4a1348d8450cf04d, null, null, 0, 10]]
23:39:47.720 [http-nio-8080-exec-3] INFO  c.l.manage.config.ServiceLogAspect - [ID28][listMerchantConsumerPaging] web response>>:[{"code":0,"data":{"content":[{"consumerCellphone":"18301900685","consumerName":"test","ctime":1561126243000,"id":1,"merchantId":1,"mtime":1561126243000},{"consumerCellphone":"18317713498","consumerName":"test2","ctime":1561130802000,"id":2,"merchantId":1,"mtime":1561130802000},{"consumerCellphone":"13911112222","consumerName":"test3","ctime":1561131371000,"id":3,"merchantId":1,"mtime":1561131371000},{"consumerCellphone":"18311113333","consumerName":"test4","ctime":1561131490000,"id":4,"merchantId":1,"mtime":1561131490000},{"consumerCellphone":"18311114444","consumerName":"test5","ctime":1561131539000,"id":5,"merchantId":1,"mtime":1561131539000},{"consumerCellphone":"18311115555","consumerName":"test6","ctime":1561131587000,"id":6,"merchantId":1,"mtime":1561131587000}],"first":true,"last":true,"number":0,"numberOfElements":6,"size":0,"totalElements":6,"totalPages":1},"msg":"SUCCESS"}]
23:40:13.159 [http-nio-8080-exec-5] INFO  c.l.manage.config.TokenInterceptor - TokenInterceptor:bfc4901e54edde4d4a1348d8450cf04d
23:40:13.279 [http-nio-8080-exec-5] INFO  c.l.manage.config.ServiceLogAspect - [ID30][listMerchantConsumerPaging] web request>>:[[bfc4901e54edde4d4a1348d8450cf04d, null, null, 0, 10]]
23:40:13.674 [http-nio-8080-exec-5] INFO  c.l.manage.config.ServiceLogAspect - [ID30][listMerchantConsumerPaging] web response>>:[{"code":0,"data":{"content":[{"consumerCellphone":"18301900685","consumerName":"test","ctime":1561126243000,"id":1,"merchantId":1,"mtime":1561126243000},{"consumerCellphone":"18317713498","consumerName":"test2","ctime":1561130802000,"id":2,"merchantId":1,"mtime":1561130802000},{"consumerCellphone":"13911112222","consumerName":"test3","ctime":1561131371000,"id":3,"merchantId":1,"mtime":1561131371000},{"consumerCellphone":"18311113333","consumerName":"test4","ctime":1561131490000,"id":4,"merchantId":1,"mtime":1561131490000},{"consumerCellphone":"18311114444","consumerName":"test5","ctime":1561131539000,"id":5,"merchantId":1,"mtime":1561131539000},{"consumerCellphone":"18311115555","consumerName":"test6","ctime":1561131587000,"id":6,"merchantId":1,"mtime":1561131587000}],"first":true,"last":true,"number":0,"numberOfElements":6,"size":0,"totalElements":6,"totalPages":1},"msg":"SUCCESS"}]
23:49:15.750 [Thread-5] INFO  o.s.b.c.e.AnnotationConfigEmbeddedWebApplicationContext - Closing org.springframework.boot.context.embedded.AnnotationConfigEmbeddedWebApplicationContext@78fa769e: startup date [Fri Jun 21 20:34:48 CST 2019]; root of context hierarchy
23:49:15.754 [Thread-5] INFO  o.s.c.s.DefaultLifecycleProcessor - Stopping beans in phase 2147483647
23:49:15.755 [Thread-5] INFO  o.s.c.s.DefaultLifecycleProcessor - Stopping beans in phase 0
23:49:15.755 [Thread-5] INFO  o.s.j.e.a.AnnotationMBeanExporter - Unregistering JMX-exposed beans on shutdown
23:49:15.756 [Thread-5] INFO  o.s.j.e.a.AnnotationMBeanExporter - Unregistering JMX-exposed beans
23:49:15.758 [Thread-5] INFO  o.s.o.j.LocalContainerEntityManagerFactoryBean - Closing JPA EntityManagerFactory for persistence unit 'userPersistenceUnit'
23:49:15.759 [Thread-5] INFO  o.s.o.j.LocalContainerEntityManagerFactoryBean - Closing JPA EntityManagerFactory for persistence unit 'managePersistenceUnit'
23:49:15.764 [Thread-5] INFO  c.alibaba.druid.pool.DruidDataSource - {dataSource-1} closed
23:49:22.345 [main] INFO  com.lihebin.manage.Application - Starting Application on 192.168.1.2 with PID 72605 (/Users/lihebin/github/merchant-manage-backend/manage-war/target/classes started by lihebin in /Users/lihebin/github/merchant-manage-backend)
23:49:22.354 [main] INFO  com.lihebin.manage.Application - The following profiles are active: test
23:49:22.542 [main] INFO  o.s.b.c.e.AnnotationConfigEmbeddedWebApplicationContext - Refreshing org.springframework.boot.context.embedded.AnnotationConfigEmbeddedWebApplicationContext@22f59fa: startup date [Fri Jun 21 23:49:22 CST 2019]; root of context hierarchy
23:49:23.349 [main] INFO  o.s.d.r.c.RepositoryConfigurationDelegate - Multiple Spring Data modules found, entering strict repository configuration mode!
23:49:23.389 [main] INFO  o.s.b.f.s.DefaultListableBeanFactory - Overriding bean definition for bean 'entityManager' with a different definition: replacing [Root bean: class [null]; scope=; abstract=false; lazyInit=false; autowireMode=3; dependencyCheck=0; autowireCandidate=true; primary=true; factoryBeanName=manageJpaConfig; factoryMethodName=entityManager; initMethodName=null; destroyMethodName=(inferred); defined in class path resource [com/lihebin/manage/config/ManageJpaConfig.class]] with [Root bean: class [null]; scope=; abstract=false; lazyInit=false; autowireMode=3; dependencyCheck=0; autowireCandidate=true; primary=false; factoryBeanName=userJpaConfig; factoryMethodName=entityManager; initMethodName=null; destroyMethodName=(inferred); defined in class path resource [com/lihebin/manage/config/UserJpaConfig.class]]
23:49:23.392 [main] INFO  o.s.d.r.c.RepositoryConfigurationDelegate - Multiple Spring Data modules found, entering strict repository configuration mode!
23:49:23.395 [main] INFO  o.s.b.f.xml.XmlBeanDefinitionReader - Loading XML bean definitions from file [/Users/lihebin/github/merchant-manage-backend/manage-war/target/classes/spring/interceptor-config.xml]
23:49:23.679 [main] INFO  o.s.d.r.c.RepositoryConfigurationDelegate - Multiple Spring Data modules found, entering strict repository configuration mode!
23:49:23.718 [main] INFO  o.s.d.r.c.RepositoryConfigurationExtensionSupport - Spring Data Redis - Could not safely identify store assignment for repository candidate interface com.lihebin.manage.dao.manage.MerchantConsumerDao.
23:49:23.720 [main] INFO  o.s.d.r.c.RepositoryConfigurationExtensionSupport - Spring Data Redis - Could not safely identify store assignment for repository candidate interface com.lihebin.manage.dao.manage.WalletAddTransactionDao.
23:49:23.721 [main] INFO  o.s.d.r.c.RepositoryConfigurationExtensionSupport - Spring Data Redis - Could not safely identify store assignment for repository candidate interface com.lihebin.manage.dao.manage.OrderDao.
23:49:23.722 [main] INFO  o.s.d.r.c.RepositoryConfigurationExtensionSupport - Spring Data Redis - Could not safely identify store assignment for repository candidate interface com.lihebin.manage.dao.manage.MerchantUserDao.
23:49:23.722 [main] INFO  o.s.d.r.c.RepositoryConfigurationExtensionSupport - Spring Data Redis - Could not safely identify store assignment for repository candidate interface com.lihebin.manage.dao.manage.MerchantDao.
23:49:23.723 [main] INFO  o.s.d.r.c.RepositoryConfigurationExtensionSupport - Spring Data Redis - Could not safely identify store assignment for repository candidate interface com.lihebin.manage.dao.manage.MerchantConsumerWalletDao.
23:49:24.227 [main] INFO  o.s.c.s.PostProcessorRegistrationDelegate$BeanPostProcessorChecker - Bean 'org.springframework.kafka.annotation.KafkaBootstrapConfiguration' of type [org.springframework.kafka.annotation.KafkaBootstrapConfiguration$$EnhancerBySpringCGLIB$$13be9394] is not eligible for getting processed by all BeanPostProcessors (for example: not eligible for auto-proxying)
23:49:25.282 [main] INFO  o.s.b.c.e.t.TomcatEmbeddedServletContainer - Tomcat initialized with port(s): 8080 (http)
23:49:25.299 [main] INFO  o.a.catalina.core.StandardService - Starting service [Tomcat]
23:49:25.300 [main] INFO  o.a.catalina.core.StandardEngine - Starting Servlet Engine: Apache Tomcat/8.5.23
23:49:25.457 [localhost-startStop-1] INFO  o.a.c.c.C.[Tomcat].[localhost].[/] - Initializing Spring embedded WebApplicationContext
23:49:25.458 [localhost-startStop-1] INFO  o.s.web.context.ContextLoader - Root WebApplicationContext: initialization completed in 2916 ms
23:49:25.731 [localhost-startStop-1] INFO  o.s.b.w.s.FilterRegistrationBean - Mapping filter: 'characterEncodingFilter' to: [/*]
23:49:25.732 [localhost-startStop-1] INFO  o.s.b.w.s.FilterRegistrationBean - Mapping filter: 'corsFilter' to: [/*]
23:49:25.732 [localhost-startStop-1] INFO  o.s.b.w.s.ServletRegistrationBean - Mapping servlet: 'dispatcherServlet' to [/]
23:49:29.028 [main] INFO  c.alibaba.druid.pool.DruidDataSource - {dataSource-1} inited
23:49:29.074 [main] INFO  o.s.o.j.LocalContainerEntityManagerFactoryBean - Building JPA container EntityManagerFactory for persistence unit 'managePersistenceUnit'
23:49:29.098 [main] INFO  o.h.jpa.internal.util.LogHelper - HHH000204: Processing PersistenceUnitInfo [
	name: managePersistenceUnit
	...]
23:49:29.194 [main] INFO  org.hibernate.Version - HHH000412: Hibernate Core {5.0.12.Final}
23:49:29.202 [main] INFO  org.hibernate.cfg.Environment - HHH000206: hibernate.properties not found
23:49:29.204 [main] INFO  org.hibernate.cfg.Environment - HHH000021: Bytecode provider name : javassist
23:49:29.251 [main] INFO  o.h.annotations.common.Version - HCANN000001: Hibernate Commons Annotations {5.0.1.Final}
23:49:29.402 [main] INFO  org.hibernate.dialect.Dialect - HHH000400: Using dialect: org.hibernate.dialect.MySQL5Dialect
23:49:29.612 [main] WARN  o.h.b.i.SessionFactoryBuilderImpl - Unrecognized hbm2ddl_auto value : none.  Supported values include create, create-drop, update, and validate.  Ignoring
23:49:30.024 [main] INFO  o.s.o.j.LocalContainerEntityManagerFactoryBean - Initialized JPA EntityManagerFactory for persistence unit 'managePersistenceUnit'
23:49:30.052 [main] INFO  o.s.o.j.LocalContainerEntityManagerFactoryBean - Building JPA container EntityManagerFactory for persistence unit 'userPersistenceUnit'
23:49:30.052 [main] INFO  o.h.jpa.internal.util.LogHelper - HHH000204: Processing PersistenceUnitInfo [
	name: userPersistenceUnit
	...]
23:49:30.063 [main] INFO  org.hibernate.dialect.Dialect - HHH000400: Using dialect: org.hibernate.dialect.MySQL5Dialect
23:49:30.083 [main] WARN  o.h.b.i.SessionFactoryBuilderImpl - Unrecognized hbm2ddl_auto value : none.  Supported values include create, create-drop, update, and validate.  Ignoring
23:49:30.132 [main] INFO  o.s.o.j.LocalContainerEntityManagerFactoryBean - Initialized JPA EntityManagerFactory for persistence unit 'userPersistenceUnit'
23:49:31.049 [main] INFO  o.s.w.s.m.m.a.RequestMappingHandlerMapping - Mapped "{[/api/merchant/listMerchantConsumerPaging],methods=[GET]}" onto public com.lihebin.manage.bean.Result com.lihebin.manage.web.MerchantController.listMerchantConsumerPaging(java.lang.String,java.lang.String,java.lang.String,int,int)
23:49:31.051 [main] INFO  o.s.w.s.m.m.a.RequestMappingHandlerMapping - Mapped "{[/api/merchant/addMerchant],methods=[POST],produces=[application/json;charset=UTF-8]}" onto public com.lihebin.manage.bean.Result com.lihebin.manage.web.MerchantController.addMerchant(com.lihebin.manage.bean.MerchantNew)
23:49:31.051 [main] INFO  o.s.w.s.m.m.a.RequestMappingHandlerMapping - Mapped "{[/api/merchant/updateMerchant],methods=[POST],produces=[application/json;charset=UTF-8]}" onto public com.lihebin.manage.bean.Result com.lihebin.manage.web.MerchantController.updateMerchant(com.lihebin.manage.bean.MerchantUpdate)
23:49:31.051 [main] INFO  o.s.w.s.m.m.a.RequestMappingHandlerMapping - Mapped "{[/api/merchant/deleteMerchantConsumer/{id:\d+}],methods=[DELETE]}" onto public com.lihebin.manage.bean.Result com.lihebin.manage.web.MerchantController.deleteMerchantConsumer(java.lang.String,long)
23:49:31.052 [main] INFO  o.s.w.s.m.m.a.RequestMappingHandlerMapping - Mapped "{[/api/merchant/getMerchantConsumerWallet],methods=[GET]}" onto public com.lihebin.manage.bean.Result com.lihebin.manage.web.MerchantController.getMerchantConsumerWallet(java.lang.String,java.lang.Long)
23:49:31.052 [main] INFO  o.s.w.s.m.m.a.RequestMappingHandlerMapping - Mapped "{[/api/merchant/addMerchantConsumer],methods=[POST],produces=[application/json;charset=UTF-8]}" onto public com.lihebin.manage.bean.Result com.lihebin.manage.web.MerchantController.addMerchantConsumer(java.lang.String,com.lihebin.manage.bean.MerchantConsumerAdd)
23:49:31.052 [main] INFO  o.s.w.s.m.m.a.RequestMappingHandlerMapping - Mapped "{[/api/merchant/updateMerchantConsumer],methods=[POST],produces=[application/json;charset=UTF-8]}" onto public com.lihebin.manage.bean.Result com.lihebin.manage.web.MerchantController.updateMerchantConsumer(java.lang.String,com.lihebin.manage.bean.MerchantConsumerUpdate)
23:49:31.053 [main] INFO  o.s.w.s.m.m.a.RequestMappingHandlerMapping - Mapped "{[/api/merchant/rechargeMerchantConsumerBalance],methods=[POST],produces=[application/json;charset=UTF-8]}" onto public com.lihebin.manage.bean.Result com.lihebin.manage.web.MerchantController.rechargeMerchantConsumerBalance(java.lang.String,com.lihebin.manage.bean.ConsumerBalanceReCharge)
23:49:31.056 [main] INFO  o.s.w.s.m.m.a.RequestMappingHandlerMapping - Mapped "{[/user/login],methods=[POST],produces=[application/json;charset=UTF-8]}" onto public com.lihebin.manage.bean.Result com.lihebin.manage.web.MerchantUserController.login(com.lihebin.manage.bean.Login)
23:49:31.056 [main] INFO  o.s.w.s.m.m.a.RequestMappingHandlerMapping - Mapped "{[/user/logout],methods=[GET]}" onto public com.lihebin.manage.bean.Result com.lihebin.manage.web.MerchantUserController.logout(java.lang.String)
23:49:31.056 [main] INFO  o.s.w.s.m.m.a.RequestMappingHandlerMapping - Mapped "{[/user/api/check],methods=[GET]}" onto public com.lihebin.manage.bean.Result com.lihebin.manage.web.MerchantUserController.checkToken()
23:49:31.062 [main] INFO  o.s.w.s.m.m.a.RequestMappingHandlerMapping - Mapped "{[/error]}" onto public org.springframework.http.ResponseEntity<java.util.Map<java.lang.String, java.lang.Object>> org.springframework.boot.autoconfigure.web.BasicErrorController.error(javax.servlet.http.HttpServletRequest)
23:49:31.062 [main] INFO  o.s.w.s.m.m.a.RequestMappingHandlerMapping - Mapped "{[/error],produces=[text/html]}" onto public org.springframework.web.servlet.ModelAndView org.springframework.boot.autoconfigure.web.BasicErrorController.errorHtml(javax.servlet.http.HttpServletRequest,javax.servlet.http.HttpServletResponse)
23:49:31.186 [main] INFO  o.s.w.s.m.m.a.RequestMappingHandlerAdapter - Looking for @ControllerAdvice: org.springframework.boot.context.embedded.AnnotationConfigEmbeddedWebApplicationContext@22f59fa: startup date [Fri Jun 21 23:49:22 CST 2019]; root of context hierarchy
23:49:31.280 [main] INFO  o.s.w.s.m.m.a.ExceptionHandlerExceptionResolver - Detected @ExceptionHandler methods in exceptionHandle
23:49:32.531 [main] INFO  o.s.j.e.a.AnnotationMBeanExporter - Registering beans for JMX exposure on startup
23:49:32.538 [main] INFO  o.s.j.e.a.AnnotationMBeanExporter - Bean with name 'userDataSource' has been autodetected for JMX exposure
23:49:32.538 [main] INFO  o.s.j.e.a.AnnotationMBeanExporter - Bean with name 'manageDataSource' has been autodetected for JMX exposure
23:49:32.545 [main] INFO  o.s.j.e.a.AnnotationMBeanExporter - Located MBean 'userDataSource': registering with JMX server as MBean [com.alibaba.druid.pool:name=userDataSource,type=DruidDataSource]
23:49:32.547 [main] INFO  o.s.j.e.a.AnnotationMBeanExporter - Located MBean 'manageDataSource': registering with JMX server as MBean [com.alibaba.druid.pool:name=manageDataSource,type=DruidDataSource]
23:49:32.552 [main] INFO  o.s.c.s.DefaultLifecycleProcessor - Starting beans in phase 2147483647
23:49:32.636 [main] INFO  o.s.b.c.e.t.TomcatEmbeddedServletContainer - Tomcat started on port(s): 8080 (http)
23:49:32.642 [main] INFO  com.lihebin.manage.Application - Started Application in 10.747 seconds (JVM running for 11.393)
23:50:00.060 [http-nio-8080-exec-1] INFO  o.a.c.c.C.[Tomcat].[localhost].[/] - Initializing Spring FrameworkServlet 'dispatcherServlet'
23:50:00.061 [http-nio-8080-exec-1] INFO  o.s.web.servlet.DispatcherServlet - FrameworkServlet 'dispatcherServlet': initialization started
23:50:00.092 [http-nio-8080-exec-1] INFO  o.s.web.servlet.DispatcherServlet - FrameworkServlet 'dispatcherServlet': initialization completed in 31 ms
23:50:00.142 [http-nio-8080-exec-2] INFO  c.l.manage.config.TokenInterceptor - TokenInterceptor:bfc4901e54edde4d4a1348d8450cf04d
23:50:00.516 [http-nio-8080-exec-2] INFO  c.l.manage.config.ServiceLogAspect - [ID27][addMerchantConsumer] web request>>:[[bfc4901e54edde4d4a1348d8450cf04d, com.lihebin.manage.bean.MerchantConsumerAdd@7437651]]
23:50:00.731 [http-nio-8080-exec-2] INFO  o.h.h.i.QueryTranslatorFactoryInitiator - HHH000397: Using ASTQueryTranslatorFactory
23:50:01.589 [http-nio-8080-exec-2] INFO  c.l.manage.config.ServiceLogAspect - [ID27][addMerchantConsumer] web response>>:[{"code":0,"data":{"id":7},"msg":"SUCCESS"}]
23:50:01.674 [http-nio-8080-exec-4] INFO  c.l.manage.config.TokenInterceptor - TokenInterceptor:bfc4901e54edde4d4a1348d8450cf04d
23:50:01.812 [http-nio-8080-exec-4] INFO  c.l.manage.config.ServiceLogAspect - [ID29][listMerchantConsumerPaging] web request>>:[[bfc4901e54edde4d4a1348d8450cf04d, null, null, 0, 10]]
23:50:02.263 [http-nio-8080-exec-4] INFO  c.l.manage.config.ServiceLogAspect - [ID29][listMerchantConsumerPaging] web response>>:[{"code":0,"data":{"content":[{"consumerCellphone":"18301900685","consumerName":"test","ctime":1561126243000,"id":1,"merchantId":1,"mtime":1561126243000},{"consumerCellphone":"18317713498","consumerName":"test2","ctime":1561130802000,"id":2,"merchantId":1,"mtime":1561130802000},{"consumerCellphone":"13911112222","consumerName":"test3","ctime":1561131371000,"id":3,"merchantId":1,"mtime":1561131371000},{"consumerCellphone":"18311113333","consumerName":"test4","ctime":1561131490000,"id":4,"merchantId":1,"mtime":1561131490000},{"consumerCellphone":"18311114444","consumerName":"test5","ctime":1561131539000,"id":5,"merchantId":1,"mtime":1561131539000},{"consumerCellphone":"18311115555","consumerName":"test6","ctime":1561131587000,"id":6,"merchantId":1,"mtime":1561131587000},{"consumerCellphone":"18311116666","consumerEmail":"include_lihebin@163.com","consumerName":"test7","consumerWechat":"18301900685","ctime":1561132201000,"id":7,"merchantId":1,"mtime":1561132201000}],"first":true,"last":true,"number":0,"numberOfElements":7,"size":0,"totalElements":7,"totalPages":1},"msg":"SUCCESS"}]
23:55:14.975 [http-nio-8080-exec-7] INFO  c.l.manage.config.TokenInterceptor - TokenInterceptor:bfc4901e54edde4d4a1348d8450cf04d
23:55:15.205 [http-nio-8080-exec-7] INFO  c.l.manage.config.ServiceLogAspect - [ID32][listMerchantConsumerPaging] web request>>:[[bfc4901e54edde4d4a1348d8450cf04d, null, null, 0, 10]]
23:55:17.634 [http-nio-8080-exec-7] INFO  c.l.manage.config.ServiceLogAspect - [ID32][listMerchantConsumerPaging] web response>>:[{"code":0,"data":{"content":[{"consumerCellphone":"18301900685","consumerName":"test","ctime":1561126243000,"id":1,"merchantId":1,"mtime":1561126243000},{"consumerCellphone":"18317713498","consumerName":"test2","ctime":1561130802000,"id":2,"merchantId":1,"mtime":1561130802000},{"consumerCellphone":"13911112222","consumerName":"test3","ctime":1561131371000,"id":3,"merchantId":1,"mtime":1561131371000},{"consumerCellphone":"18311113333","consumerName":"test4","ctime":1561131490000,"id":4,"merchantId":1,"mtime":1561131490000},{"consumerCellphone":"18311114444","consumerName":"test5","ctime":1561131539000,"id":5,"merchantId":1,"mtime":1561131539000},{"consumerCellphone":"18311115555","consumerName":"test6","ctime":1561131587000,"id":6,"merchantId":1,"mtime":1561131587000},{"consumerCellphone":"18311116666","consumerEmail":"include_lihebin@163.com","consumerName":"test7","consumerWechat":"18301900685","ctime":1561132201000,"id":7,"merchantId":1,"mtime":1561132201000}],"first":true,"last":true,"number":0,"numberOfElements":7,"size":0,"totalElements":7,"totalPages":1},"msg":"SUCCESS"}]
23:55:41.345 [http-nio-8080-exec-9] INFO  c.l.manage.config.TokenInterceptor - TokenInterceptor:bfc4901e54edde4d4a1348d8450cf04d
23:55:41.487 [http-nio-8080-exec-9] INFO  c.l.manage.config.ServiceLogAspect - [ID34][addMerchantConsumer] web request>>:[[bfc4901e54edde4d4a1348d8450cf04d, com.lihebin.manage.bean.MerchantConsumerAdd@5f840d89]]
23:55:41.949 [http-nio-8080-exec-9] INFO  c.l.manage.config.ServiceLogAspect - [ID34][addMerchantConsumer] web response>>:[{"code":0,"data":{"id":8},"msg":"SUCCESS"}]
23:55:41.976 [http-nio-8080-exec-1] INFO  c.l.manage.config.TokenInterceptor - TokenInterceptor:bfc4901e54edde4d4a1348d8450cf04d
23:55:42.111 [http-nio-8080-exec-1] INFO  c.l.manage.config.ServiceLogAspect - [ID26][listMerchantConsumerPaging] web request>>:[[bfc4901e54edde4d4a1348d8450cf04d, null, null, 0, 10]]
23:55:42.551 [http-nio-8080-exec-1] INFO  c.l.manage.config.ServiceLogAspect - [ID26][listMerchantConsumerPaging] web response>>:[{"code":0,"data":{"content":[{"consumerCellphone":"18301900685","consumerName":"test","ctime":1561126243000,"id":1,"merchantId":1,"mtime":1561126243000},{"consumerCellphone":"18317713498","consumerName":"test2","ctime":1561130802000,"id":2,"merchantId":1,"mtime":1561130802000},{"consumerCellphone":"13911112222","consumerName":"test3","ctime":1561131371000,"id":3,"merchantId":1,"mtime":1561131371000},{"consumerCellphone":"18311113333","consumerName":"test4","ctime":1561131490000,"id":4,"merchantId":1,"mtime":1561131490000},{"consumerCellphone":"18311114444","consumerName":"test5","ctime":1561131539000,"id":5,"merchantId":1,"mtime":1561131539000},{"consumerCellphone":"18311115555","consumerName":"test6","ctime":1561131587000,"id":6,"merchantId":1,"mtime":1561131587000},{"consumerCellphone":"18311116666","consumerEmail":"include_lihebin@163.com","consumerName":"test7","consumerWechat":"18301900685","ctime":1561132201000,"id":7,"merchantId":1,"mtime":1561132201000},{"consumerCellphone":"18300001111","consumerName":"test8","ctime":1561132542000,"id":8,"merchantId":1,"mtime":1561132542000}],"first":true,"last":true,"number":0,"numberOfElements":8,"size":0,"totalElements":8,"totalPages":1},"msg":"SUCCESS"}]
