22:14:34.150 [http-nio-8080-exec-6] INFO  c.l.manage.config.TokenInterceptor - TokenInterceptor:ba6e256a16a288e97c8051e99f87abad
22:14:47.752 [http-nio-8080-exec-8] INFO  c.l.manage.config.TokenInterceptor - TokenInterceptor:ba6e256a16a288e97c8051e99f87abad
22:14:56.638 [Thread-5] INFO  o.s.b.c.e.AnnotationConfigEmbeddedWebApplicationContext - Closing org.springframework.boot.context.embedded.AnnotationConfigEmbeddedWebApplicationContext@22f59fa: startup date [Mon Jun 17 20:01:23 CST 2019]; root of context hierarchy
22:14:56.643 [Thread-5] INFO  o.s.c.s.DefaultLifecycleProcessor - Stopping beans in phase 2147483647
22:14:56.643 [Thread-5] INFO  o.s.c.s.DefaultLifecycleProcessor - Stopping beans in phase 0
22:14:56.644 [Thread-5] INFO  o.s.j.e.a.AnnotationMBeanExporter - Unregistering JMX-exposed beans on shutdown
22:14:56.645 [Thread-5] INFO  o.s.j.e.a.AnnotationMBeanExporter - Unregistering JMX-exposed beans
22:14:56.647 [Thread-5] INFO  o.s.o.j.LocalContainerEntityManagerFactoryBean - Closing JPA EntityManagerFactory for persistence unit 'userPersistenceUnit'
22:14:56.649 [Thread-5] INFO  o.s.o.j.LocalContainerEntityManagerFactoryBean - Closing JPA EntityManagerFactory for persistence unit 'managePersistenceUnit'
22:14:56.655 [Thread-5] INFO  c.alibaba.druid.pool.DruidDataSource - {dataSource-1} closed
22:15:03.937 [main] INFO  com.lihebin.manage.Application - Starting Application on lihebindembp with PID 50880 (/Users/lihebin/github/merchant-manage-backend/manage-war/target/classes started by lihebin in /Users/lihebin/github/merchant-manage-backend)
22:15:03.940 [main] INFO  com.lihebin.manage.Application - The following profiles are active: test
22:15:04.015 [main] INFO  o.s.b.c.e.AnnotationConfigEmbeddedWebApplicationContext - Refreshing org.springframework.boot.context.embedded.AnnotationConfigEmbeddedWebApplicationContext@22f59fa: startup date [Mon Jun 17 22:15:04 CST 2019]; root of context hierarchy
22:15:04.651 [main] INFO  o.s.d.r.c.RepositoryConfigurationDelegate - Multiple Spring Data modules found, entering strict repository configuration mode!
22:15:04.730 [main] INFO  o.s.b.f.s.DefaultListableBeanFactory - Overriding bean definition for bean 'entityManager' with a different definition: replacing [Root bean: class [null]; scope=; abstract=false; lazyInit=false; autowireMode=3; dependencyCheck=0; autowireCandidate=true; primary=true; factoryBeanName=manageJpaConfig; factoryMethodName=entityManager; initMethodName=null; destroyMethodName=(inferred); defined in class path resource [com/lihebin/manage/config/ManageJpaConfig.class]] with [Root bean: class [null]; scope=; abstract=false; lazyInit=false; autowireMode=3; dependencyCheck=0; autowireCandidate=true; primary=false; factoryBeanName=userJpaConfig; factoryMethodName=entityManager; initMethodName=null; destroyMethodName=(inferred); defined in class path resource [com/lihebin/manage/config/UserJpaConfig.class]]
22:15:04.733 [main] INFO  o.s.d.r.c.RepositoryConfigurationDelegate - Multiple Spring Data modules found, entering strict repository configuration mode!
22:15:04.735 [main] INFO  o.s.b.f.xml.XmlBeanDefinitionReader - Loading XML bean definitions from file [/Users/lihebin/github/merchant-manage-backend/manage-war/target/classes/spring/interceptor-config.xml]
22:15:05.010 [main] INFO  o.s.d.r.c.RepositoryConfigurationDelegate - Multiple Spring Data modules found, entering strict repository configuration mode!
22:15:05.046 [main] INFO  o.s.d.r.c.RepositoryConfigurationExtensionSupport - Spring Data Redis - Could not safely identify store assignment for repository candidate interface com.lihebin.manage.dao.manage.MerchantConsumerDao.
22:15:05.049 [main] INFO  o.s.d.r.c.RepositoryConfigurationExtensionSupport - Spring Data Redis - Could not safely identify store assignment for repository candidate interface com.lihebin.manage.dao.manage.OrderDao.
22:15:05.049 [main] INFO  o.s.d.r.c.RepositoryConfigurationExtensionSupport - Spring Data Redis - Could not safely identify store assignment for repository candidate interface com.lihebin.manage.dao.manage.MerchantUserDao.
22:15:05.050 [main] INFO  o.s.d.r.c.RepositoryConfigurationExtensionSupport - Spring Data Redis - Could not safely identify store assignment for repository candidate interface com.lihebin.manage.dao.manage.MerchantDao.
22:15:05.050 [main] INFO  o.s.d.r.c.RepositoryConfigurationExtensionSupport - Spring Data Redis - Could not safely identify store assignment for repository candidate interface com.lihebin.manage.dao.manage.MerchantConsumerWalletDao.
22:15:05.547 [main] INFO  o.s.c.s.PostProcessorRegistrationDelegate$BeanPostProcessorChecker - Bean 'org.springframework.kafka.annotation.KafkaBootstrapConfiguration' of type [org.springframework.kafka.annotation.KafkaBootstrapConfiguration$$EnhancerBySpringCGLIB$$35d8f9b8] is not eligible for getting processed by all BeanPostProcessors (for example: not eligible for auto-proxying)
22:15:06.671 [main] INFO  o.s.b.c.e.t.TomcatEmbeddedServletContainer - Tomcat initialized with port(s): 8080 (http)
22:15:06.692 [main] INFO  o.a.catalina.core.StandardService - Starting service [Tomcat]
22:15:06.694 [main] INFO  o.a.catalina.core.StandardEngine - Starting Servlet Engine: Apache Tomcat/8.5.23
22:15:06.849 [localhost-startStop-1] INFO  o.a.c.c.C.[Tomcat].[localhost].[/] - Initializing Spring embedded WebApplicationContext
22:15:06.849 [localhost-startStop-1] INFO  o.s.web.context.ContextLoader - Root WebApplicationContext: initialization completed in 2834 ms
22:15:07.135 [localhost-startStop-1] INFO  o.s.b.w.s.FilterRegistrationBean - Mapping filter: 'characterEncodingFilter' to: [/*]
22:15:07.136 [localhost-startStop-1] INFO  o.s.b.w.s.FilterRegistrationBean - Mapping filter: 'corsFilter' to: [/*]
22:15:07.136 [localhost-startStop-1] INFO  o.s.b.w.s.ServletRegistrationBean - Mapping servlet: 'dispatcherServlet' to [/]
22:15:10.583 [main] INFO  c.alibaba.druid.pool.DruidDataSource - {dataSource-1} inited
22:15:10.632 [main] INFO  o.s.o.j.LocalContainerEntityManagerFactoryBean - Building JPA container EntityManagerFactory for persistence unit 'managePersistenceUnit'
22:15:10.656 [main] INFO  o.h.jpa.internal.util.LogHelper - HHH000204: Processing PersistenceUnitInfo [
	name: managePersistenceUnit
	...]
22:15:10.748 [main] INFO  org.hibernate.Version - HHH000412: Hibernate Core {5.0.12.Final}
22:15:10.750 [main] INFO  org.hibernate.cfg.Environment - HHH000206: hibernate.properties not found
22:15:10.752 [main] INFO  org.hibernate.cfg.Environment - HHH000021: Bytecode provider name : javassist
22:15:10.796 [main] INFO  o.h.annotations.common.Version - HCANN000001: Hibernate Commons Annotations {5.0.1.Final}
22:15:10.950 [main] INFO  org.hibernate.dialect.Dialect - HHH000400: Using dialect: org.hibernate.dialect.MySQL5Dialect
22:15:11.190 [main] WARN  o.h.b.i.SessionFactoryBuilderImpl - Unrecognized hbm2ddl_auto value : none.  Supported values include create, create-drop, update, and validate.  Ignoring
22:15:11.588 [main] INFO  o.s.o.j.LocalContainerEntityManagerFactoryBean - Initialized JPA EntityManagerFactory for persistence unit 'managePersistenceUnit'
22:15:11.615 [main] INFO  o.s.o.j.LocalContainerEntityManagerFactoryBean - Building JPA container EntityManagerFactory for persistence unit 'userPersistenceUnit'
22:15:11.615 [main] INFO  o.h.jpa.internal.util.LogHelper - HHH000204: Processing PersistenceUnitInfo [
	name: userPersistenceUnit
	...]
22:15:11.632 [main] INFO  org.hibernate.dialect.Dialect - HHH000400: Using dialect: org.hibernate.dialect.MySQL5Dialect
22:15:11.654 [main] WARN  o.h.b.i.SessionFactoryBuilderImpl - Unrecognized hbm2ddl_auto value : none.  Supported values include create, create-drop, update, and validate.  Ignoring
22:15:11.705 [main] INFO  o.s.o.j.LocalContainerEntityManagerFactoryBean - Initialized JPA EntityManagerFactory for persistence unit 'userPersistenceUnit'
22:15:12.539 [main] INFO  o.s.w.s.m.m.a.RequestMappingHandlerMapping - Mapped "{[/api/merchant/listMerchantConsumerPaging],methods=[GET]}" onto public com.lihebin.manage.bean.Result com.lihebin.manage.web.MerchantController.listMerchantConsumerPaging(java.lang.String,java.lang.String,java.lang.String,int,int)
22:15:12.541 [main] INFO  o.s.w.s.m.m.a.RequestMappingHandlerMapping - Mapped "{[/api/merchant/addMerchant],methods=[POST],produces=[application/json;charset=UTF-8]}" onto public com.lihebin.manage.bean.Result com.lihebin.manage.web.MerchantController.addMerchant(com.lihebin.manage.bean.MerchantNew)
22:15:12.541 [main] INFO  o.s.w.s.m.m.a.RequestMappingHandlerMapping - Mapped "{[/api/merchant/updateMerchant],methods=[POST],produces=[application/json;charset=UTF-8]}" onto public com.lihebin.manage.bean.Result com.lihebin.manage.web.MerchantController.updateMerchant(com.lihebin.manage.bean.MerchantUpdate)
22:15:12.541 [main] INFO  o.s.w.s.m.m.a.RequestMappingHandlerMapping - Mapped "{[/api/merchant/deleteMerchantConsumer/{id:\d+}],methods=[DELETE]}" onto public com.lihebin.manage.bean.Result com.lihebin.manage.web.MerchantController.deleteMerchantConsumer(java.lang.String,long)
22:15:12.543 [main] INFO  o.s.w.s.m.m.a.RequestMappingHandlerMapping - Mapped "{[/user/api/check],methods=[GET]}" onto public com.lihebin.manage.bean.Result com.lihebin.manage.web.MerchantUserController.checkToken()
22:15:12.544 [main] INFO  o.s.w.s.m.m.a.RequestMappingHandlerMapping - Mapped "{[/user/logout],methods=[GET]}" onto public com.lihebin.manage.bean.Result com.lihebin.manage.web.MerchantUserController.logout(java.lang.String)
22:15:12.544 [main] INFO  o.s.w.s.m.m.a.RequestMappingHandlerMapping - Mapped "{[/user/login],methods=[POST],produces=[application/json;charset=UTF-8]}" onto public com.lihebin.manage.bean.Result com.lihebin.manage.web.MerchantUserController.login(com.lihebin.manage.bean.Login)
22:15:12.550 [main] INFO  o.s.w.s.m.m.a.RequestMappingHandlerMapping - Mapped "{[/error]}" onto public org.springframework.http.ResponseEntity<java.util.Map<java.lang.String, java.lang.Object>> org.springframework.boot.autoconfigure.web.BasicErrorController.error(javax.servlet.http.HttpServletRequest)
22:15:12.551 [main] INFO  o.s.w.s.m.m.a.RequestMappingHandlerMapping - Mapped "{[/error],produces=[text/html]}" onto public org.springframework.web.servlet.ModelAndView org.springframework.boot.autoconfigure.web.BasicErrorController.errorHtml(javax.servlet.http.HttpServletRequest,javax.servlet.http.HttpServletResponse)
22:15:12.675 [main] INFO  o.s.w.s.m.m.a.RequestMappingHandlerAdapter - Looking for @ControllerAdvice: org.springframework.boot.context.embedded.AnnotationConfigEmbeddedWebApplicationContext@22f59fa: startup date [Mon Jun 17 22:15:04 CST 2019]; root of context hierarchy
22:15:12.772 [main] INFO  o.s.w.s.m.m.a.ExceptionHandlerExceptionResolver - Detected @ExceptionHandler methods in exceptionHandle
22:15:13.960 [main] INFO  o.s.j.e.a.AnnotationMBeanExporter - Registering beans for JMX exposure on startup
22:15:13.962 [main] INFO  o.s.j.e.a.AnnotationMBeanExporter - Bean with name 'userDataSource' has been autodetected for JMX exposure
22:15:13.962 [main] INFO  o.s.j.e.a.AnnotationMBeanExporter - Bean with name 'manageDataSource' has been autodetected for JMX exposure
22:15:13.967 [main] INFO  o.s.j.e.a.AnnotationMBeanExporter - Located MBean 'userDataSource': registering with JMX server as MBean [com.alibaba.druid.pool:name=userDataSource,type=DruidDataSource]
22:15:13.968 [main] INFO  o.s.j.e.a.AnnotationMBeanExporter - Located MBean 'manageDataSource': registering with JMX server as MBean [com.alibaba.druid.pool:name=manageDataSource,type=DruidDataSource]
22:15:13.973 [main] INFO  o.s.c.s.DefaultLifecycleProcessor - Starting beans in phase 2147483647
22:15:14.045 [main] INFO  o.s.b.c.e.t.TomcatEmbeddedServletContainer - Tomcat started on port(s): 8080 (http)
22:15:14.050 [main] INFO  com.lihebin.manage.Application - Started Application in 10.48 seconds (JVM running for 11.199)
22:15:33.536 [http-nio-8080-exec-1] INFO  o.a.c.c.C.[Tomcat].[localhost].[/] - Initializing Spring FrameworkServlet 'dispatcherServlet'
22:15:33.537 [http-nio-8080-exec-1] INFO  o.s.web.servlet.DispatcherServlet - FrameworkServlet 'dispatcherServlet': initialization started
22:15:33.599 [http-nio-8080-exec-1] INFO  o.s.web.servlet.DispatcherServlet - FrameworkServlet 'dispatcherServlet': initialization completed in 61 ms
22:15:33.832 [http-nio-8080-exec-1] INFO  c.l.manage.config.ServiceLogAspect - [ID26][login] web request>>:[[com.lihebin.manage.bean.Login@6fec0954]]
22:15:33.879 [http-nio-8080-exec-1] INFO  o.h.h.i.QueryTranslatorFactoryInitiator - HHH000397: Using ASTQueryTranslatorFactory
22:15:35.117 [http-nio-8080-exec-1] INFO  c.l.manage.config.ServiceLogAspect - [ID26][login] web response>>:[{"code":0,"data":{"merchantId":1,"token":"25e993b66652b6e942b469491bc2e47e","type":1},"msg":"SUCCESS"}]
22:15:35.187 [http-nio-8080-exec-3] INFO  c.l.manage.config.TokenInterceptor - TokenInterceptor:25e993b66652b6e942b469491bc2e47e
22:15:35.332 [http-nio-8080-exec-3] INFO  c.l.manage.config.ServiceLogAspect - [ID28][checkToken] web request>>:[[]]
22:15:35.333 [http-nio-8080-exec-3] INFO  c.l.manage.config.ServiceLogAspect - [ID28][checkToken] web response>>:[{"code":0,"msg":"SUCCESS"}]
22:15:38.393 [http-nio-8080-exec-4] INFO  c.l.manage.config.TokenInterceptor - TokenInterceptor:25e993b66652b6e942b469491bc2e47e
22:15:38.525 [http-nio-8080-exec-4] INFO  c.l.manage.config.ServiceLogAspect - [ID29][checkToken] web request>>:[[]]
22:15:38.525 [http-nio-8080-exec-4] INFO  c.l.manage.config.ServiceLogAspect - [ID29][checkToken] web response>>:[{"code":0,"msg":"SUCCESS"}]
22:16:25.255 [http-nio-8080-exec-6] INFO  c.l.manage.config.TokenInterceptor - TokenInterceptor:25e993b66652b6e942b469491bc2e47e
22:16:25.396 [http-nio-8080-exec-6] INFO  c.l.manage.config.ServiceLogAspect - [ID31][listMerchantConsumerPaging] web request>>:[[25e993b66652b6e942b469491bc2e47e, null, null, 0, 10]]
22:16:25.877 [http-nio-8080-exec-6] INFO  c.l.manage.config.ServiceLogAspect - [ID31][listMerchantConsumerPaging] web response>>:[{"code":0,"data":{"content":[{"consumerCellphone":"18301900685","consumerEmail":"include_lihebin@163.com","consumerName":"test","consumerSn":"1","consumerWechat":"18301900685","id":1,"merchantId":1}],"first":true,"last":true,"number":0,"numberOfElements":1,"size":0,"totalElements":1,"totalPages":1},"msg":"SUCCESS"}]
22:16:33.978 [http-nio-8080-exec-8] INFO  c.l.manage.config.TokenInterceptor - TokenInterceptor:25e993b66652b6e942b469491bc2e47e
22:16:34.116 [http-nio-8080-exec-8] INFO  c.l.manage.config.ServiceLogAspect - [ID33][deleteMerchantConsumer] web request>>:[[25e993b66652b6e942b469491bc2e47e, 1]]
22:16:34.782 [http-nio-8080-exec-8] INFO  c.l.manage.config.ServiceLogAspect - [ID33][deleteMerchantConsumer] web response>>:[{"code":0,"msg":"SUCCESS"}]
22:17:01.679 [http-nio-8080-exec-10] INFO  c.l.manage.config.TokenInterceptor - TokenInterceptor:25e993b66652b6e942b469491bc2e47e
22:17:01.819 [http-nio-8080-exec-10] INFO  c.l.manage.config.ServiceLogAspect - [ID35][deleteMerchantConsumer] web request>>:[[25e993b66652b6e942b469491bc2e47e, 1]]
22:18:13.648 [http-nio-8080-exec-3] INFO  c.l.manage.config.TokenInterceptor - TokenInterceptor:25e993b66652b6e942b469491bc2e47e
22:18:13.887 [http-nio-8080-exec-3] INFO  c.l.manage.config.ServiceLogAspect - [ID28][listMerchantConsumerPaging] web request>>:[[25e993b66652b6e942b469491bc2e47e, null, null, 0, 10]]
22:18:14.350 [http-nio-8080-exec-3] INFO  c.l.manage.config.ServiceLogAspect - [ID28][listMerchantConsumerPaging] web response>>:[{"code":0,"data":{"content":[],"first":true,"last":true,"number":0,"numberOfElements":0,"size":0,"totalElements":0,"totalPages":1},"msg":"SUCCESS"}]
22:19:07.959 [http-nio-8080-exec-5] INFO  c.l.manage.config.TokenInterceptor - TokenInterceptor:25e993b66652b6e942b469491bc2e47e
22:19:08.121 [http-nio-8080-exec-5] INFO  c.l.manage.config.ServiceLogAspect - [ID30][listMerchantConsumerPaging] web request>>:[[25e993b66652b6e942b469491bc2e47e, null, null, 0, 10]]
22:19:08.552 [http-nio-8080-exec-5] INFO  c.l.manage.config.ServiceLogAspect - [ID30][listMerchantConsumerPaging] web response>>:[{"code":0,"data":{"content":[],"first":true,"last":true,"number":0,"numberOfElements":0,"size":0,"totalElements":0,"totalPages":1},"msg":"SUCCESS"}]
22:19:41.734 [http-nio-8080-exec-7] INFO  c.l.manage.config.TokenInterceptor - TokenInterceptor:25e993b66652b6e942b469491bc2e47e
22:19:41.880 [http-nio-8080-exec-7] INFO  c.l.manage.config.ServiceLogAspect - [ID32][listMerchantConsumerPaging] web request>>:[[25e993b66652b6e942b469491bc2e47e, null, null, 0, 10]]
22:19:42.301 [http-nio-8080-exec-7] INFO  c.l.manage.config.ServiceLogAspect - [ID32][listMerchantConsumerPaging] web response>>:[{"code":0,"data":{"content":[{"consumerCellphone":"test","consumerEmail":"test","consumerName":"test","consumerSn":"1","consumerWechat":"","id":2,"merchantId":1}],"first":true,"last":true,"number":0,"numberOfElements":1,"size":0,"totalElements":1,"totalPages":1},"msg":"SUCCESS"}]
22:20:37.211 [http-nio-8080-exec-9] INFO  c.l.manage.config.TokenInterceptor - TokenInterceptor:25e993b66652b6e942b469491bc2e47e
22:20:37.347 [http-nio-8080-exec-9] INFO  c.l.manage.config.ServiceLogAspect - [ID34][checkToken] web request>>:[[]]
22:20:37.347 [http-nio-8080-exec-9] INFO  c.l.manage.config.ServiceLogAspect - [ID34][checkToken] web response>>:[{"code":0,"msg":"SUCCESS"}]
22:20:37.549 [http-nio-8080-exec-1] INFO  c.l.manage.config.TokenInterceptor - TokenInterceptor:25e993b66652b6e942b469491bc2e47e
22:20:37.688 [http-nio-8080-exec-1] INFO  c.l.manage.config.ServiceLogAspect - [ID26][listMerchantConsumerPaging] web request>>:[[25e993b66652b6e942b469491bc2e47e, null, null, 0, 10]]
22:20:38.121 [http-nio-8080-exec-1] INFO  c.l.manage.config.ServiceLogAspect - [ID26][listMerchantConsumerPaging] web response>>:[{"code":0,"data":{"content":[{"consumerCellphone":"test","consumerEmail":"test","consumerName":"test","consumerSn":"1","consumerWechat":"","id":2,"merchantId":1}],"first":true,"last":true,"number":0,"numberOfElements":1,"size":0,"totalElements":1,"totalPages":1},"msg":"SUCCESS"}]
22:20:59.913 [http-nio-8080-exec-3] INFO  c.l.manage.config.TokenInterceptor - TokenInterceptor:25e993b66652b6e942b469491bc2e47e
22:21:00.679 [http-nio-8080-exec-3] INFO  c.l.manage.config.ServiceLogAspect - [ID28][listMerchantConsumerPaging] web request>>:[[25e993b66652b6e942b469491bc2e47e, null, null, 0, 10]]
22:21:01.813 [http-nio-8080-exec-3] INFO  c.l.manage.config.ServiceLogAspect - [ID28][listMerchantConsumerPaging] web response>>:[{"code":0,"data":{"content":[{"consumerCellphone":"test","consumerEmail":"test","consumerName":"test","consumerSn":"1","consumerWechat":"","id":2,"merchantId":1}],"first":true,"last":true,"number":0,"numberOfElements":1,"size":0,"totalElements":1,"totalPages":1},"msg":"SUCCESS"}]
22:21:07.610 [http-nio-8080-exec-5] INFO  c.l.manage.config.TokenInterceptor - TokenInterceptor:25e993b66652b6e942b469491bc2e47e
22:21:07.744 [http-nio-8080-exec-5] INFO  c.l.manage.config.ServiceLogAspect - [ID30][listMerchantConsumerPaging] web request>>:[[25e993b66652b6e942b469491bc2e47e, null, null, 0, 10]]
22:21:08.190 [http-nio-8080-exec-5] INFO  c.l.manage.config.ServiceLogAspect - [ID30][listMerchantConsumerPaging] web response>>:[{"code":0,"data":{"content":[{"consumerCellphone":"test","consumerEmail":"test","consumerName":"test","consumerSn":"1","consumerWechat":"","id":2,"merchantId":1}],"first":true,"last":true,"number":0,"numberOfElements":1,"size":0,"totalElements":1,"totalPages":1},"msg":"SUCCESS"}]
22:23:17.693 [http-nio-8080-exec-8] INFO  c.l.manage.config.TokenInterceptor - TokenInterceptor:25e993b66652b6e942b469491bc2e47e
22:23:17.917 [http-nio-8080-exec-8] INFO  c.l.manage.config.ServiceLogAspect - [ID33][listMerchantConsumerPaging] web request>>:[[25e993b66652b6e942b469491bc2e47e, null, null, 0, 10]]
22:23:18.369 [http-nio-8080-exec-8] INFO  c.l.manage.config.ServiceLogAspect - [ID33][listMerchantConsumerPaging] web response>>:[{"code":0,"data":{"content":[{"consumerCellphone":"test","consumerEmail":"test","consumerName":"test","consumerSn":"1","consumerWechat":"","id":2,"merchantId":1}],"first":true,"last":true,"number":0,"numberOfElements":1,"size":0,"totalElements":1,"totalPages":1},"msg":"SUCCESS"}]
22:40:15.816 [http-nio-8080-exec-1] INFO  c.l.manage.config.TokenInterceptor - TokenInterceptor:25e993b66652b6e942b469491bc2e47e
22:40:16.046 [http-nio-8080-exec-1] INFO  c.l.manage.config.ServiceLogAspect - [ID26][listMerchantConsumerPaging] web request>>:[[25e993b66652b6e942b469491bc2e47e, null, null, 0, 10]]
22:40:18.506 [http-nio-8080-exec-1] INFO  c.l.manage.config.ServiceLogAspect - [ID26][listMerchantConsumerPaging] web response>>:[{"code":0,"data":{"content":[{"consumerCellphone":"test","consumerEmail":"test","consumerName":"test","consumerSn":"1","consumerWechat":"","id":2,"merchantId":1}],"first":true,"last":true,"number":0,"numberOfElements":1,"size":0,"totalElements":1,"totalPages":1},"msg":"SUCCESS"}]
22:40:49.848 [http-nio-8080-exec-3] INFO  c.l.manage.config.TokenInterceptor - TokenInterceptor:25e993b66652b6e942b469491bc2e47e
22:40:49.986 [http-nio-8080-exec-3] INFO  c.l.manage.config.ServiceLogAspect - [ID28][checkToken] web request>>:[[]]
22:40:49.987 [http-nio-8080-exec-3] INFO  c.l.manage.config.ServiceLogAspect - [ID28][checkToken] web response>>:[{"code":0,"msg":"SUCCESS"}]
22:40:50.207 [http-nio-8080-exec-5] INFO  c.l.manage.config.TokenInterceptor - TokenInterceptor:25e993b66652b6e942b469491bc2e47e
22:40:50.339 [http-nio-8080-exec-5] INFO  c.l.manage.config.ServiceLogAspect - [ID30][listMerchantConsumerPaging] web request>>:[[25e993b66652b6e942b469491bc2e47e, null, null, 0, 10]]
22:40:50.777 [http-nio-8080-exec-5] INFO  c.l.manage.config.ServiceLogAspect - [ID30][listMerchantConsumerPaging] web response>>:[{"code":0,"data":{"content":[{"consumerCellphone":"test","consumerEmail":"test","consumerName":"test","consumerSn":"1","consumerWechat":"","id":2,"merchantId":1}],"first":true,"last":true,"number":0,"numberOfElements":1,"size":0,"totalElements":1,"totalPages":1},"msg":"SUCCESS"}]
22:41:06.622 [http-nio-8080-exec-7] INFO  c.l.manage.config.TokenInterceptor - TokenInterceptor:25e993b66652b6e942b469491bc2e47e
22:41:06.755 [http-nio-8080-exec-7] INFO  c.l.manage.config.ServiceLogAspect - [ID32][listMerchantConsumerPaging] web request>>:[[25e993b66652b6e942b469491bc2e47e, null, null, 0, 10]]
22:41:07.197 [http-nio-8080-exec-7] INFO  c.l.manage.config.ServiceLogAspect - [ID32][listMerchantConsumerPaging] web response>>:[{"code":0,"data":{"content":[{"consumerCellphone":"test","consumerEmail":"test","consumerName":"test","consumerSn":"1","consumerWechat":"","id":2,"merchantId":1}],"first":true,"last":true,"number":0,"numberOfElements":1,"size":0,"totalElements":1,"totalPages":1},"msg":"SUCCESS"}]
22:41:12.398 [http-nio-8080-exec-9] INFO  c.l.manage.config.TokenInterceptor - TokenInterceptor:25e993b66652b6e942b469491bc2e47e
22:41:12.533 [http-nio-8080-exec-9] INFO  c.l.manage.config.ServiceLogAspect - [ID34][deleteMerchantConsumer] web request>>:[[25e993b66652b6e942b469491bc2e47e, 2]]
22:41:13.219 [http-nio-8080-exec-9] INFO  c.l.manage.config.ServiceLogAspect - [ID34][deleteMerchantConsumer] web response>>:[{"code":0,"msg":"SUCCESS"}]
22:42:02.020 [Thread-5] INFO  o.s.b.c.e.AnnotationConfigEmbeddedWebApplicationContext - Closing org.springframework.boot.context.embedded.AnnotationConfigEmbeddedWebApplicationContext@22f59fa: startup date [Mon Jun 17 22:15:04 CST 2019]; root of context hierarchy
22:42:02.022 [Thread-5] INFO  o.s.c.s.DefaultLifecycleProcessor - Stopping beans in phase 2147483647
22:42:02.022 [Thread-5] INFO  o.s.c.s.DefaultLifecycleProcessor - Stopping beans in phase 0
22:42:02.023 [Thread-5] INFO  o.s.j.e.a.AnnotationMBeanExporter - Unregistering JMX-exposed beans on shutdown
22:42:02.023 [Thread-5] INFO  o.s.j.e.a.AnnotationMBeanExporter - Unregistering JMX-exposed beans
22:42:02.025 [Thread-5] INFO  o.s.o.j.LocalContainerEntityManagerFactoryBean - Closing JPA EntityManagerFactory for persistence unit 'userPersistenceUnit'
22:42:02.027 [Thread-5] INFO  o.s.o.j.LocalContainerEntityManagerFactoryBean - Closing JPA EntityManagerFactory for persistence unit 'managePersistenceUnit'
22:42:02.031 [Thread-5] INFO  c.alibaba.druid.pool.DruidDataSource - {dataSource-1} closed
