17:08:12.456 [main] INFO  com.lihebin.manage.Application - Starting Application on lihebindeMacBook-Pro.local with PID 49686 (/Users/lihebin/github/merchant-manage-backend/manage-war/target/classes started by lihebin in /Users/lihebin/github/merchant-manage-backend)
17:08:12.470 [main] INFO  com.lihebin.manage.Application - The following profiles are active: test
17:08:12.606 [main] INFO  o.s.b.c.e.AnnotationConfigEmbeddedWebApplicationContext - Refreshing org.springframework.boot.context.embedded.AnnotationConfigEmbeddedWebApplicationContext@22f59fa: startup date [Mon Jun 17 17:08:12 CST 2019]; root of context hierarchy
17:08:13.592 [main] INFO  o.s.d.r.c.RepositoryConfigurationDelegate - Multiple Spring Data modules found, entering strict repository configuration mode!
17:08:13.641 [main] INFO  o.s.b.f.s.DefaultListableBeanFactory - Overriding bean definition for bean 'entityManager' with a different definition: replacing [Root bean: class [null]; scope=; abstract=false; lazyInit=false; autowireMode=3; dependencyCheck=0; autowireCandidate=true; primary=true; factoryBeanName=manageJpaConfig; factoryMethodName=entityManager; initMethodName=null; destroyMethodName=(inferred); defined in class path resource [com/lihebin/manage/config/ManageJpaConfig.class]] with [Root bean: class [null]; scope=; abstract=false; lazyInit=false; autowireMode=3; dependencyCheck=0; autowireCandidate=true; primary=false; factoryBeanName=userJpaConfig; factoryMethodName=entityManager; initMethodName=null; destroyMethodName=(inferred); defined in class path resource [com/lihebin/manage/config/UserJpaConfig.class]]
17:08:13.645 [main] INFO  o.s.d.r.c.RepositoryConfigurationDelegate - Multiple Spring Data modules found, entering strict repository configuration mode!
17:08:13.647 [main] INFO  o.s.b.f.xml.XmlBeanDefinitionReader - Loading XML bean definitions from file [/Users/lihebin/github/merchant-manage-backend/manage-war/target/classes/spring/interceptor-config.xml]
17:08:14.071 [main] INFO  o.s.d.r.c.RepositoryConfigurationDelegate - Multiple Spring Data modules found, entering strict repository configuration mode!
17:08:14.128 [main] INFO  o.s.d.r.c.RepositoryConfigurationExtensionSupport - Spring Data Redis - Could not safely identify store assignment for repository candidate interface com.lihebin.manage.dao.manage.MerchantConsumerDao.
17:08:14.131 [main] INFO  o.s.d.r.c.RepositoryConfigurationExtensionSupport - Spring Data Redis - Could not safely identify store assignment for repository candidate interface com.lihebin.manage.dao.manage.OrderDao.
17:08:14.132 [main] INFO  o.s.d.r.c.RepositoryConfigurationExtensionSupport - Spring Data Redis - Could not safely identify store assignment for repository candidate interface com.lihebin.manage.dao.manage.MerchantUserDao.
17:08:14.132 [main] INFO  o.s.d.r.c.RepositoryConfigurationExtensionSupport - Spring Data Redis - Could not safely identify store assignment for repository candidate interface com.lihebin.manage.dao.manage.MerchantDao.
17:08:14.133 [main] INFO  o.s.d.r.c.RepositoryConfigurationExtensionSupport - Spring Data Redis - Could not safely identify store assignment for repository candidate interface com.lihebin.manage.dao.manage.MerchantConsumerWalletDao.
17:08:14.652 [main] INFO  o.s.c.s.PostProcessorRegistrationDelegate$BeanPostProcessorChecker - Bean 'org.springframework.kafka.annotation.KafkaBootstrapConfiguration' of type [org.springframework.kafka.annotation.KafkaBootstrapConfiguration$$EnhancerBySpringCGLIB$$5bc14a2c] is not eligible for getting processed by all BeanPostProcessors (for example: not eligible for auto-proxying)
17:08:15.974 [main] INFO  o.s.b.c.e.t.TomcatEmbeddedServletContainer - Tomcat initialized with port(s): 8080 (http)
17:08:15.992 [main] INFO  o.a.catalina.core.StandardService - Starting service [Tomcat]
17:08:15.995 [main] INFO  o.a.catalina.core.StandardEngine - Starting Servlet Engine: Apache Tomcat/8.5.23
17:08:16.251 [localhost-startStop-1] INFO  o.a.c.c.C.[Tomcat].[localhost].[/] - Initializing Spring embedded WebApplicationContext
17:08:16.252 [localhost-startStop-1] INFO  o.s.web.context.ContextLoader - Root WebApplicationContext: initialization completed in 3646 ms
17:08:16.622 [localhost-startStop-1] INFO  o.s.b.w.s.FilterRegistrationBean - Mapping filter: 'characterEncodingFilter' to: [/*]
17:08:16.623 [localhost-startStop-1] INFO  o.s.b.w.s.FilterRegistrationBean - Mapping filter: 'corsFilter' to: [/*]
17:08:16.624 [localhost-startStop-1] INFO  o.s.b.w.s.ServletRegistrationBean - Mapping servlet: 'dispatcherServlet' to [/]
17:08:20.939 [main] INFO  c.alibaba.druid.pool.DruidDataSource - {dataSource-1} inited
17:08:20.996 [main] INFO  o.s.o.j.LocalContainerEntityManagerFactoryBean - Building JPA container EntityManagerFactory for persistence unit 'managePersistenceUnit'
17:08:21.023 [main] INFO  o.h.jpa.internal.util.LogHelper - HHH000204: Processing PersistenceUnitInfo [
	name: managePersistenceUnit
	...]
17:08:21.169 [main] INFO  org.hibernate.Version - HHH000412: Hibernate Core {5.0.12.Final}
17:08:21.171 [main] INFO  org.hibernate.cfg.Environment - HHH000206: hibernate.properties not found
17:08:21.173 [main] INFO  org.hibernate.cfg.Environment - HHH000021: Bytecode provider name : javassist
17:08:21.254 [main] INFO  o.h.annotations.common.Version - HCANN000001: Hibernate Commons Annotations {5.0.1.Final}
17:08:21.453 [main] INFO  org.hibernate.dialect.Dialect - HHH000400: Using dialect: org.hibernate.dialect.MySQL5Dialect
17:08:21.740 [main] WARN  o.h.b.i.SessionFactoryBuilderImpl - Unrecognized hbm2ddl_auto value : none.  Supported values include create, create-drop, update, and validate.  Ignoring
17:08:22.203 [main] INFO  o.s.o.j.LocalContainerEntityManagerFactoryBean - Initialized JPA EntityManagerFactory for persistence unit 'managePersistenceUnit'
17:08:22.230 [main] INFO  o.s.o.j.LocalContainerEntityManagerFactoryBean - Building JPA container EntityManagerFactory for persistence unit 'userPersistenceUnit'
17:08:22.230 [main] INFO  o.h.jpa.internal.util.LogHelper - HHH000204: Processing PersistenceUnitInfo [
	name: userPersistenceUnit
	...]
17:08:22.240 [main] INFO  org.hibernate.dialect.Dialect - HHH000400: Using dialect: org.hibernate.dialect.MySQL5Dialect
17:08:22.257 [main] WARN  o.h.b.i.SessionFactoryBuilderImpl - Unrecognized hbm2ddl_auto value : none.  Supported values include create, create-drop, update, and validate.  Ignoring
17:08:22.300 [main] INFO  o.s.o.j.LocalContainerEntityManagerFactoryBean - Initialized JPA EntityManagerFactory for persistence unit 'userPersistenceUnit'
17:08:23.195 [main] INFO  o.s.w.s.m.m.a.RequestMappingHandlerMapping - Mapped "{[/api/merchant/listMerchantCustomerPaging],methods=[GET]}" onto public com.lihebin.manage.bean.Result com.lihebin.manage.web.MerchantController.listMerchantCustomerPaging(java.lang.String,java.lang.String,java.lang.String,int,int)
17:08:23.196 [main] INFO  o.s.w.s.m.m.a.RequestMappingHandlerMapping - Mapped "{[/api/merchant/addMerchant],methods=[POST],produces=[application/json;charset=UTF-8]}" onto public com.lihebin.manage.bean.Result com.lihebin.manage.web.MerchantController.addMerchant(com.lihebin.manage.bean.MerchantNew)
17:08:23.197 [main] INFO  o.s.w.s.m.m.a.RequestMappingHandlerMapping - Mapped "{[/api/merchant/updateMerchant],methods=[POST],produces=[application/json;charset=UTF-8]}" onto public com.lihebin.manage.bean.Result com.lihebin.manage.web.MerchantController.updateMerchant(com.lihebin.manage.bean.MerchantUpdate)
17:08:23.198 [main] INFO  o.s.w.s.m.m.a.RequestMappingHandlerMapping - Mapped "{[/user/api/check],methods=[GET]}" onto public com.lihebin.manage.bean.Result com.lihebin.manage.web.MerchantUserController.checkToken()
17:08:23.199 [main] INFO  o.s.w.s.m.m.a.RequestMappingHandlerMapping - Mapped "{[/user/logout],methods=[GET]}" onto public com.lihebin.manage.bean.Result com.lihebin.manage.web.MerchantUserController.logout(java.lang.String)
17:08:23.199 [main] INFO  o.s.w.s.m.m.a.RequestMappingHandlerMapping - Mapped "{[/user/login],methods=[POST],produces=[application/json;charset=UTF-8]}" onto public com.lihebin.manage.bean.Result com.lihebin.manage.web.MerchantUserController.login(com.lihebin.manage.bean.Login)
17:08:23.205 [main] INFO  o.s.w.s.m.m.a.RequestMappingHandlerMapping - Mapped "{[/error]}" onto public org.springframework.http.ResponseEntity<java.util.Map<java.lang.String, java.lang.Object>> org.springframework.boot.autoconfigure.web.BasicErrorController.error(javax.servlet.http.HttpServletRequest)
17:08:23.206 [main] INFO  o.s.w.s.m.m.a.RequestMappingHandlerMapping - Mapped "{[/error],produces=[text/html]}" onto public org.springframework.web.servlet.ModelAndView org.springframework.boot.autoconfigure.web.BasicErrorController.errorHtml(javax.servlet.http.HttpServletRequest,javax.servlet.http.HttpServletResponse)
17:08:23.336 [main] INFO  o.s.w.s.m.m.a.RequestMappingHandlerAdapter - Looking for @ControllerAdvice: org.springframework.boot.context.embedded.AnnotationConfigEmbeddedWebApplicationContext@22f59fa: startup date [Mon Jun 17 17:08:12 CST 2019]; root of context hierarchy
17:08:23.442 [main] INFO  o.s.w.s.m.m.a.ExceptionHandlerExceptionResolver - Detected @ExceptionHandler methods in exceptionHandle
17:08:24.749 [main] INFO  o.s.j.e.a.AnnotationMBeanExporter - Registering beans for JMX exposure on startup
17:08:24.750 [main] INFO  o.s.j.e.a.AnnotationMBeanExporter - Bean with name 'userDataSource' has been autodetected for JMX exposure
17:08:24.751 [main] INFO  o.s.j.e.a.AnnotationMBeanExporter - Bean with name 'manageDataSource' has been autodetected for JMX exposure
17:08:24.759 [main] INFO  o.s.j.e.a.AnnotationMBeanExporter - Located MBean 'userDataSource': registering with JMX server as MBean [com.alibaba.druid.pool:name=userDataSource,type=DruidDataSource]
17:08:24.760 [main] INFO  o.s.j.e.a.AnnotationMBeanExporter - Located MBean 'manageDataSource': registering with JMX server as MBean [com.alibaba.druid.pool:name=manageDataSource,type=DruidDataSource]
17:08:24.772 [main] INFO  o.s.c.s.DefaultLifecycleProcessor - Starting beans in phase 2147483647
17:08:24.866 [main] INFO  o.s.b.c.e.t.TomcatEmbeddedServletContainer - Tomcat started on port(s): 8080 (http)
17:08:24.873 [main] INFO  com.lihebin.manage.Application - Started Application in 12.884 seconds (JVM running for 13.762)
17:29:54.780 [http-nio-8080-exec-1] INFO  o.a.c.c.C.[Tomcat].[localhost].[/] - Initializing Spring FrameworkServlet 'dispatcherServlet'
17:29:54.781 [http-nio-8080-exec-1] INFO  o.s.web.servlet.DispatcherServlet - FrameworkServlet 'dispatcherServlet': initialization started
17:29:54.819 [http-nio-8080-exec-1] INFO  o.s.web.servlet.DispatcherServlet - FrameworkServlet 'dispatcherServlet': initialization completed in 38 ms
17:29:54.888 [http-nio-8080-exec-2] INFO  c.l.manage.config.TokenInterceptor - TokenInterceptor:4c17f60624b6fdaead5811dba228264b
17:30:08.098 [http-nio-8080-exec-4] INFO  c.l.manage.config.ServiceLogAspect - [ID30][login] web request>>:[[com.lihebin.manage.bean.Login@11492771]]
17:30:08.130 [http-nio-8080-exec-4] INFO  o.h.h.i.QueryTranslatorFactoryInitiator - HHH000397: Using ASTQueryTranslatorFactory
17:30:09.541 [http-nio-8080-exec-4] INFO  c.l.manage.config.ServiceLogAspect - [ID30][login] web response>>:[{"code":0,"data":{"merchantId":1,"token":"a62668337b5f3ca04bf922c1078ce559","type":1},"msg":"SUCCESS"}]
17:30:09.568 [http-nio-8080-exec-6] INFO  c.l.manage.config.TokenInterceptor - TokenInterceptor:a62668337b5f3ca04bf922c1078ce559
17:30:09.806 [http-nio-8080-exec-6] INFO  c.l.manage.config.ServiceLogAspect - [ID32][checkToken] web request>>:[[]]
17:30:09.807 [http-nio-8080-exec-6] INFO  c.l.manage.config.ServiceLogAspect - [ID32][checkToken] web response>>:[{"code":0,"msg":"SUCCESS"}]
17:30:12.556 [http-nio-8080-exec-7] INFO  c.l.manage.config.TokenInterceptor - TokenInterceptor:a62668337b5f3ca04bf922c1078ce559
17:30:12.737 [http-nio-8080-exec-7] INFO  c.l.manage.config.ServiceLogAspect - [ID33][checkToken] web request>>:[[]]
17:30:12.738 [http-nio-8080-exec-7] INFO  c.l.manage.config.ServiceLogAspect - [ID33][checkToken] web response>>:[{"code":0,"msg":"SUCCESS"}]
17:30:13.122 [http-nio-8080-exec-9] INFO  c.l.manage.config.TokenInterceptor - TokenInterceptor:a62668337b5f3ca04bf922c1078ce559
17:30:13.382 [http-nio-8080-exec-9] INFO  c.l.manage.config.ServiceLogAspect - [ID35][listMerchantCustomerPaging] web request>>:[[a62668337b5f3ca04bf922c1078ce559, null, null, 0, 10]]
17:30:14.009 [http-nio-8080-exec-9] INFO  c.l.manage.config.ServiceLogAspect - [ID35][listMerchantCustomerPaging] web response>>:[{"code":0,"data":{"content":[],"first":true,"last":true,"number":0,"numberOfElements":0,"size":0,"totalElements":0,"totalPages":1},"msg":"SUCCESS"}]
17:34:15.488 [http-nio-8080-exec-2] INFO  c.l.manage.config.TokenInterceptor - TokenInterceptor:a62668337b5f3ca04bf922c1078ce559
17:34:15.767 [http-nio-8080-exec-2] INFO  c.l.manage.config.ServiceLogAspect - [ID28][listMerchantCustomerPaging] web request>>:[[a62668337b5f3ca04bf922c1078ce559, null, null, 0, 10]]
17:34:16.388 [http-nio-8080-exec-2] INFO  c.l.manage.config.ServiceLogAspect - [ID28][listMerchantCustomerPaging] web response>>:[{"code":0,"data":{"content":[],"first":true,"last":true,"number":0,"numberOfElements":0,"size":0,"totalElements":0,"totalPages":1},"msg":"SUCCESS"}]
17:37:30.697 [http-nio-8080-exec-5] INFO  c.l.manage.config.TokenInterceptor - TokenInterceptor:a62668337b5f3ca04bf922c1078ce559
17:37:30.984 [http-nio-8080-exec-5] INFO  c.l.manage.config.ServiceLogAspect - [ID31][listMerchantCustomerPaging] web request>>:[[a62668337b5f3ca04bf922c1078ce559, null, null, 0, 10]]
17:37:31.754 [http-nio-8080-exec-5] INFO  c.l.manage.config.ServiceLogAspect - [ID31][listMerchantCustomerPaging] web response>>:[{"code":0,"data":{"content":[],"first":true,"last":true,"number":0,"numberOfElements":0,"size":0,"totalElements":0,"totalPages":1},"msg":"SUCCESS"}]
17:39:20.512 [http-nio-8080-exec-8] INFO  c.l.manage.config.TokenInterceptor - TokenInterceptor:a62668337b5f3ca04bf922c1078ce559
17:39:20.802 [http-nio-8080-exec-8] INFO  c.l.manage.config.ServiceLogAspect - [ID34][listMerchantCustomerPaging] web request>>:[[a62668337b5f3ca04bf922c1078ce559, null, null, 0, 10]]
17:39:21.841 [http-nio-8080-exec-8] INFO  c.l.manage.config.ServiceLogAspect - [ID34][listMerchantCustomerPaging] web response>>:[{"code":0,"data":{"content":[],"first":true,"last":true,"number":0,"numberOfElements":0,"size":0,"totalElements":0,"totalPages":1},"msg":"SUCCESS"}]
17:43:08.021 [http-nio-8080-exec-1] INFO  c.l.manage.config.TokenInterceptor - TokenInterceptor:a62668337b5f3ca04bf922c1078ce559
17:43:08.285 [http-nio-8080-exec-1] INFO  c.l.manage.config.ServiceLogAspect - [ID27][checkToken] web request>>:[[]]
17:43:08.285 [http-nio-8080-exec-1] INFO  c.l.manage.config.ServiceLogAspect - [ID27][checkToken] web response>>:[{"code":0,"msg":"SUCCESS"}]
17:43:08.464 [http-nio-8080-exec-3] INFO  c.l.manage.config.TokenInterceptor - TokenInterceptor:a62668337b5f3ca04bf922c1078ce559
17:43:08.624 [http-nio-8080-exec-3] INFO  c.l.manage.config.ServiceLogAspect - [ID29][listMerchantCustomerPaging] web request>>:[[a62668337b5f3ca04bf922c1078ce559, null, null, 0, 10]]
17:43:09.240 [http-nio-8080-exec-3] INFO  c.l.manage.config.ServiceLogAspect - [ID29][listMerchantCustomerPaging] web response>>:[{"code":0,"data":{"content":[{"consumerCellphone":"18301900685","consumerEmail":"include_lihebin@163.com","consumerName":"test","consumerSn":"1","consumerWechat":"18301900685","id":1,"merchantId":1}],"first":true,"last":true,"number":0,"numberOfElements":1,"size":0,"totalElements":1,"totalPages":1},"msg":"SUCCESS"}]
17:49:04.013 [http-nio-8080-exec-6] INFO  c.l.manage.config.TokenInterceptor - TokenInterceptor:a62668337b5f3ca04bf922c1078ce559
17:49:04.293 [http-nio-8080-exec-6] INFO  c.l.manage.config.ServiceLogAspect - [ID32][listMerchantCustomerPaging] web request>>:[[a62668337b5f3ca04bf922c1078ce559, null, null, 0, 10]]
17:49:04.974 [http-nio-8080-exec-6] INFO  c.l.manage.config.ServiceLogAspect - [ID32][listMerchantCustomerPaging] web response>>:[{"code":0,"data":{"content":[{"consumerCellphone":"18301900685","consumerEmail":"include_lihebin@163.com","consumerName":"test","consumerSn":"1","consumerWechat":"18301900685","id":1,"merchantId":1}],"first":true,"last":true,"number":0,"numberOfElements":1,"size":0,"totalElements":1,"totalPages":1},"msg":"SUCCESS"}]
17:50:51.425 [http-nio-8080-exec-9] INFO  c.l.manage.config.TokenInterceptor - TokenInterceptor:a62668337b5f3ca04bf922c1078ce559
17:50:51.723 [http-nio-8080-exec-9] INFO  c.l.manage.config.ServiceLogAspect - [ID35][listMerchantCustomerPaging] web request>>:[[a62668337b5f3ca04bf922c1078ce559, null, null, 0, 10]]
17:50:52.693 [http-nio-8080-exec-9] INFO  c.l.manage.config.ServiceLogAspect - [ID35][listMerchantCustomerPaging] web response>>:[{"code":0,"data":{"content":[{"consumerCellphone":"18301900685","consumerEmail":"include_lihebin@163.com","consumerName":"test","consumerSn":"1","consumerWechat":"18301900685","id":1,"merchantId":1}],"first":true,"last":true,"number":0,"numberOfElements":1,"size":0,"totalElements":1,"totalPages":1},"msg":"SUCCESS"}]
