15:22:00.772 [http-nio-8080-exec-6] INFO  c.l.manage.config.TokenInterceptor - TokenInterceptor:7921938c122d6db7fe7e5eb7b6cee547
15:26:06.974 [http-nio-8080-exec-9] INFO  c.l.manage.config.TokenInterceptor - TokenInterceptor:7921938c122d6db7fe7e5eb7b6cee547
15:31:28.138 [http-nio-8080-exec-2] INFO  c.l.manage.config.TokenInterceptor - TokenInterceptor:7921938c122d6db7fe7e5eb7b6cee547
15:36:18.857 [http-nio-8080-exec-5] INFO  c.l.manage.config.TokenInterceptor - TokenInterceptor:7921938c122d6db7fe7e5eb7b6cee547
15:44:01.638 [http-nio-8080-exec-8] INFO  c.l.manage.config.TokenInterceptor - TokenInterceptor:7921938c122d6db7fe7e5eb7b6cee547
15:44:02.258 [http-nio-8080-exec-1] INFO  c.l.manage.config.TokenInterceptor - TokenInterceptor:7921938c122d6db7fe7e5eb7b6cee547
15:44:12.088 [http-nio-8080-exec-2] INFO  c.l.manage.config.ServiceLogAspect - [ID27][login] web request>>:[[com.lihebin.manage.bean.Login@4b71ec3d]]
15:44:12.976 [http-nio-8080-exec-2] INFO  c.l.manage.config.ServiceLogAspect - [ID27][login] web response>>:[{"code":0,"data":{"merchantId":1,"token":"792c7f4b0c55cf37044cf19d91f0d445","type":1},"msg":"SUCCESS"}]
15:44:13.007 [http-nio-8080-exec-3] INFO  c.l.manage.config.TokenInterceptor - TokenInterceptor:792c7f4b0c55cf37044cf19d91f0d445
15:44:13.167 [http-nio-8080-exec-3] INFO  c.l.manage.config.ServiceLogAspect - [ID28][checkToken] web request>>:[[]]
15:44:13.168 [http-nio-8080-exec-3] INFO  c.l.manage.config.ServiceLogAspect - [ID28][checkToken] web response>>:[{"code":0,"msg":"SUCCESS"}]
15:44:14.849 [http-nio-8080-exec-5] INFO  c.l.manage.config.TokenInterceptor - TokenInterceptor:792c7f4b0c55cf37044cf19d91f0d445
15:44:15.014 [http-nio-8080-exec-5] INFO  c.l.manage.config.ServiceLogAspect - [ID30][checkToken] web request>>:[[]]
15:44:15.015 [http-nio-8080-exec-5] INFO  c.l.manage.config.ServiceLogAspect - [ID30][checkToken] web response>>:[{"code":0,"msg":"SUCCESS"}]
15:44:15.426 [http-nio-8080-exec-7] INFO  c.l.manage.config.TokenInterceptor - TokenInterceptor:792c7f4b0c55cf37044cf19d91f0d445
15:44:15.592 [http-nio-8080-exec-7] INFO  c.l.manage.config.ServiceLogAspect - [ID32][listMerchantConsumerPaging] web request>>:[[792c7f4b0c55cf37044cf19d91f0d445, null, null, 0, 10]]
15:44:16.131 [http-nio-8080-exec-7] INFO  c.l.manage.config.ServiceLogAspect - [ID32][listMerchantConsumerPaging] web response>>:[{"code":0,"data":{"content":[{"consumerCellphone":"21321233","consumerEmail":"231231","consumerName":"test","consumerSn":"3","consumerWechat":"213312","id":3,"merchantId":1}],"first":true,"last":true,"number":0,"numberOfElements":1,"size":0,"totalElements":1,"totalPages":1},"msg":"SUCCESS"}]
15:44:17.575 [http-nio-8080-exec-8] INFO  c.l.manage.config.TokenInterceptor - TokenInterceptor:792c7f4b0c55cf37044cf19d91f0d445
15:44:17.735 [http-nio-8080-exec-8] INFO  c.l.manage.config.ServiceLogAspect - [ID33][checkToken] web request>>:[[]]
15:44:17.736 [http-nio-8080-exec-8] INFO  c.l.manage.config.ServiceLogAspect - [ID33][checkToken] web response>>:[{"code":0,"msg":"SUCCESS"}]
15:44:18.081 [http-nio-8080-exec-1] INFO  c.l.manage.config.TokenInterceptor - TokenInterceptor:792c7f4b0c55cf37044cf19d91f0d445
15:44:18.250 [http-nio-8080-exec-1] INFO  c.l.manage.config.ServiceLogAspect - [ID26][getMerchantConsumerWallet] web request>>:[[792c7f4b0c55cf37044cf19d91f0d445, 3]]
15:44:18.884 [http-nio-8080-exec-1] INFO  c.l.manage.config.ServiceLogAspect - [ID26][getMerchantConsumerWallet] web response>>:[{"code":0,"data":{"balance":10,"consumerId":3,"id":1,"merchantId":1},"msg":"SUCCESS"}]
15:51:12.656 [http-nio-8080-exec-4] INFO  c.l.manage.config.TokenInterceptor - TokenInterceptor:792c7f4b0c55cf37044cf19d91f0d445
15:51:12.920 [http-nio-8080-exec-4] INFO  c.l.manage.config.ServiceLogAspect - [ID29][getMerchantConsumerWallet] web request>>:[[792c7f4b0c55cf37044cf19d91f0d445, 3]]
15:51:13.559 [http-nio-8080-exec-4] INFO  c.l.manage.config.ServiceLogAspect - [ID29][getMerchantConsumerWallet] web response>>:[{"code":0,"data":{"balance":10,"consumerId":3,"id":1,"merchantId":1},"msg":"SUCCESS"}]
15:54:21.983 [http-nio-8080-exec-7] INFO  c.l.manage.config.TokenInterceptor - TokenInterceptor:792c7f4b0c55cf37044cf19d91f0d445
15:54:22.242 [http-nio-8080-exec-7] INFO  c.l.manage.config.ServiceLogAspect - [ID32][getMerchantConsumerWallet] web request>>:[[792c7f4b0c55cf37044cf19d91f0d445, 3]]
15:54:22.878 [http-nio-8080-exec-7] INFO  c.l.manage.config.ServiceLogAspect - [ID32][getMerchantConsumerWallet] web response>>:[{"code":0,"data":{"balance":10,"consumerId":3,"id":1,"merchantId":1},"msg":"SUCCESS"}]
15:54:22.881 [http-nio-8080-exec-8] INFO  c.l.manage.config.TokenInterceptor - TokenInterceptor:792c7f4b0c55cf37044cf19d91f0d445
15:54:23.039 [http-nio-8080-exec-8] INFO  c.l.manage.config.ServiceLogAspect - [ID33][getMerchantConsumerWallet] web request>>:[[792c7f4b0c55cf37044cf19d91f0d445, 3]]
15:54:23.888 [http-nio-8080-exec-8] INFO  c.l.manage.config.ServiceLogAspect - [ID33][getMerchantConsumerWallet] web response>>:[{"code":0,"data":{"balance":10,"consumerId":3,"id":1,"merchantId":1},"msg":"SUCCESS"}]
15:57:23.133 [http-nio-8080-exec-2] INFO  c.l.manage.config.TokenInterceptor - TokenInterceptor:792c7f4b0c55cf37044cf19d91f0d445
15:57:23.403 [http-nio-8080-exec-2] INFO  c.l.manage.config.ServiceLogAspect - [ID27][getMerchantConsumerWallet] web request>>:[[792c7f4b0c55cf37044cf19d91f0d445, 3]]
15:57:24.043 [http-nio-8080-exec-2] INFO  c.l.manage.config.ServiceLogAspect - [ID27][getMerchantConsumerWallet] web response>>:[{"code":0,"data":{"balance":10,"consumerId":3,"id":1,"merchantId":1},"msg":"SUCCESS"}]
15:59:56.542 [http-nio-8080-exec-6] INFO  c.l.manage.config.TokenInterceptor - TokenInterceptor:792c7f4b0c55cf37044cf19d91f0d445
15:59:56.817 [http-nio-8080-exec-6] INFO  c.l.manage.config.ServiceLogAspect - [ID31][getMerchantConsumerWallet] web request>>:[[792c7f4b0c55cf37044cf19d91f0d445, 3]]
15:59:57.481 [http-nio-8080-exec-6] INFO  c.l.manage.config.ServiceLogAspect - [ID31][getMerchantConsumerWallet] web response>>:[{"code":0,"data":{"balance":10,"consumerId":3,"id":1,"merchantId":1},"msg":"SUCCESS"}]
