16:07:49.091 [http-nio-8080-exec-8] INFO  c.l.manage.config.TokenInterceptor - TokenInterceptor:792c7f4b0c55cf37044cf19d91f0d445
16:07:49.406 [http-nio-8080-exec-8] INFO  c.l.manage.config.ServiceLogAspect - [ID33][getMerchantConsumerWallet] web request>>:[[792c7f4b0c55cf37044cf19d91f0d445, 3]]
16:07:50.053 [http-nio-8080-exec-8] INFO  c.l.manage.config.ServiceLogAspect - [ID33][getMerchantConsumerWallet] web response>>:[{"code":0,"data":{"balance":10,"consumerId":3,"id":1,"merchantId":1},"msg":"SUCCESS"}]
16:13:48.477 [http-nio-8080-exec-10] INFO  c.l.manage.config.TokenInterceptor - TokenInterceptor:792c7f4b0c55cf37044cf19d91f0d445
16:13:48.780 [http-nio-8080-exec-10] INFO  c.l.manage.config.ServiceLogAspect - [ID35][checkToken] web request>>:[[]]
16:13:48.780 [http-nio-8080-exec-10] INFO  c.l.manage.config.ServiceLogAspect - [ID35][checkToken] web response>>:[{"code":0,"msg":"SUCCESS"}]
16:13:49.117 [http-nio-8080-exec-4] INFO  c.l.manage.config.TokenInterceptor - TokenInterceptor:792c7f4b0c55cf37044cf19d91f0d445
16:13:49.297 [http-nio-8080-exec-4] INFO  c.l.manage.config.ServiceLogAspect - [ID29][listMerchantConsumerPaging] web request>>:[[792c7f4b0c55cf37044cf19d91f0d445, null, null, 0, 10]]
16:13:51.146 [http-nio-8080-exec-4] INFO  c.l.manage.config.ServiceLogAspect - [ID29][listMerchantConsumerPaging] web response>>:[{"code":0,"data":{"content":[{"consumerCellphone":"21321233","consumerEmail":"231231","consumerName":"test","consumerSn":"3","consumerWechat":"213312","id":3,"merchantId":1}],"first":true,"last":true,"number":0,"numberOfElements":1,"size":0,"totalElements":1,"totalPages":1},"msg":"SUCCESS"}]
16:21:34.353 [http-nio-8080-exec-5] INFO  c.l.manage.config.TokenInterceptor - TokenInterceptor:792c7f4b0c55cf37044cf19d91f0d445
16:21:34.847 [http-nio-8080-exec-5] INFO  c.l.manage.config.ServiceLogAspect - [ID30][listMerchantConsumerPaging] web request>>:[[792c7f4b0c55cf37044cf19d91f0d445, null, null, 0, 10]]
16:21:35.428 [http-nio-8080-exec-5] INFO  c.l.manage.config.ServiceLogAspect - [ID30][listMerchantConsumerPaging] web response>>:[{"code":0,"data":{"content":[{"consumerCellphone":"21321233","consumerEmail":"231231","consumerName":"test","consumerSn":"3","consumerWechat":"213312","id":3,"merchantId":1}],"first":true,"last":true,"number":0,"numberOfElements":1,"size":0,"totalElements":1,"totalPages":1},"msg":"SUCCESS"}]
16:27:07.276 [http-nio-8080-exec-9] INFO  c.l.manage.config.TokenInterceptor - TokenInterceptor:792c7f4b0c55cf37044cf19d91f0d445
16:27:07.541 [http-nio-8080-exec-9] INFO  c.l.manage.config.ServiceLogAspect - [ID34][checkToken] web request>>:[[]]
16:27:07.542 [http-nio-8080-exec-9] INFO  c.l.manage.config.ServiceLogAspect - [ID34][checkToken] web response>>:[{"code":0,"msg":"SUCCESS"}]
16:27:07.698 [http-nio-8080-exec-10] INFO  c.l.manage.config.TokenInterceptor - TokenInterceptor:792c7f4b0c55cf37044cf19d91f0d445
16:27:07.862 [http-nio-8080-exec-10] INFO  c.l.manage.config.ServiceLogAspect - [ID35][listMerchantConsumerPaging] web request>>:[[792c7f4b0c55cf37044cf19d91f0d445, null, null, 0, 10]]
16:27:08.447 [http-nio-8080-exec-10] INFO  c.l.manage.config.ServiceLogAspect - [ID35][listMerchantConsumerPaging] web response>>:[{"code":0,"data":{"content":[{"consumerCellphone":"21321233","consumerEmail":"231231","consumerName":"test","consumerSn":"3","consumerWechat":"213312","id":3,"merchantId":1}],"first":true,"last":true,"number":0,"numberOfElements":1,"size":0,"totalElements":1,"totalPages":1},"msg":"SUCCESS"}]
16:28:23.365 [http-nio-8080-exec-3] INFO  c.l.manage.config.TokenInterceptor - TokenInterceptor:792c7f4b0c55cf37044cf19d91f0d445
16:28:23.530 [http-nio-8080-exec-3] INFO  c.l.manage.config.ServiceLogAspect - [ID28][listMerchantConsumerPaging] web request>>:[[792c7f4b0c55cf37044cf19d91f0d445, null, null, 0, 10]]
16:28:24.168 [http-nio-8080-exec-3] INFO  c.l.manage.config.ServiceLogAspect - [ID28][listMerchantConsumerPaging] web response>>:[{"code":0,"data":{"content":[{"consumerCellphone":"21321233","consumerEmail":"231231","consumerName":"test","consumerSn":"3","consumerWechat":"213312","id":3,"merchantId":1}],"first":true,"last":true,"number":0,"numberOfElements":1,"size":0,"totalElements":1,"totalPages":1},"msg":"SUCCESS"}]
16:29:21.009 [http-nio-8080-exec-5] INFO  c.l.manage.config.TokenInterceptor - TokenInterceptor:792c7f4b0c55cf37044cf19d91f0d445
16:29:21.210 [http-nio-8080-exec-5] INFO  c.l.manage.config.ServiceLogAspect - [ID30][checkToken] web request>>:[[]]
16:29:21.213 [http-nio-8080-exec-5] INFO  c.l.manage.config.ServiceLogAspect - [ID30][checkToken] web response>>:[{"code":0,"msg":"SUCCESS"}]
16:29:21.389 [http-nio-8080-exec-8] INFO  c.l.manage.config.TokenInterceptor - TokenInterceptor:792c7f4b0c55cf37044cf19d91f0d445
16:29:21.556 [http-nio-8080-exec-8] INFO  c.l.manage.config.ServiceLogAspect - [ID33][listMerchantConsumerPaging] web request>>:[[792c7f4b0c55cf37044cf19d91f0d445, null, null, 0, 10]]
16:29:22.107 [http-nio-8080-exec-8] INFO  c.l.manage.config.ServiceLogAspect - [ID33][listMerchantConsumerPaging] web response>>:[{"code":0,"data":{"content":[{"consumerCellphone":"21321233","consumerEmail":"231231","consumerName":"test","consumerSn":"3","consumerWechat":"213312","id":3,"merchantId":1}],"first":true,"last":true,"number":0,"numberOfElements":1,"size":0,"totalElements":1,"totalPages":1},"msg":"SUCCESS"}]
16:30:43.499 [http-nio-8080-exec-10] INFO  c.l.manage.config.TokenInterceptor - TokenInterceptor:792c7f4b0c55cf37044cf19d91f0d445
16:30:43.767 [http-nio-8080-exec-10] INFO  c.l.manage.config.ServiceLogAspect - [ID35][checkToken] web request>>:[[]]
16:30:43.767 [http-nio-8080-exec-10] INFO  c.l.manage.config.ServiceLogAspect - [ID35][checkToken] web response>>:[{"code":0,"msg":"SUCCESS"}]
16:30:43.924 [http-nio-8080-exec-4] INFO  c.l.manage.config.TokenInterceptor - TokenInterceptor:792c7f4b0c55cf37044cf19d91f0d445
16:30:44.085 [http-nio-8080-exec-4] INFO  c.l.manage.config.ServiceLogAspect - [ID29][listMerchantConsumerPaging] web request>>:[[792c7f4b0c55cf37044cf19d91f0d445, null, null, 0, 10]]
16:30:44.687 [http-nio-8080-exec-4] INFO  c.l.manage.config.ServiceLogAspect - [ID29][listMerchantConsumerPaging] web response>>:[{"code":0,"data":{"content":[{"consumerCellphone":"21321233","consumerEmail":"231231","consumerName":"test","consumerSn":"3","consumerWechat":"213312","id":3,"merchantId":1}],"first":true,"last":true,"number":0,"numberOfElements":1,"size":0,"totalElements":1,"totalPages":1},"msg":"SUCCESS"}]
16:31:42.076 [http-nio-8080-exec-6] INFO  c.l.manage.config.TokenInterceptor - TokenInterceptor:792c7f4b0c55cf37044cf19d91f0d445
16:31:42.240 [http-nio-8080-exec-6] INFO  c.l.manage.config.ServiceLogAspect - [ID31][listMerchantConsumerPaging] web request>>:[[792c7f4b0c55cf37044cf19d91f0d445, null, null, 0, 10]]
16:31:42.794 [http-nio-8080-exec-6] INFO  c.l.manage.config.ServiceLogAspect - [ID31][listMerchantConsumerPaging] web response>>:[{"code":0,"data":{"content":[{"consumerCellphone":"21321233","consumerEmail":"231231","consumerName":"test","consumerSn":"3","consumerWechat":"213312","id":3,"merchantId":1}],"first":true,"last":true,"number":0,"numberOfElements":1,"size":0,"totalElements":1,"totalPages":1},"msg":"SUCCESS"}]
16:32:06.063 [http-nio-8080-exec-7] INFO  c.l.manage.config.TokenInterceptor - TokenInterceptor:792c7f4b0c55cf37044cf19d91f0d445
16:32:06.223 [http-nio-8080-exec-7] INFO  c.l.manage.config.ServiceLogAspect - [ID32][checkToken] web request>>:[[]]
16:32:06.223 [http-nio-8080-exec-7] INFO  c.l.manage.config.ServiceLogAspect - [ID32][checkToken] web response>>:[{"code":0,"msg":"SUCCESS"}]
16:32:06.393 [http-nio-8080-exec-9] INFO  c.l.manage.config.TokenInterceptor - TokenInterceptor:792c7f4b0c55cf37044cf19d91f0d445
16:32:06.561 [http-nio-8080-exec-9] INFO  c.l.manage.config.ServiceLogAspect - [ID34][listMerchantConsumerPaging] web request>>:[[792c7f4b0c55cf37044cf19d91f0d445, null, null, 0, 10]]
16:32:07.184 [http-nio-8080-exec-9] INFO  c.l.manage.config.ServiceLogAspect - [ID34][listMerchantConsumerPaging] web response>>:[{"code":0,"data":{"content":[{"consumerCellphone":"21321233","consumerEmail":"231231","consumerName":"test","consumerSn":"3","consumerWechat":"213312","id":3,"merchantId":1}],"first":true,"last":true,"number":0,"numberOfElements":1,"size":0,"totalElements":1,"totalPages":1},"msg":"SUCCESS"}]
16:35:09.972 [http-nio-8080-exec-2] INFO  c.l.manage.config.TokenInterceptor - TokenInterceptor:792c7f4b0c55cf37044cf19d91f0d445
16:35:10.245 [http-nio-8080-exec-2] INFO  c.l.manage.config.ServiceLogAspect - [ID27][checkToken] web request>>:[[]]
16:35:10.245 [http-nio-8080-exec-2] INFO  c.l.manage.config.ServiceLogAspect - [ID27][checkToken] web response>>:[{"code":0,"msg":"SUCCESS"}]
16:35:10.601 [http-nio-8080-exec-3] INFO  c.l.manage.config.TokenInterceptor - TokenInterceptor:792c7f4b0c55cf37044cf19d91f0d445
16:35:10.760 [http-nio-8080-exec-3] INFO  c.l.manage.config.ServiceLogAspect - [ID28][getMerchantConsumerWallet] web request>>:[[792c7f4b0c55cf37044cf19d91f0d445, 3]]
16:35:11.409 [http-nio-8080-exec-3] INFO  c.l.manage.config.ServiceLogAspect - [ID28][getMerchantConsumerWallet] web response>>:[{"code":0,"data":{"balance":10,"consumerId":3,"id":1,"merchantId":1},"msg":"SUCCESS"}]
16:35:14.647 [http-nio-8080-exec-6] INFO  c.l.manage.config.TokenInterceptor - TokenInterceptor:792c7f4b0c55cf37044cf19d91f0d445
16:35:14.808 [http-nio-8080-exec-6] INFO  c.l.manage.config.ServiceLogAspect - [ID31][checkToken] web request>>:[[]]
16:35:14.809 [http-nio-8080-exec-6] INFO  c.l.manage.config.ServiceLogAspect - [ID31][checkToken] web response>>:[{"code":0,"msg":"SUCCESS"}]
16:35:15.137 [http-nio-8080-exec-7] INFO  c.l.manage.config.TokenInterceptor - TokenInterceptor:792c7f4b0c55cf37044cf19d91f0d445
16:35:15.296 [http-nio-8080-exec-7] INFO  c.l.manage.config.ServiceLogAspect - [ID32][listMerchantConsumerPaging] web request>>:[[792c7f4b0c55cf37044cf19d91f0d445, null, null, 0, 10]]
16:35:15.836 [http-nio-8080-exec-7] INFO  c.l.manage.config.ServiceLogAspect - [ID32][listMerchantConsumerPaging] web response>>:[{"code":0,"data":{"content":[{"consumerCellphone":"21321233","consumerEmail":"231231","consumerName":"test","consumerSn":"3","consumerWechat":"213312","id":3,"merchantId":1}],"first":true,"last":true,"number":0,"numberOfElements":1,"size":0,"totalElements":1,"totalPages":1},"msg":"SUCCESS"}]
